21:56:36| ****************************************
21:56:36| Part 2
21:56:36| 
21:56:36| File: ./mazes/very-small.bmp
21:56:36| Number of drawing commands = 80
21:56:36| Number of threads created  = 4
21:56:40| 
21:56:40| File: ./mazes/very-small-loops.bmp
21:56:40| Number of drawing commands = 322
21:56:40| Number of threads created  = 12
21:56:48| 
21:56:48| File: ./mazes/small.bmp
21:56:48| Number of drawing commands = 1726
21:56:48| Number of threads created  = 36
21:56:52| 
21:56:52| File: ./mazes/small-loops.bmp
21:56:52| Number of drawing commands = 2020
21:56:52| Number of threads created  = 62
21:57:10| 
21:57:10| File: ./mazes/small-odd.bmp
21:57:10| Number of drawing commands = 2208
21:57:10| Number of threads created  = 316
21:57:11| 
21:57:11| File: ./mazes/small-open.bmp
21:57:11| Number of drawing commands = 2462
21:57:11| Number of threads created  = 663
21:57:12| 
21:57:12| File: ./mazes/large.bmp
21:57:12| Number of drawing commands = 31170
21:57:12| Number of threads created  = 713
21:57:13| 
21:57:13| File: ./mazes/large-loops.bmp
21:57:13| Number of drawing commands = 31754
21:57:13| Number of threads created  = 993
21:57:14| 
21:57:14| File: ./mazes/large-squares.bmp
21:57:14| Number of drawing commands = 32756
21:57:14| Number of threads created  = 1392
21:57:15| 
21:57:15| File: ./mazes/large-open.bmp
21:57:16| Number of drawing commands = 7277
21:57:16| Number of threads created  = 1252
21:57:16| ****************************************
