20:14:55| ****************************************
20:14:55| Part 1
20:14:55| 
20:14:55| File: ./mazes/very-small.bmp
20:14:55| Drawing commands to solve = 86
20:14:57| Found path has length     = 11
20:14:57| 
20:14:57| File: ./mazes/very-small-loops.bmp
20:14:57| Drawing commands to solve = 298
20:14:59| Found path has length     = 39
20:14:59| 
20:14:59| File: ./mazes/small.bmp
20:14:59| Drawing commands to solve = 2382
20:15:02| Found path has length     = 79
20:15:02| 
20:15:02| File: ./mazes/small-loops.bmp
20:15:02| Drawing commands to solve = 1706
20:15:04| Found path has length     = 235
20:15:04| 
20:15:04| File: ./mazes/small-odd.bmp
20:15:05| Drawing commands to solve = 2268
20:15:09| Found path has length     = 85
20:15:09| 
20:15:09| File: ./mazes/small-open.bmp
20:15:09| Drawing commands to solve = 3670
20:15:17| Found path has length     = 317
20:15:17| 
20:15:17| File: ./mazes/large.bmp
20:15:17| Drawing commands to solve = 38134
20:15:21| Found path has length     = 1299
20:15:21| 
20:15:21| File: ./mazes/large-loops.bmp
20:15:21| Drawing commands to solve = 22114
20:15:40| Found path has length     = 839
20:15:40| ****************************************
