17:15:46| 242 cars have been created. = 2.63758606
17:15:46| Factories      : 1
17:15:46| Dealerships    : 1
17:15:46| Run Time       : 2.6376
17:15:46| Max queue size : 5
17:15:46| Factory Stats  : Made = 242 @ [242]
17:15:46| Dealer Stats   : Sold = 242 @ [242]
17:15:46| 
17:15:48| 238 cars have been created. = 2.45208874
17:15:48| Factories      : 1
17:15:48| Dealerships    : 2
17:15:48| Run Time       : 2.4521
17:15:48| Max queue size : 3
17:15:48| Factory Stats  : Made = 238 @ [238]
17:15:48| Dealer Stats   : Sold = 238 @ [117, 121]
17:15:48| 
17:15:54| 569 cars have been created. = 5.66049900
17:15:54| Factories      : 2
17:15:54| Dealerships    : 1
17:15:54| Run Time       : 5.6605
17:15:54| Max queue size : 10
17:15:54| Factory Stats  : Made = 569 @ [284, 285]
17:15:54| Dealer Stats   : Sold = 569 @ [569]
17:15:54| 
17:15:57| 478 cars have been created. = 2.71785947
17:15:57| Factories      : 2
17:15:57| Dealerships    : 2
17:15:57| Run Time       : 2.7179
17:15:57| Max queue size : 10
17:15:57| Factory Stats  : Made = 478 @ [230, 248]
17:15:57| Dealer Stats   : Sold = 478 @ [238, 240]
17:15:57| 
17:16:00| 478 cars have been created. = 2.72961644
17:16:00| Factories      : 2
17:16:00| Dealerships    : 5
17:16:00| Run Time       : 2.7296
17:16:00| Max queue size : 5
17:16:00| Factory Stats  : Made = 478 @ [219, 259]
17:16:00| Dealer Stats   : Sold = 478 @ [95, 94, 98, 103, 88]
17:16:00| 
17:16:06| 1341 cars have been created. = 6.69325509
17:16:06| Factories      : 5
17:16:06| Dealerships    : 2
17:16:06| Run Time       : 6.6933
17:16:06| Max queue size : 10
17:16:06| Factory Stats  : Made = 1341 @ [285, 253, 297, 299, 207]
17:16:06| Dealer Stats   : Sold = 1341 @ [675, 666]
17:16:06| 
17:16:09| 2602 cars have been created. = 3.13753736
17:16:09| Factories      : 10
17:16:09| Dealerships    : 10
17:16:09| Run Time       : 3.1375
17:16:09| Max queue size : 10
17:16:09| Factory Stats  : Made = 2602 @ [280, 254, 248, 288, 248, 260, 234, 271, 246, 273]
17:16:09| Dealer Stats   : Sold = 2602 @ [279, 281, 254, 243, 259, 260, 272, 250, 249, 255]
17:16:09| 
