19:37:08| Marble count     = 1000
19:37:08| Marble delay     = 0.01
19:37:08| Marbles in a bag = 7
19:37:08| Bagger delay     = 0.05
19:37:08| Assembler delay  = 0.05
19:37:08| Wrapper delay    = 0.05
19:37:08| Create the processes
19:37:08| Starting the processes
19:37:08| Waiting for processes to finish
19:37:19| Contents of boxes.txt
19:37:19| Created - 19:37:08.892216: Large marble: Sure Shot, marbles: Brink Pink, Granny Smith Apple, Maximum Violet, Mint Green, Honeydew, Venetian Red, Brown
19:37:19| Created - 19:37:08.963929: Large marble: Winner, marbles: Golden Yellow, Pastel Gray, Royal Red, Pastel Gray, Maximum Purple, Cotton Candy, Honeydew
19:37:19| Created - 19:37:09.036306: Large marble: Spinner, marbles: Maximum Purple, La Salle Green, Cotton Candy, Vegas Gold, Purple, Thulian Pink, Candy Pink
19:37:19| Created - 19:37:09.108131: Large marble: Spinner, marbles: Light Orchid, Venetian Red, Safety Yellow, Spanish Pink, Duke Blue, Outrageous Orange, Lavender Blue
19:37:19| Created - 19:37:09.180623: Large marble: Big Joe, marbles: Lilac Luster, Emerald, Venetian Red, Lavender Blue, Platinum, Mint Green, Light Orange
19:37:19| Created - 19:37:09.251631: Large marble: Lucky, marbles: Vegas Gold, Gold, Blue Bell, Middle Green, Antique Brass, Tuscan Brown, Royal Red
19:37:19| Created - 19:37:09.322850: Large marble: Big Joe, marbles: Cobalt Blue, Spanish Carmine, Dark Moss Green, Silver Chalice, Pale Taupe, Chinese Red, Dark Fuchsia
19:37:19| Created - 19:37:09.395351: Large marble: Big Joe, marbles: Lemon Lime, Ivory, Pale Cerulean, Neon Dark Green, Tuscan Brown, Zomp, Spanish Orange
19:37:19| Created - 19:37:09.466946: Large marble: Zeus, marbles: Gold, Candy Pink, Arylide Yellow, Mimi Pink, Mimi Pink, Silver Chalice, Candy Pink
19:37:19| Created - 19:37:09.537398: Large marble: Winner, marbles: La Salle Green, Arylide Yellow, Russian Green, Ivory, Orange Peel, La Salle Green, Purple Plum
19:37:19| Created - 19:37:09.608768: Large marble: Sure Shot, marbles: Antique Bronze, Big Dip O’ruby, Silver Pink, Royal Blue, Terra Cotta, Orange Peel, Pastel Blue
19:37:19| Created - 19:37:09.681228: Large marble: Spinner, marbles: Royal Orange, Royal Blue, Bistre Brown, Mango Tango, Brink Pink, Neon Pink, Ruby
19:37:19| Created - 19:37:09.754068: Large marble: Apollo, marbles: La Salle Green, Emerald, Neon Dark Green, Platinum, Slate Blue, Ivory, Orange Peel
19:37:19| Created - 19:37:09.826283: Large marble: 5-Star, marbles: Light Orchid, Dark Fuchsia, Spanish Carmine, Platinum, Light Orchid, Antique Brass, Beaver
19:37:19| Created - 19:37:09.898115: Large marble: Zeus, marbles: Arylide Yellow, Eerie Black, Spanish Carmine, Outrageous Orange, Indigo, Mango Tango, Cotton Candy
19:37:19| Created - 19:37:09.970968: Large marble: Big Joe, marbles: Spanish Orange, White Smoke, Blue Bell, Light Orchid, Spanish Carmine, Pastel Gray, Beaver
19:37:19| Created - 19:37:10.043063: Large marble: Spinner, marbles: Venetian Red, Black Coral, Isabelline, White Smoke, Arylide Yellow, Lavender Purple, Mimi Pink
19:37:19| Created - 19:37:10.115409: Large marble: Big Joe, marbles: Chinese Red, Liver Chestnut, Purple Plum, Gold, Big Dip O’ruby, Mode Beige, Chinese Red
19:37:19| Created - 19:37:10.188020: Large marble: Big Joe, marbles: Pastel Gray, Royal Blue, Arylide Yellow, Orange Soda, Purple Plum, Middle Green Yellow, Eerie Black
19:37:19| Created - 19:37:10.260319: Large marble: Winner, marbles: Antique Brass, Tuscan Brown, La Salle Green, Spanish Orange, Rose Dust, Isabelline, Purple
19:37:19| Created - 19:37:10.333246: Large marble: Big Joe, marbles: Neon Dark Green, Golden Yellow, Lemon Lime, Maximum Purple, Rose Quartz, Maximum Purple, Russian Violet
19:37:19| Created - 19:37:10.403662: Large marble: Spinner, marbles: Outrageous Orange, Maximum Violet, Neon Pink, Granny Smith Apple, Antique Bronze, Sage, Beaver
19:37:19| Created - 19:37:10.476396: Large marble: Spinner, marbles: Pale Cerulean, Shandy, Spanish Carmine, Orange Soda, Dark Moss Green, Candy Pink, Almond
19:37:19| Created - 19:37:10.548809: Large marble: 5-Star, marbles: Icterine, Middle Green Yellow, Pale Cerulean, Slate Blue, Antique Bronze, Orange Soda, Shandy
19:37:19| Created - 19:37:10.621385: Large marble: Hercules, marbles: Indigo, Bistre Brown, Pale Plum, Blue-Green, Eerie Black, Blue-Green, Emerald
19:37:19| Created - 19:37:10.693742: Large marble: Hercules, marbles: Antique Bronze, Ivory, Middle Green Yellow, La Salle Green, Emerald, Bistre Brown, Orange Soda
19:37:19| Created - 19:37:10.766119: Large marble: Big Joe, marbles: Zomp, Orange Peel, Fiery Rose, Spanish Pink, Brink Pink, Mint Cream, Arylide Yellow
19:37:19| Created - 19:37:10.838883: Large marble: Hercules, marbles: Black Coral, Emerald, Zomp, Lavender Blue, Middle Green, Mango Tango, Royal Red
19:37:19| Created - 19:37:10.910571: Large marble: Sure Shot, marbles: Stop Red, Candy Pink, Lilac Luster, Orange Soda, Outrageous Orange, Sheen Green, Brink Pink
19:37:19| Created - 19:37:10.983142: Large marble: 5-Star, marbles: Mode Beige, Vegas Gold, Almond, Royal Red, Lavender Purple, Spanish Orange, Spanish Carmine
19:37:19| Created - 19:37:11.055479: Large marble: Winner, marbles: Rose Quartz, Candy Pink, Orange Soda, Pastel Gray, Rose Dust, Emerald, Light Orange
19:37:19| Created - 19:37:11.128090: Large marble: Big Joe, marbles: Golden Yellow, Royal Red, Honeydew, Shandy, Royal Blue, Dark Moss Green, Silver Pink
19:37:19| Created - 19:37:11.199961: Large marble: Lucky, marbles: Black Coral, Maximum Violet, Blue Bell, Cobalt Blue, Blue Bell, Blue-Green, White Smoke
19:37:19| Created - 19:37:11.272712: Large marble: Hercules, marbles: Venetian Red, Mango Tango, Middle Green Yellow, Pastel Gray, Honeydew, Fiery Rose, Arylide Yellow
19:37:19| Created - 19:37:11.345377: Large marble: Winner, marbles: Liver Chestnut, Safety Yellow, Duke Blue, Lemon Lime, Almond, Royal Orange, Slate Blue
19:37:19| Created - 19:37:11.417179: Large marble: Hercules, marbles: Neon Silver, Spanish Carmine, Middle Green, Green, Russian Violet, Tuscan Brown, Slate Blue
19:37:19| Created - 19:37:11.489531: Large marble: 5-Star, marbles: Spanish Pink, Dark Fuchsia, Silver Chalice, Middle Red Purple, Orange Soda, Lumber, Ivory
19:37:19| Created - 19:37:11.562217: Large marble: 5-Star, marbles: Spanish Carmine, Middle Green, Venetian Red, Middle Green, Arylide Yellow, Antique Brass, Big Dip O’ruby
19:37:19| Created - 19:37:11.635050: Large marble: Spinner, marbles: Lavender Purple, Light Orchid, Spanish Pink, Lemon Lime, Neon Dark Green, Almond, Almond
19:37:19| Created - 19:37:11.707089: Large marble: Spinner, marbles: Ruby, Maximum Blue, Vegas Gold, Stop Red, Icterine, Chinese Red, Antique Bronze
19:37:19| Created - 19:37:11.779635: Large marble: Lucky, marbles: Indigo, Rose Quartz, Pale Plum, Gold, Auburn, Venetian Red, Royal Orange
19:37:19| Created - 19:37:11.851658: Large marble: Zeus, marbles: Vegas Gold, Lavender Blue, Candy Pink, Lavender Purple, Russian Violet, Brown, Middle Red Purple
19:37:19| Created - 19:37:11.923987: Large marble: 5-Star, marbles: Icterine, Safety Yellow, Fiery Rose, Spanish Pink, Middle Red Purple, Maximum Blue, Russian Green
19:37:19| Created - 19:37:11.997121: Large marble: Hercules, marbles: Duke Blue, Purple Plum, Blue-Green, Mode Beige, Maximum Blue, Brown, Mint Green
19:37:19| Created - 19:37:12.069243: Large marble: Lucky, marbles: Bistre Brown, Russian Violet, Shandy, Gold, Lemon Lime, Honeydew, Royal Orange
19:37:19| Created - 19:37:12.142282: Large marble: Apollo, marbles: Spanish Orange, Maximum Violet, Cotton Candy, Russian Green, Orange Soda, Pale Taupe, Fiery Rose
19:37:19| Created - 19:37:12.214125: Large marble: Zeus, marbles: Emerald, Royal Orange, Pastel Gray, Middle Green, Spanish Orange, Pale Cerulean, Gold
19:37:19| Created - 19:37:12.285778: Large marble: Lucky, marbles: Purple, Eerie Black, Isabelline, Russian Violet, Candy Pink, Liver Chestnut, Brink Pink
19:37:19| Created - 19:37:12.358484: Large marble: Sure Shot, marbles: Rose Quartz, Rose Quartz, Russian Violet, Rose Dust, Blue Bell, Purple Plum, Almond
19:37:19| Created - 19:37:12.430546: Large marble: Apollo, marbles: Venetian Red, Blue-Green, Rose Quartz, Blue-Green, Lavender Purple, Isabelline, Lilac Luster
19:37:19| Created - 19:37:12.503550: Large marble: Winner, marbles: Lemon Lime, Pastel Blue, Rose Dust, Pale Cerulean, Gold, Silver Chalice, Isabelline
19:37:19| Created - 19:37:12.575925: Large marble: Big Joe, marbles: Neon Dark Green, Mimi Pink, Royal Orange, Pale Goldenrod, Zomp, Pale Plum, Spanish Carmine
19:37:19| Created - 19:37:12.648834: Large marble: Zeus, marbles: Neon Dark Green, Purple Plum, Cobalt Blue, Blue, Duke Blue, Terra Cotta, Rose Quartz
19:37:19| Created - 19:37:12.720917: Large marble: Winner, marbles: Royal Red, Fiery Rose, Neon Pink, Mint Cream, Ivory, Neon Dark Green, Pale Cerulean
19:37:19| Created - 19:37:12.793148: Large marble: 5-Star, marbles: Blue-Green, Auburn, La Salle Green, White Smoke, Golden Yellow, Neon Pink, Shandy
19:37:19| Created - 19:37:12.864490: Large marble: Big Joe, marbles: Venetian Red, Mint Green, Duke Blue, Light Orange, Lavender Blue, Rose Quartz, Rose Dust
19:37:19| Created - 19:37:12.936685: Large marble: Winner, marbles: Light Orchid, Royal Orange, Royal Blue, Terra Cotta, Lilac Luster, Mimi Pink, Neon Silver
19:37:19| Created - 19:37:13.009719: Large marble: 5-Star, marbles: Neon Dark Green, Spanish Pink, Fiery Rose, Icterine, Lavender Purple, Middle Green Yellow, Blue-Green
19:37:19| Created - 19:37:13.082004: Large marble: Hercules, marbles: Neon Silver, Spanish Carmine, Pale Cerulean, Rose Quartz, Blue Bell, Mint Green, Middle Red Purple
19:37:19| Created - 19:37:13.155217: Large marble: Sure Shot, marbles: Icterine, Duke Blue, Vegas Gold, Outrageous Orange, Middle Green Yellow, Purple Plum, Almond
19:37:19| Created - 19:37:13.227138: Large marble: Sure Shot, marbles: Vegas Gold, Antique Bronze, Isabelline, Russian Violet, Terra Cotta, Sage, Spanish Orange
19:37:19| Created - 19:37:13.299783: Large marble: Winner, marbles: Light Orchid, Mulberry, Pale Plum, Slate Blue, Liver Chestnut, Silver Pink, Ruby
19:37:19| Created - 19:37:13.372320: Large marble: 5-Star, marbles: Orange Peel, Rose Quartz, Thulian Pink, Shandy, Neon Dark Green, Purple Plum, Neon Dark Green
19:37:19| Created - 19:37:13.445315: Large marble: Sure Shot, marbles: Ruby, Middle Green Yellow, Middle Red Purple, Beaver, Royal Orange, Antique Brass, Rose Dust
19:37:19| Created - 19:37:13.517780: Large marble: 5-Star, marbles: Venetian Red, Thulian Pink, Lemon Lime, Blue-Green, La Salle Green, Dark Fuchsia, Almond
19:37:19| Created - 19:37:13.589552: Large marble: Winner, marbles: Sage, Candy Pink, Dark Fuchsia, Blue Bell, Mango Tango, Bistre Brown, Lilac Luster
19:37:19| Created - 19:37:13.660269: Large marble: 5-Star, marbles: Middle Green Yellow, Purple Plum, La Salle Green, Gold, Spanish Pink, White Smoke, Blue-Green
19:37:19| Created - 19:37:13.732768: Large marble: Big Joe, marbles: Orange Soda, Dark Fuchsia, Light Orchid, Cobalt Blue, Honeydew, Ruby, Mango Tango
19:37:19| Created - 19:37:13.805617: Large marble: Lucky, marbles: Golden Yellow, Outrageous Orange, Orange Peel, Thulian Pink, Safety Yellow, Mint Cream, Russian Violet
19:37:19| Created - 19:37:13.877023: Large marble: Lucky, marbles: Eerie Black, Light Orchid, Pale Taupe, Dark Moss Green, Bistre Brown, Silver Pink, Brink Pink
19:37:19| Created - 19:37:13.949288: Large marble: Sure Shot, marbles: Lilac Luster, Cotton Candy, Green, Lavender Purple, Light Orchid, Safety Yellow, Duke Blue
19:37:19| Created - 19:37:14.022503: Large marble: Spinner, marbles: Mulberry, Middle Green, Mango Tango, Purple Plum, Shandy, Lilac Luster, Orange Soda
19:37:19| Created - 19:37:14.095371: Large marble: 5-Star, marbles: Chinese Red, Thulian Pink, Arylide Yellow, Stop Red, Blue-Green, Gold, Neon Silver
19:37:19| Created - 19:37:14.165962: Large marble: Hercules, marbles: Middle Green, Big Dip O’ruby, Tuscan Brown, Orange Soda, Royal Blue, Orange Soda, Gold
19:37:19| Created - 19:37:14.237530: Large marble: Hercules, marbles: Cobalt Blue, Silver Pink, Emerald, Purple Plum, Antique Brass, Granny Smith Apple, Isabelline
19:37:19| Created - 19:37:14.310288: Large marble: Spinner, marbles: Mode Beige, Spanish Carmine, Orange Peel, Gold, Gold, Spanish Carmine, Maximum Blue
19:37:19| Created - 19:37:14.382526: Large marble: Spinner, marbles: Purple, Antique Brass, Royal Orange, Purple Plum, Orange Soda, Zomp, Mimi Pink
19:37:19| Created - 19:37:14.454142: Large marble: 5-Star, marbles: Mode Beige, Pale Plum, Platinum, Pale Cerulean, Lavender Purple, Green, Pale Goldenrod
19:37:19| Created - 19:37:14.527020: Large marble: Zeus, marbles: Maximum Purple, Almond, Middle Green, Eerie Black, Russian Violet, Fiery Rose, Mango Tango
19:37:19| Created - 19:37:14.599914: Large marble: Zeus, marbles: Candy Pink, Light Orange, Golden Yellow, Eerie Black, Spanish Pink, Russian Violet, Granny Smith Apple
19:37:19| Created - 19:37:14.671423: Large marble: Winner, marbles: Arylide Yellow, Arylide Yellow, Dark Moss Green, Black Coral, Mimi Pink, Liver Chestnut, Ruby
19:37:19| Created - 19:37:14.742826: Large marble: Hercules, marbles: Rose Quartz, Blue Bell, Mode Beige, Neon Pink, Rose Quartz, Pastel Blue, Liver Chestnut
19:37:19| Created - 19:37:14.816039: Large marble: Big Joe, marbles: Maximum Purple, Middle Red Purple, Neon Silver, Zomp, Honeydew, Arylide Yellow, Middle Green
19:37:19| Created - 19:37:14.888343: Large marble: Winner, marbles: Chinese Red, Mint Cream, Lemon Lime, Sheen Green, Rose Dust, Ruby, Slate Blue
19:37:19| Created - 19:37:14.960748: Large marble: Lucky, marbles: Blue Bell, Golden Yellow, Ivory, Ruby, Ivory, Silver Pink, Chinese Red
19:37:19| Created - 19:37:15.033734: Large marble: Lucky, marbles: Candy Pink, Royal Blue, Brink Pink, Russian Green, Lavender Blue, Mulberry, Stop Red
19:37:19| Created - 19:37:15.106671: Large marble: 5-Star, marbles: Tuscan Brown, Middle Red Purple, Dark Moss Green, Pastel Gray, Lavender Blue, Mango Tango, Middle Green Yellow
19:37:19| Created - 19:37:15.179083: Large marble: Apollo, marbles: Sage, Auburn, Gold, Light Orchid, Tuscan Brown, Mint Cream, Pastel Blue
19:37:19| Created - 19:37:15.251348: Large marble: Apollo, marbles: Orange Soda, Gold, Orange Soda, La Salle Green, Lavender Blue, Pale Goldenrod, Mimi Pink
19:37:19| Created - 19:37:15.324190: Large marble: Winner, marbles: Neon Pink, Antique Brass, Royal Blue, Duke Blue, Purple Plum, Auburn, Black Coral
19:37:19| Created - 19:37:15.396701: Large marble: Apollo, marbles: Mulberry, Bistre Brown, Middle Red Purple, Maximum Violet, Middle Green, Light Orchid, Purple
19:37:19| Created - 19:37:15.468937: Large marble: Apollo, marbles: Blue-Green, Dark Moss Green, Almond, Rose Dust, Dark Moss Green, Eerie Black, Pale Taupe
19:37:19| Created - 19:37:15.541553: Large marble: Spinner, marbles: Blue-Green, Fiery Rose, Royal Red, Granny Smith Apple, Pale Plum, Spanish Orange, Venetian Red
19:37:19| Created - 19:37:15.614340: Large marble: Zeus, marbles: Safety Yellow, Orange Soda, Auburn, Brink Pink, Cotton Candy, Pale Cerulean, Mode Beige
19:37:19| Created - 19:37:15.688753: Large marble: Sure Shot, marbles: Slate Blue, Lumber, Spanish Pink, Orange Soda, Blue, Spanish Carmine, Purple Plum
19:37:19| Created - 19:37:15.760813: Large marble: Spinner, marbles: White Smoke, Lemon Lime, Lavender Purple, Honeydew, Thulian Pink, Gold, Spanish Carmine
19:37:19| Created - 19:37:15.834455: Large marble: Spinner, marbles: Ivory, Middle Green Yellow, Russian Violet, Terra Cotta, Lavender Blue, Pale Taupe, Liver Chestnut
19:37:19| Created - 19:37:15.906300: Large marble: Zeus, marbles: Eerie Black, Orange Soda, Rose Dust, Antique Bronze, Chinese Red, Mulberry, Royal Blue
19:37:19| Created - 19:37:15.978416: Large marble: Spinner, marbles: Rose Quartz, Platinum, Blue, Pale Cerulean, Lilac Luster, Lavender Purple, Big Dip O’ruby
19:37:19| Created - 19:37:16.051286: Large marble: Hercules, marbles: Mint Green, Bistre Brown, Blue Bell, Royal Blue, Dark Moss Green, Stop Red, Isabelline
19:37:19| Created - 19:37:16.124918: Large marble: Sure Shot, marbles: Stop Red, Chinese Red, Liver Chestnut, Candy Pink, Icterine, Orange Soda, Thulian Pink
19:37:19| Created - 19:37:16.197395: Large marble: Sure Shot, marbles: Beaver, Brown, Cobalt Blue, Cotton Candy, Sage, Russian Violet, Thulian Pink
19:37:19| Created - 19:37:16.269105: Large marble: Zeus, marbles: Honeydew, Pale Cerulean, Orange Soda, Royal Red, Antique Brass, Blue Bell, Pale Taupe
19:37:19| Created - 19:37:16.340860: Large marble: Apollo, marbles: Lilac Luster, Purple Plum, Purple, Purple, Dark Moss Green, Purple, Russian Green
19:37:19| Created - 19:37:16.414323: Large marble: Zeus, marbles: Light Orchid, Sheen Green, Black Coral, Fiery Rose, Tuscan Brown, Sheen Green, Mulberry
19:37:19| Created - 19:37:16.486631: Large marble: Zeus, marbles: Zomp, Antique Brass, Lavender Blue, Pale Cerulean, Shandy, Mint Green, Middle Red Purple
19:37:19| Created - 19:37:16.559317: Large marble: Zeus, marbles: Orange Soda, Sheen Green, Spanish Pink, Stop Red, Isabelline, Big Dip O’ruby, Spanish Carmine
19:37:19| Created - 19:37:16.632341: Large marble: Hercules, marbles: Royal Orange, Granny Smith Apple, Sage, Platinum, Blue-Green, Dark Moss Green, Mint Cream
19:37:19| Created - 19:37:16.704482: Large marble: Sure Shot, marbles: Neon Dark Green, Black Coral, Antique Bronze, Ruby, Dark Moss Green, Arylide Yellow, Golden Yellow
19:37:19| Created - 19:37:16.777094: Large marble: Apollo, marbles: Middle Red Purple, La Salle Green, Pale Goldenrod, Safety Yellow, Middle Green Yellow, Royal Orange, Ivory
19:37:19| Created - 19:37:16.850271: Large marble: Apollo, marbles: Spanish Carmine, Royal Red, Middle Red Purple, Mulberry, Blue Bell, Tuscan Brown, Sage
19:37:19| Created - 19:37:16.921432: Large marble: Winner, marbles: Indigo, Sheen Green, Light Orange, Cobalt Blue, Purple, Cotton Candy, Icterine
19:37:19| Created - 19:37:16.993394: Large marble: Hercules, marbles: Ruby, Orange Soda, Sage, Pale Cerulean, Purple, Silver Pink, Rose Dust
19:37:19| Created - 19:37:17.066413: Large marble: Spinner, marbles: Maximum Blue, Platinum, Blue, Royal Blue, Neon Pink, Sage, Eerie Black
19:37:19| Created - 19:37:17.139661: Large marble: Sure Shot, marbles: Orange Soda, Orange Soda, Maximum Purple, Granny Smith Apple, Gold, Candy Pink, Shandy
19:37:19| Created - 19:37:17.212679: Large marble: Sure Shot, marbles: Silver Pink, Lavender Purple, Thulian Pink, Neon Dark Green, Orange Soda, Mimi Pink, Purple Plum
19:37:19| Created - 19:37:17.285253: Large marble: Hercules, marbles: Pastel Blue, Lumber, Light Orange, Blue Bell, Lavender Purple, Pastel Blue, Middle Green Yellow
19:37:19| Created - 19:37:17.357172: Large marble: Zeus, marbles: Lemon Lime, Lilac Luster, Cotton Candy, Icterine, Honeydew, Blue-Green, Black Coral
19:37:19| Created - 19:37:17.430497: Large marble: Hercules, marbles: Blue-Green, Cobalt Blue, Neon Pink, Neon Pink, Middle Red Purple, Stop Red, Purple Plum
19:37:19| Created - 19:37:17.503151: Large marble: Hercules, marbles: Maximum Blue, Purple Plum, Lemon Lime, Purple Plum, Rose Dust, Black Coral, Granny Smith Apple
19:37:19| Created - 19:37:17.575970: Large marble: Lucky, marbles: Indigo, Spanish Pink, Pale Cerulean, Royal Orange, Indigo, Rose Quartz, Light Orange
19:37:19| Created - 19:37:17.648537: Large marble: Sure Shot, marbles: Mango Tango, Orange Soda, Fiery Rose, Arylide Yellow, Sage, Antique Brass, Spanish Pink
19:37:19| Created - 19:37:17.721071: Large marble: Winner, marbles: Ivory, Neon Silver, Russian Green, Stop Red, Maximum Blue, Spanish Carmine, Isabelline
19:37:19| Created - 19:37:17.793875: Large marble: Lucky, marbles: Light Orange, Neon Pink, Thulian Pink, Cotton Candy, Beaver, Neon Pink, Gold
19:37:19| Created - 19:37:17.866212: Large marble: Sure Shot, marbles: Orange Soda, Gold, Neon Silver, Pastel Blue, Silver Chalice, Safety Yellow, Spanish Pink
19:37:19| Created - 19:37:17.939093: Large marble: 5-Star, marbles: White Smoke, Granny Smith Apple, Mimi Pink, Beaver, Cotton Candy, Lavender Purple, Safety Yellow
19:37:19| Created - 19:37:18.012699: Large marble: Sure Shot, marbles: Gold, Green, Sheen Green, Sheen Green, Middle Green, Antique Bronze, Orange Soda
19:37:19| Created - 19:37:18.085316: Large marble: Spinner, marbles: Safety Yellow, Spanish Orange, La Salle Green, Royal Blue, Liver Chestnut, Liver Chestnut, Lumber
19:37:19| Created - 19:37:18.158124: Large marble: Winner, marbles: Mint Cream, Silver Pink, Blue Bell, Safety Yellow, Spanish Orange, Arylide Yellow, Platinum
19:37:19| Created - 19:37:18.230048: Large marble: Spinner, marbles: Middle Green Yellow, Isabelline, Pale Plum, Blue, Terra Cotta, Eerie Black, Black Coral
19:37:19| Created - 19:37:18.302921: Large marble: Zeus, marbles: Golden Yellow, Gold, Blue, Black Coral, Lavender Purple, Mulberry, Auburn
19:37:19| Created - 19:37:18.377605: Large marble: Zeus, marbles: Tuscan Brown, Blue-Green, Lavender Purple, Lavender Blue, Antique Brass, La Salle Green, Emerald
19:37:19| Created - 19:37:18.447938: Large marble: Apollo, marbles: Tuscan Brown, Outrageous Orange, Safety Yellow, Lilac Luster, Big Dip O’ruby, Safety Yellow, Ivory
19:37:19| Created - 19:37:18.521126: Large marble: Big Joe, marbles: Duke Blue, Royal Red, Mint Green, Royal Red, Orange Soda, Sheen Green, Pastel Gray
19:37:19| Created - 19:37:18.593588: Large marble: Lucky, marbles: Blue-Green, Pale Taupe, Royal Orange, Venetian Red, Brink Pink, Middle Green, Black Coral
19:37:19| Created - 19:37:18.666890: Large marble: Zeus, marbles: Spanish Carmine, Blue, Venetian Red, Middle Green Yellow, Zomp, Neon Dark Green, Mint Cream
19:37:19| Created - 19:37:18.739403: Large marble: Apollo, marbles: Dark Fuchsia, Stop Red, Liver Chestnut, Middle Green Yellow, Orange Peel, Honeydew, Cotton Candy
19:37:19| Created - 19:37:18.812932: Large marble: Winner, marbles: Lemon Lime, Chinese Red, Green, Lavender Blue, Spanish Orange, Fiery Rose, Rose Dust
19:37:19| Created - 19:37:18.884019: Large marble: Hercules, marbles: Chinese Red, Antique Bronze, Mint Cream, Spanish Carmine, Gold, Fiery Rose, Spanish Orange
19:37:19| Created - 19:37:18.956971: Large marble: Lucky, marbles: Big Dip O’ruby, Silver Chalice, Beaver, Thulian Pink, Dark Fuchsia, Granny Smith Apple, Bistre Brown
19:37:19| Created - 19:37:19.029914: Large marble: Spinner, marbles: Granny Smith Apple, Russian Green, Dark Fuchsia, Stop Red, Fiery Rose, Purple Plum, Antique Bronze
19:37:19| Created - 19:37:19.102726: Large marble: 5-Star, marbles: Russian Green, Arylide Yellow, Eerie Black, Venetian Red, Bistre Brown, Gold, Russian Green
19:37:19| Number of gifts created: <Synchronized wrapper for c_int(142)>
19:37:19| Total time = 10.42464282
