19:45:55| Factory created: Dodge Tall, 2018
19:45:55| Dealer sold: Dodge Tall, 2018
19:45:55| Factory created: Chevrolet Tall, 1997
19:45:55| Dealer sold: Chevrolet Tall, 1997
19:45:55| Factory created: Lexus Super, 2020
19:45:55| Dealer sold: Lexus Super, 2020
19:45:55| Factory created: Acura Viper, 2021
19:45:55| Dealer sold: Acura Viper, 2021
19:45:55| Factory created: Hyundai F150, 2016
19:45:55| Dealer sold: Hyundai F150, 2016
19:45:55| Factory created: Kia A1, 1993
19:45:55| Factory created: Mazda Town, 1991
19:45:55| Factory created: Nissan Town, 2001
19:45:55| Dealer sold: Kia A1, 1993
19:45:55| Factory created: Chevrolet Tall, 2018
19:45:55| Factory created: Acura SXE, 2019
19:45:55| Dealer sold: Mazda Town, 1991
19:45:55| Dealer sold: Nissan Town, 2001
19:45:55| Factory created: Honda Viper, 1990
19:45:55| Dealer sold: Chevrolet Tall, 2018
19:45:55| Factory created: Volkswagen RX, 2010
19:45:55| Dealer sold: Acura SXE, 2019
19:45:55| Factory created: Mitsubishi Sport, 1996
19:45:55| Factory created: Nissan GX, 2015
19:45:55| Dealer sold: Honda Viper, 1990
19:45:55| Dealer sold: Volkswagen RX, 2010
19:45:55| Dealer sold: Mitsubishi Sport, 1996
19:45:55| Factory created: Toyota Sport, 2015
19:45:55| Factory created: Fiat Viper, 2022
19:45:55| Dealer sold: Nissan GX, 2015
19:45:55| Factory created: Acura MM, 2004
19:45:55| Dealer sold: Toyota Sport, 2015
19:45:55| Dealer sold: Fiat Viper, 2022
19:45:55| Factory created: Smart Super, 1998
19:45:55| Dealer sold: Acura MM, 2004
19:45:55| Dealer sold: Smart Super, 1998
19:45:55| Factory created: Acura RX, 2022
19:45:55| Dealer sold: Acura RX, 2022
19:45:56| Factory created: Mitsubishi SXE, 1993
19:45:56| Dealer sold: Mitsubishi SXE, 1993
19:45:56| Factory created: Hyundai GX, 2017
19:45:56| Dealer sold: Hyundai GX, 2017
19:45:56| Factory created: Mazda XOX, 2003
19:45:56| Factory created: Chrysler Super, 2019
19:45:56| Factory created: Nissan GX, 2020
19:45:56| Dealer sold: Mazda XOX, 2003
19:45:56| Factory created: Chevrolet Sport, 2001
19:45:56| Factory created: Dodge Town, 2022
19:45:56| Dealer sold: Chrysler Super, 2019
19:45:56| Factory created: Smart M1X, 2010
19:45:56| Dealer sold: Nissan GX, 2020
19:45:56| Factory created: Mitsubishi XOX, 1994
19:45:56| Factory created: Kia Viper, 1992
19:45:56| Dealer sold: Chevrolet Sport, 2001
19:45:56| Factory created: Hyundai M5, 2005
19:45:56| Factory created: Hyundai Middle, 2014
19:45:56| Dealer sold: Dodge Town, 2022
19:45:56| Dealer sold: Smart M1X, 2010
19:45:56| Factory created: Chrysler Round, 2016
19:45:56| Dealer sold: Mitsubishi XOX, 1994
19:45:56| Factory created: Fiat RX, 1994
19:45:56| Dealer sold: Kia Viper, 1992
19:45:56| Factory created: Nissan SXE, 1994
19:45:56| Dealer sold: Hyundai M5, 2005
19:45:56| Factory created: Acura Round, 1997
19:45:56| Factory created: Kia MM, 2005
19:45:56| Factory created: Kia M1, 2013
19:45:56| Factory created: Hyundai XL, 1995
19:45:56| Dealer sold: Hyundai Middle, 2014
19:45:56| Factory created: Toyota SXE, 1993
19:45:56| Dealer sold: Chrysler Round, 2016
19:45:56| Factory created: Mazda M5, 2020
19:45:56| Factory created: Smart XOX, 2008
19:45:56| Dealer sold: Fiat RX, 1994
19:45:56| Dealer sold: Nissan SXE, 1994
19:45:56| Factory created: Fiat SE, 1996
19:45:56| Dealer sold: Acura Round, 1997
19:45:56| Dealer sold: Kia MM, 2005
19:45:56| Factory created: Chrysler XL, 2019
19:45:56| Dealer sold: Kia M1, 2013
19:45:56| Factory created: Chevrolet F150, 1994
19:45:56| Dealer sold: Hyundai XL, 1995
19:45:56| Factory created: Dodge Middle, 2000
19:45:56| Factory created: Mitsubishi Grand, 2013
19:45:56| Factory created: Dodge SE, 2011
19:45:56| Dealer sold: Toyota SXE, 1993
19:45:56| Factory created: Toyota Charger, 2006
19:45:56| Dealer sold: Mazda M5, 2020
19:45:56| Dealer sold: Smart XOX, 2008
19:45:56| Factory created: Nissan A2, 2016
19:45:56| Dealer sold: Fiat SE, 1996
19:45:56| Factory created: Volkswagen XL, 2019
19:45:56| Factory created: Volvo XOX, 1990
19:45:56| Dealer sold: Chrysler XL, 2019
19:45:56| Factory created: Dodge XLE, 1990
19:45:56| Factory created: Volvo Middle, 2012
19:45:56| Dealer sold: Chevrolet F150, 1994
19:45:56| Factory created: Kia Charger, 2023
19:45:56| Dealer sold: Dodge Middle, 2000
19:45:56| Factory created: Kia Titan, 2006
19:45:56| Dealer sold: Mitsubishi Grand, 2013
19:45:56| Factory created: Lexus Town, 1995
19:45:56| Dealer sold: Dodge SE, 2011
19:45:56| Factory created: Dodge A2, 2009
19:45:56| Dealer sold: Toyota Charger, 2006
19:45:56| Dealer sold: Nissan A2, 2016
19:45:56| Factory created: Fiat Middle, 2021
19:45:56| Factory created: Mitsubishi Tall, 1994
19:45:56| Dealer sold: Volkswagen XL, 2019
19:45:56| Dealer sold: Volvo XOX, 1990
19:45:56| Factory created: Ford Titan, 2006
19:45:56| Dealer sold: Dodge XLE, 1990
19:45:56| Factory created: Smart Round, 1996
19:45:56| Factory created: Volkswagen Middle, 2011
19:45:56| Dealer sold: Volvo Middle, 2012
19:45:56| Dealer sold: Kia Charger, 2023
19:45:56| Dealer sold: Kia Titan, 2006
19:45:56| Dealer sold: Lexus Town, 1995
19:45:56| Factory created: Toyota SE, 2014
19:45:56| Dealer sold: Dodge A2, 2009
19:45:56| Factory created: Hyundai M1, 2006
19:45:56| Dealer sold: Fiat Middle, 2021
19:45:56| Dealer sold: Mitsubishi Tall, 1994
19:45:56| Factory created: Smart SE, 2014
19:45:56| Dealer sold: Ford Titan, 2006
19:45:56| Factory created: Chevrolet SXE, 1991
19:45:56| Dealer sold: Smart Round, 1996
19:45:56| Dealer sold: Volkswagen Middle, 2011
19:45:56| Factory created: Chrysler Ranger, 2011
19:45:56| Dealer sold: Toyota SE, 2014
19:45:56| Factory created: Mazda XOX, 2007
19:45:56| Factory created: Volvo Round, 2000
19:45:56| Dealer sold: Hyundai M1, 2006
19:45:56| Factory created: Honda G35, 2022
19:45:56| Factory created: Volvo M1X, 2014
19:45:56| Dealer sold: Smart SE, 2014
19:45:56| Dealer sold: Chevrolet SXE, 1991
19:45:56| Factory created: Mazda Flat, 2010
19:45:56| Dealer sold: Chrysler Ranger, 2011
19:45:56| Dealer sold: Mazda XOX, 2007
19:45:56| Factory created: Toyota XLS, 2015
19:45:56| Dealer sold: Volvo Round, 2000
19:45:56| Dealer sold: Honda G35, 2022
19:45:56| Factory created: Dodge Flat, 2019
19:45:56| Dealer sold: Volvo M1X, 2014
19:45:56| Factory created: Smart F150, 2017
19:45:56| Factory created: Jeep GX, 2022
19:45:56| Dealer sold: Mazda Flat, 2010
19:45:56| Dealer sold: Toyota XLS, 2015
19:45:56| Factory created: Hyundai MM, 2018
19:45:56| Dealer sold: Dodge Flat, 2019
19:45:56| Factory created: Chrysler Round, 1998
19:45:56| Dealer sold: Smart F150, 2017
19:45:56| Factory created: Fiat Super, 2000
19:45:56| Dealer sold: Jeep GX, 2022
19:45:56| Factory created: Fiat Flat, 2011
19:45:56| Factory created: Toyota Super, 2009
19:45:56| Dealer sold: Hyundai MM, 2018
19:45:56| Factory created: Subaru G35, 2021
19:45:56| Dealer sold: Chrysler Round, 1998
19:45:56| Factory created: Hyundai Sport, 1999
19:45:56| Dealer sold: Fiat Super, 2000
19:45:56| Factory created: Jeep M1, 2012
19:45:56| Dealer sold: Fiat Flat, 2011
19:45:56| Factory created: Nissan Ranger, 2002
19:45:56| Factory created: Hyundai Middle, 1994
19:45:56| Dealer sold: Toyota Super, 2009
19:45:56| Factory created: Infiniti Super, 1995
19:45:56| Dealer sold: Subaru G35, 2021
19:45:56| Factory created: Acura Sport, 2001
19:45:56| Dealer sold: Hyundai Sport, 1999
19:45:56| Dealer sold: Jeep M1, 2012
19:45:56| Dealer sold: Nissan Ranger, 2002
19:45:56| Factory created: Honda RX, 2018
19:45:56| Factory created: Infiniti M1X, 2008
19:45:56| Factory created: Jeep G35, 2021
19:45:56| Dealer sold: Hyundai Middle, 1994
19:45:56| Dealer sold: Infiniti Super, 1995
19:45:56| Dealer sold: Acura Sport, 2001
19:45:56| Dealer sold: Honda RX, 2018
19:45:56| Factory created: Ford A1, 1995
19:45:56| Dealer sold: Infiniti M1X, 2008
19:45:56| Factory created: Ford Charger, 2012
19:45:56| Factory created: Subaru A1, 1996
19:45:56| Dealer sold: Jeep G35, 2021
19:45:56| Dealer sold: Ford A1, 1995
19:45:56| Factory created: Smart Sport, 2017
19:45:56| Dealer sold: Ford Charger, 2012
19:45:56| Factory created: Volvo XLE, 2009
19:45:56| Dealer sold: Subaru A1, 1996
19:45:56| Dealer sold: Smart Sport, 2017
19:45:56| Factory created: Volkswagen Flat, 2001
19:45:56| Dealer sold: Volvo XLE, 2009
19:45:56| Factory created: Chrysler XLE, 2011
19:45:56| Dealer sold: Volkswagen Flat, 2001
19:45:56| Factory created: Chrysler Round, 2022
19:45:56| Dealer sold: Chrysler XLE, 2011
19:45:56| Factory created: Acura Round, 1997
19:45:56| Dealer sold: Chrysler Round, 2022
19:45:56| Factory created: Mazda A1, 2018
19:45:56| Factory created: Mitsubishi Charger, 2021
19:45:56| Factory created: Honda Round, 1990
19:45:56| Dealer sold: Acura Round, 1997
19:45:56| Factory created: Buick M1, 1997
19:45:56| Factory created: Nissan Ranger, 2001
19:45:56| Dealer sold: Mazda A1, 2018
19:45:56| Dealer sold: Mitsubishi Charger, 2021
19:45:56| Factory created: Volkswagen XLE, 2002
19:45:56| Dealer sold: Honda Round, 1990
19:45:56| Dealer sold: Buick M1, 1997
19:45:56| Factory created: Nissan M1, 2019
19:45:56| Dealer sold: Nissan Ranger, 2001
19:45:56| Factory created: Jeep A2, 1995
19:45:56| Factory created: Chrysler Ranger, 2003
19:45:56| Dealer sold: Volkswagen XLE, 2002
19:45:56| Dealer sold: Nissan M1, 2019
19:45:56| Factory created: Mitsubishi XL, 1992
19:45:56| Factory created: Mazda MM, 2021
19:45:56| Dealer sold: Jeep A2, 1995
19:45:56| Factory created: Subaru RX, 2023
19:45:56| Dealer sold: Chrysler Ranger, 2003
19:45:57| Factory created: Fiat Titan, 2021
19:45:57| Dealer sold: Mitsubishi XL, 1992
19:45:57| Factory created: Mitsubishi Titan, 2006
19:45:57| Dealer sold: Mazda MM, 2021
19:45:57| Dealer sold: Subaru RX, 2023
19:45:57| Factory created: Toyota Middle, 2018
19:45:57| Factory created: Volvo RX, 2002
19:45:57| Dealer sold: Fiat Titan, 2021
19:45:57| Dealer sold: Mitsubishi Titan, 2006
19:45:57| Factory created: Nissan Round, 1996
19:45:57| Factory created: Honda Round, 2002
19:45:57| Dealer sold: Toyota Middle, 2018
19:45:57| Dealer sold: Volvo RX, 2002
19:45:57| Factory created: Buick M1X, 2015
19:45:57| Factory created: Buick Ranger, 2012
19:45:57| Dealer sold: Nissan Round, 1996
19:45:57| Dealer sold: Honda Round, 2002
19:45:57| Factory created: Subaru XOX, 1991
19:45:57| Dealer sold: Buick M1X, 2015
19:45:57| Dealer sold: Buick Ranger, 2012
19:45:57| Factory created: Volvo Round, 2018
19:45:57| Factory created: Honda Grand, 2022
19:45:57| Factory created: Acura Middle, 2021
19:45:57| Dealer sold: Subaru XOX, 1991
19:45:57| Dealer sold: Volvo Round, 2018
19:45:57| Factory created: Chrysler Sport, 2016
19:45:57| Dealer sold: Honda Grand, 2022
19:45:57| Factory created: Mitsubishi RX, 1994
19:45:57| Dealer sold: Acura Middle, 2021
19:45:57| Factory created: Buick XOX, 2001
19:45:57| Dealer sold: Chrysler Sport, 2016
19:45:57| Dealer sold: Mitsubishi RX, 1994
19:45:57| Factory created: Honda SE, 2010
19:45:57| Factory created: Volvo Tall, 1993
19:45:57| Factory created: Smart Ranger, 2015
19:45:57| Factory created: Acura MM, 1999
19:45:57| Factory created: Chrysler SE, 2017
19:45:57| Dealer sold: Buick XOX, 2001
19:45:57| Dealer sold: Honda SE, 2010
19:45:57| Factory created: Volvo Grand, 2013
19:45:57| Dealer sold: Volvo Tall, 1993
19:45:57| Factory created: Mazda Viper, 2023
19:45:57| Dealer sold: Smart Ranger, 2015
19:45:57| Factory created: Jeep M1X, 2022
19:45:57| Factory created: Smart Super, 2019
19:45:57| Dealer sold: Acura MM, 1999
19:45:57| Factory created: Lexus Titan, 2020
19:45:57| Factory created: Volkswagen Grand, 2019
19:45:57| Dealer sold: Chrysler SE, 2017
19:45:57| Factory created: Buick XOX, 2004
19:45:57| Dealer sold: Volvo Grand, 2013
19:45:57| Factory created: Ford XLS, 2015
19:45:57| Dealer sold: Mazda Viper, 2023
19:45:57| Dealer sold: Jeep M1X, 2022
19:45:57| Factory created: Jeep SXE, 2018
19:45:57| Dealer sold: Smart Super, 2019
19:45:57| Factory created: Acura XL, 1998
19:45:57| Dealer sold: Lexus Titan, 2020
19:45:57| Factory created: Volvo GX, 2009
19:45:57| Dealer sold: Volkswagen Grand, 2019
19:45:57| Dealer sold: Buick XOX, 2004
19:45:57| Factory created: Ford GX, 2014
19:45:57| Dealer sold: Ford XLS, 2015
19:45:57| Dealer sold: Jeep SXE, 2018
19:45:57| Factory created: Infiniti MM, 2010
19:45:57| Dealer sold: Acura XL, 1998
19:45:57| Factory created: Chevrolet MM, 1990
19:45:57| Dealer sold: Volvo GX, 2009
19:45:57| Factory created: Volkswagen Grand, 2021
19:45:57| Dealer sold: Ford GX, 2014
19:45:57| Dealer sold: Infiniti MM, 2010
19:45:57| Factory created: Volvo Round, 2019
19:45:57| Dealer sold: Chevrolet MM, 1990
19:45:57| Factory created: Fiat SE, 1992
19:45:57| Factory created: Ford Flat, 2006
19:45:57| Dealer sold: Volkswagen Grand, 2021
19:45:57| Factory created: Toyota XLE, 1997
19:45:57| Dealer sold: Volvo Round, 2019
19:45:57| Factory created: Mitsubishi Grand, 2009
19:45:57| Factory created: Honda A1, 2003
19:45:57| Dealer sold: Fiat SE, 1992
19:45:57| Factory created: Jeep XL, 2008
19:45:57| Dealer sold: Ford Flat, 2006
19:45:57| Factory created: Chevrolet M1, 2015
19:45:57| Dealer sold: Toyota XLE, 1997
19:45:57| Factory created: Toyota Round, 1996
19:45:57| Dealer sold: Mitsubishi Grand, 2009
19:45:57| Factory created: Infiniti SE, 1990
19:45:57| Dealer sold: Honda A1, 2003
19:45:57| Factory created: Ford Ranger, 2006
19:45:57| Factory created: Mitsubishi Round, 2011
19:45:57| Dealer sold: Jeep XL, 2008
19:45:57| Factory created: Jeep SXE, 1996
19:45:57| Factory created: Lexus XLS, 2009
19:45:57| Dealer sold: Chevrolet M1, 2015
19:45:57| Factory created: Subaru Titan, 2019
19:45:57| Factory created: Acura A1, 2010
19:45:57| Dealer sold: Toyota Round, 1996
19:45:57| Factory created: Toyota Tall, 2016
19:45:57| Factory created: Ford Middle, 2021
19:45:57| Factory created: Nissan SXE, 2014
19:45:57| Dealer sold: Infiniti SE, 1990
19:45:57| Factory created: Smart XLE, 2013
19:45:57| Dealer sold: Ford Ranger, 2006
19:45:57| Factory created: Smart XL, 2017
19:45:57| Dealer sold: Mitsubishi Round, 2011
19:45:57| Factory created: Jeep F150, 1999
19:45:57| Dealer sold: Jeep SXE, 1996
19:45:57| Factory created: Lexus Round, 2002
19:45:57| Dealer sold: Lexus XLS, 2009
19:45:57| Factory created: Ford Sport, 2009
19:45:57| Dealer sold: Subaru Titan, 2019
19:45:57| Factory created: Acura A1, 2019
19:45:57| Dealer sold: Acura A1, 2010
19:45:57| Factory created: Smart RX, 2011
19:45:57| Dealer sold: Toyota Tall, 2016
19:45:57| Factory created: Mazda SXE, 2019
19:45:57| Dealer sold: Ford Middle, 2021
19:45:57| Factory created: Toyota A2, 2015
19:45:57| Dealer sold: Nissan SXE, 2014
19:45:57| Factory created: Honda GX, 2023
19:45:57| Dealer sold: Smart XLE, 2013
19:45:57| Factory created: Kia Sport, 2002
19:45:57| Dealer sold: Smart XL, 2017
19:45:57| Factory created: Fiat RX, 2010
19:45:57| Dealer sold: Jeep F150, 1999
19:45:57| Factory created: Kia Charger, 1994
19:45:57| Dealer sold: Lexus Round, 2002
19:45:57| Dealer sold: Ford Sport, 2009
19:45:57| Factory created: Chevrolet M5, 2023
19:45:57| Dealer sold: Acura A1, 2019
19:45:57| Factory created: Chrysler RX, 2001
19:45:57| Dealer sold: Smart RX, 2011
19:45:57| Dealer sold: Mazda SXE, 2019
19:45:57| Factory created: Hyundai RX, 2011
19:45:57| Factory created: Fiat Round, 1993
19:45:57| Factory created: Hyundai RX, 2012
19:45:57| Dealer sold: Toyota A2, 2015
19:45:57| Factory created: Mazda Charger, 2013
19:45:57| Dealer sold: Honda GX, 2023
19:45:57| Factory created: Volkswagen F150, 2005
19:45:57| Dealer sold: Kia Sport, 2002
19:45:57| Dealer sold: Fiat RX, 2010
19:45:57| Factory created: Jeep G35, 2023
19:45:57| Dealer sold: Kia Charger, 1994
19:45:57| Dealer sold: Chevrolet M5, 2023
19:45:57| Factory created: Lexus Sport, 2000
19:45:57| Dealer sold: Chrysler RX, 2001
19:45:57| Factory created: Chevrolet XOX, 1995
19:45:57| Dealer sold: Hyundai RX, 2011
19:45:57| Factory created: Mitsubishi GX, 2020
19:45:57| Dealer sold: Fiat Round, 1993
19:45:57| Factory created: Ford M1, 2010
19:45:57| Dealer sold: Hyundai RX, 2012
19:45:57| Factory created: Nissan A1, 1990
19:45:57| Dealer sold: Mazda Charger, 2013
19:45:57| Factory created: Subaru XLE, 1994
19:45:57| Factory created: Kia M1, 2019
19:45:57| Factory created: Volkswagen SE, 2022
19:45:57| Dealer sold: Volkswagen F150, 2005
19:45:57| Factory created: Infiniti GX, 2017
19:45:57| Dealer sold: Jeep G35, 2023
19:45:57| Dealer sold: Lexus Sport, 2000
19:45:57| Dealer sold: Chevrolet XOX, 1995
19:45:57| Factory created: Nissan M1, 2011
19:45:57| Dealer sold: Mitsubishi GX, 2020
19:45:57| Factory created: Lexus Titan, 2008
19:45:57| Dealer sold: Ford M1, 2010
19:45:57| Dealer sold: Nissan A1, 1990
19:45:58| Factory created: Kia XL, 2007
19:45:58| Dealer sold: Subaru XLE, 1994
19:45:58| Factory created: Chrysler XOX, 2002
19:45:58| Dealer sold: Kia M1, 2019
19:45:58| Factory created: Kia MM, 1995
19:45:58| Factory created: Buick G35, 2018
19:45:58| Dealer sold: Volkswagen SE, 2022
19:45:58| Factory created: Toyota Tall, 2008
19:45:58| Dealer sold: Infiniti GX, 2017
19:45:58| Dealer sold: Nissan M1, 2011
19:45:58| Factory created: Chevrolet XLS, 2023
19:45:58| Dealer sold: Lexus Titan, 2008
19:45:58| Dealer sold: Kia XL, 2007
19:45:58| Factory created: Mazda Ranger, 2002
19:45:58| Factory created: Mitsubishi XLE, 2005
19:45:58| Factory created: Volvo Viper, 1997
19:45:58| Dealer sold: Chrysler XOX, 2002
19:45:58| Dealer sold: Kia MM, 1995
19:45:58| Factory created: Ford A1, 2012
19:45:58| Dealer sold: Buick G35, 2018
19:45:58| Factory created: Infiniti Flat, 2021
19:45:58| Dealer sold: Toyota Tall, 2008
19:45:58| Factory created: Hyundai Town, 2000
19:45:58| Dealer sold: Chevrolet XLS, 2023
19:45:58| Factory created: Ford Titan, 2016
19:45:58| Factory created: Smart Sport, 2006
19:45:58| Dealer sold: Mazda Ranger, 2002
19:45:58| Factory created: Infiniti XLE, 2011
19:45:58| Dealer sold: Mitsubishi XLE, 2005
19:45:58| Factory created: Ford M1X, 2023
19:45:58| Dealer sold: Volvo Viper, 1997
19:45:58| Dealer sold: Ford A1, 2012
19:45:58| Factory created: Chrysler F150, 2007
19:45:58| Dealer sold: Infiniti Flat, 2021
19:45:58| Factory created: Subaru GX, 2020
19:45:58| Factory created: Kia G35, 2010
19:45:58| Dealer sold: Hyundai Town, 2000
19:45:58| Factory created: Jeep Tall, 2009
19:45:58| Dealer sold: Ford Titan, 2016
19:45:58| Factory created: Dodge RX, 1999
19:45:58| Dealer sold: Smart Sport, 2006
19:45:58| Factory created: Infiniti Charger, 2007
19:45:58| Dealer sold: Infiniti XLE, 2011
19:45:58| Factory created: Fiat SE, 2023
19:45:58| Dealer sold: Ford M1X, 2023
19:45:58| Factory created: Mitsubishi Charger, 2005
19:45:58| Dealer sold: Chrysler F150, 2007
19:45:58| Factory created: Toyota Round, 1990
19:45:58| Dealer sold: Subaru GX, 2020
19:45:58| Dealer sold: Kia G35, 2010
19:45:58| Factory created: Hyundai Titan, 2000
19:45:58| Dealer sold: Jeep Tall, 2009
19:45:58| Factory created: Lexus A2, 2022
19:45:58| Dealer sold: Dodge RX, 1999
19:45:58| Factory created: Smart XLS, 2015
19:45:58| Factory created: Dodge F150, 2004
19:45:58| Factory created: Buick Viper, 2019
19:45:58| Dealer sold: Infiniti Charger, 2007
19:45:58| Dealer sold: Fiat SE, 2023
19:45:58| Dealer sold: Mitsubishi Charger, 2005
19:45:58| Factory created: Volvo M1, 2002
19:45:58| Dealer sold: Toyota Round, 1990
19:45:58| Dealer sold: Hyundai Titan, 2000
19:45:58| Dealer sold: Lexus A2, 2022
19:45:58| Factory created: Lexus MM, 2010
19:45:58| Dealer sold: Smart XLS, 2015
19:45:58| Factory created: Mitsubishi Titan, 1997
19:45:58| Dealer sold: Dodge F150, 2004
19:45:58| Dealer sold: Buick Viper, 2019
19:45:58| Factory created: Volkswagen XLS, 2013
19:45:58| Dealer sold: Volvo M1, 2002
19:45:58| Dealer sold: Lexus MM, 2010
19:45:58| Dealer sold: Mitsubishi Titan, 1997
19:45:58| Dealer sold: Volkswagen XLS, 2013
19:45:58| Factory created: Dodge RX, 2001
19:45:58| Dealer sold: Dodge RX, 2001
19:45:58| Factory created: Subaru A1, 2009
19:45:58| Dealer sold: Subaru A1, 2009
19:45:58| Factory created: Kia Ranger, 1997
19:45:58| Dealer sold: Kia Ranger, 1997
19:45:58| Factory created: Fiat XLS, 2008
19:45:58| Dealer sold: Fiat XLS, 2008
19:45:58| Factory created: Dodge SXE, 1993
19:45:58| Factory created: Volvo GX, 2013
19:45:58| Factory created: Acura Round, 2002
19:45:58| Dealer sold: Dodge SXE, 1993
19:45:58| Factory created: Kia M1X, 2004
19:45:58| Dealer sold: Volvo GX, 2013
19:45:58| Dealer sold: Acura Round, 2002
19:45:58| Dealer sold: Kia M1X, 2004
19:45:58| Factory created: Lexus Town, 2019
19:45:58| Factory created: Volvo Flat, 1992
19:45:58| Dealer sold: Lexus Town, 2019
19:45:58| Factory created: Buick Titan, 2004
19:45:58| Dealer sold: Volvo Flat, 1992
19:45:58| Dealer sold: Buick Titan, 2004
19:45:58| Factory created: Mitsubishi F150, 2010
19:45:58| Factory created: Hyundai Super, 2011
19:45:58| Dealer sold: Mitsubishi F150, 2010
19:45:58| Dealer sold: Hyundai Super, 2011
19:45:58| Factory created: Subaru M1, 1997
19:45:58| Factory created: Toyota Titan, 2010
19:45:58| Dealer sold: Subaru M1, 1997
19:45:58| Factory created: Toyota Middle, 2009
19:45:58| Factory created: Nissan M1, 2013
19:45:58| Dealer sold: Toyota Titan, 2010
19:45:58| Factory created: Smart M1X, 1994
19:45:58| Dealer sold: Toyota Middle, 2009
19:45:58| Dealer sold: Nissan M1, 2013
19:45:58| Dealer sold: Smart M1X, 1994
19:45:58| Factory created: Volvo XL, 2000
19:45:58| Factory created: Smart Super, 2005
19:45:58| Dealer sold: Volvo XL, 2000
19:45:58| Dealer sold: Smart Super, 2005
19:45:58| Factory created: Lexus F150, 1998
19:45:58| Dealer sold: Lexus F150, 1998
19:45:58| Factory created: Toyota MM, 2002
19:45:58| Factory created: Mitsubishi SE, 2015
19:45:58| Dealer sold: Toyota MM, 2002
19:45:58| Factory created: Acura XLS, 2004
19:45:58| Dealer sold: Mitsubishi SE, 2015
19:45:58| Dealer sold: Acura XLS, 2004
19:45:58| Factory created: Ford Round, 1990
19:45:58| Dealer sold: Ford Round, 1990
19:45:58| Factory created: Buick Super, 1997
19:45:58| Dealer sold: Buick Super, 1997
19:45:58| Factory created: Dodge Charger, 2023
19:45:58| Dealer sold: Dodge Charger, 2023
19:45:58| Factory created: Acura A1, 2007
19:45:58| Dealer sold: Acura A1, 2007
19:45:58| Factory created: Kia SE, 2012
19:45:58| Dealer sold: Kia SE, 2012
19:45:58| Factory created: Smart M5, 2022
19:45:58| Dealer sold: Smart M5, 2022
19:45:58| Factory created: Hyundai XLS, 1994
19:45:58| Dealer sold: Hyundai XLS, 1994
19:45:58| Factory created: Chrysler Grand, 2004
19:45:58| Factory created: Fiat Flat, 2017
19:45:58| Dealer sold: Chrysler Grand, 2004
19:45:58| Factory created: Subaru Grand, 2019
19:45:58| Dealer sold: Fiat Flat, 2017
19:45:58| Dealer sold: Subaru Grand, 2019
19:45:58| Factory created: Chrysler XLS, 2007
19:45:58| Dealer sold: Chrysler XLS, 2007
19:45:58| Factory created: Chrysler M1, 2002
19:45:58| Dealer sold: Chrysler M1, 2002
19:45:58| Factory created: Volvo Sport, 2004
19:45:58| Dealer sold: Volvo Sport, 2004
19:45:58| Factory created: Chevrolet Super, 1993
19:45:58| Dealer sold: Chevrolet Super, 1993
19:45:58| Factory created: Toyota A1, 2000
19:45:58| Dealer sold: Toyota A1, 2000
19:45:58| Factory created: Toyota Town, 2015
19:45:58| Dealer sold: Toyota Town, 2015
19:45:58| Factory created: Mitsubishi F150, 1998
19:45:58| Factory created: Subaru Flat, 2022
19:45:58| Factory created: Nissan XOX, 2023
19:45:58| Dealer sold: Mitsubishi F150, 1998
19:45:58| Factory created: Nissan Super, 2009
19:45:58| Dealer sold: Subaru Flat, 2022
19:45:58| Factory created: Kia Tall, 2013
19:45:58| Dealer sold: Nissan XOX, 2023
19:45:58| Dealer sold: Nissan Super, 2009
19:45:58| Dealer sold: Kia Tall, 2013
19:45:58| Factory created: Dodge Flat, 2010
19:45:58| Factory created: Volvo MM, 2018
19:45:58| Dealer sold: Dodge Flat, 2010
19:45:58| Factory created: Volvo A1, 2018
19:45:58| Dealer sold: Volvo MM, 2018
19:45:58| Factory created: Fiat XL, 2020
19:45:58| Dealer sold: Volvo A1, 2018
19:45:58| Dealer sold: Fiat XL, 2020
19:45:58| Factory created: Chrysler XLE, 1994
19:45:58| Dealer sold: Chrysler XLE, 1994
19:45:58| Factory created: Ford M1X, 2002
19:45:58| Dealer sold: Ford M1X, 2002
19:45:58| Factory created: Acura Grand, 2006
19:45:58| Dealer sold: Acura Grand, 2006
19:45:58| Factory created: Volvo Flat, 1999
19:45:58| Factory created: Buick RX, 2010
19:45:58| Dealer sold: Volvo Flat, 1999
19:45:58| Dealer sold: Buick RX, 2010
19:45:58| Factory created: Hyundai Charger, 2022
19:45:58| Dealer sold: Hyundai Charger, 2022
19:45:58| Factory created: Volvo M5, 2002
19:45:58| Factory created: Subaru Charger, 1997
19:45:58| Dealer sold: Volvo M5, 2002
19:45:59| Dealer sold: Subaru Charger, 1997
19:45:59| Factory created: Hyundai RX, 2011
19:45:59| Factory created: Jeep MM, 2006
19:45:59| Dealer sold: Hyundai RX, 2011
19:45:59| Factory created: Mitsubishi SXE, 2010
19:45:59| Factory created: Chevrolet RX, 2021
19:45:59| Dealer sold: Jeep MM, 2006
19:45:59| Dealer sold: Mitsubishi SXE, 2010
19:45:59| Factory created: Kia Super, 1990
19:45:59| Factory created: Volvo SE, 2013
19:45:59| Dealer sold: Chevrolet RX, 2021
19:45:59| Factory created: Dodge MM, 1995
19:45:59| Dealer sold: Kia Super, 1990
19:45:59| Dealer sold: Volvo SE, 2013
19:45:59| Dealer sold: Dodge MM, 1995
19:45:59| Factory created: Infiniti Viper, 2021
19:45:59| Dealer sold: Infiniti Viper, 2021
19:45:59| Factory created: Toyota SXE, 1994
19:45:59| Factory created: Dodge M1, 1991
19:45:59| Dealer sold: Toyota SXE, 1994
19:45:59| Dealer sold: Dodge M1, 1991
19:45:59| Factory created: Buick M1, 2000
19:45:59| Dealer sold: Buick M1, 2000
19:45:59| Factory created: Hyundai F150, 1996
19:45:59| Factory created: Ford Grand, 2006
19:45:59| Factory created: Chrysler Sport, 2010
19:45:59| Dealer sold: Hyundai F150, 1996
19:45:59| Factory created: Subaru A2, 2006
19:45:59| Factory created: Mazda Viper, 1991
19:45:59| Dealer sold: Ford Grand, 2006
19:45:59| Factory created: Hyundai XOX, 2008
19:45:59| Dealer sold: Chrysler Sport, 2010
19:45:59| Dealer sold: Subaru A2, 2006
19:45:59| Factory created: Jeep XOX, 1997
19:45:59| Factory created: Chrysler Round, 2009
19:45:59| Dealer sold: Mazda Viper, 1991
19:45:59| Factory created: Chrysler M1, 2005
19:45:59| Dealer sold: Hyundai XOX, 2008
19:45:59| Dealer sold: Jeep XOX, 1997
19:45:59| Factory created: Hyundai A1, 1994
19:45:59| Factory created: Chevrolet Viper, 2003
19:45:59| Dealer sold: Chrysler Round, 2009
19:45:59| Dealer sold: Chrysler M1, 2005
19:45:59| Dealer sold: Hyundai A1, 1994
19:45:59| Factory created: Chevrolet SE, 2023
19:45:59| Dealer sold: Chevrolet Viper, 2003
19:45:59| Factory created: Honda Viper, 2016
19:45:59| Dealer sold: Chevrolet SE, 2023
19:45:59| Factory created: Subaru M1X, 2013
19:45:59| Dealer sold: Honda Viper, 2016
19:45:59| Factory created: Honda M1X, 2000
19:45:59| Dealer sold: Subaru M1X, 2013
19:45:59| Factory created: Smart Super, 2004
19:45:59| Dealer sold: Honda M1X, 2000
19:45:59| Factory created: Subaru A2, 2016
19:45:59| Factory created: Hyundai M5, 2000
19:45:59| Dealer sold: Smart Super, 2004
19:45:59| Factory created: Mitsubishi XLE, 2017
19:45:59| Dealer sold: Subaru A2, 2016
19:45:59| Factory created: Chevrolet Grand, 2016
19:45:59| Dealer sold: Hyundai M5, 2000
19:45:59| Factory created: Jeep Tall, 1994
19:45:59| Dealer sold: Mitsubishi XLE, 2017
19:45:59| Dealer sold: Chevrolet Grand, 2016
19:45:59| Factory created: Buick SXE, 2017
19:45:59| Dealer sold: Jeep Tall, 1994
19:45:59| Factory created: Kia Grand, 2017
19:45:59| Factory created: Toyota XL, 2006
19:45:59| Dealer sold: Buick SXE, 2017
19:45:59| Factory created: Kia Ranger, 2002
19:45:59| Dealer sold: Kia Grand, 2017
19:45:59| Factory created: Volkswagen XOX, 1991
19:45:59| Factory created: Nissan F150, 2011
19:45:59| Dealer sold: Toyota XL, 2006
19:45:59| Factory created: Infiniti A2, 2018
19:45:59| Dealer sold: Kia Ranger, 2002
19:45:59| Factory created: Dodge GX, 2003
19:45:59| Factory created: Smart RX, 2010
19:45:59| Dealer sold: Volkswagen XOX, 1991
19:45:59| Factory created: Hyundai Flat, 2012
19:45:59| Dealer sold: Nissan F150, 2011
19:45:59| Dealer sold: Infiniti A2, 2018
19:45:59| Dealer sold: Dodge GX, 2003
19:45:59| Factory created: Lexus Ranger, 2014
19:45:59| Dealer sold: Smart RX, 2010
19:45:59| Dealer sold: Hyundai Flat, 2012
19:45:59| Factory created: Smart Town, 2020
19:45:59| Dealer sold: Lexus Ranger, 2014
19:45:59| Factory created: Jeep Sport, 2009
19:45:59| Factory created: Honda XLS, 1993
19:45:59| Dealer sold: Smart Town, 2020
19:45:59| Factory created: Toyota MM, 2014
19:45:59| Factory created: Lexus M1, 1997
19:45:59| Dealer sold: Jeep Sport, 2009
19:45:59| Dealer sold: Honda XLS, 1993
19:45:59| Factory created: Jeep Town, 1999
19:45:59| Factory created: Chrysler Charger, 1996
19:45:59| Dealer sold: Toyota MM, 2014
19:45:59| Dealer sold: Lexus M1, 1997
19:45:59| Dealer sold: Jeep Town, 1999
19:45:59| Factory created: Lexus Round, 2013
19:45:59| Dealer sold: Chrysler Charger, 1996
19:45:59| Dealer sold: Lexus Round, 2013
19:45:59| Factory created: Buick SE, 2004
19:45:59| Dealer sold: Buick SE, 2004
19:45:59| Factory created: Jeep RX, 1991
19:45:59| Dealer sold: Jeep RX, 1991
19:45:59| Factory created: Volvo Super, 1994
19:45:59| Dealer sold: Volvo Super, 1994
19:45:59| Factory created: Chevrolet Titan, 1998
19:45:59| Dealer sold: Chevrolet Titan, 1998
19:45:59| Factory created: Acura Viper, 2023
19:45:59| Dealer sold: Acura Viper, 2023
19:45:59| Factory created: Chevrolet MM, 1998
19:45:59| Dealer sold: Chevrolet MM, 1998
19:45:59| Factory created: Dodge XL, 1991
19:45:59| Dealer sold: Dodge XL, 1991
19:45:59| Factory created: Mitsubishi RX, 2017
19:45:59| Dealer sold: Mitsubishi RX, 2017
19:45:59| Factory created: Volkswagen Super, 2011
19:45:59| Dealer sold: Volkswagen Super, 2011
19:45:59| Factory created: Volkswagen M1X, 1990
19:45:59| Dealer sold: Volkswagen M1X, 1990
19:45:59| Factory created: Fiat Flat, 1990
19:45:59| Dealer sold: Fiat Flat, 1990
19:45:59| Factory created: Mitsubishi Grand, 1998
19:45:59| Factory created: Lexus Grand, 2017
19:45:59| Factory created: Mitsubishi XLE, 2008
19:45:59| Dealer sold: Mitsubishi Grand, 1998
19:45:59| Factory created: Dodge A2, 2018
19:45:59| Factory created: Lexus Town, 2007
19:45:59| Dealer sold: Lexus Grand, 2017
19:45:59| Factory created: Fiat XLE, 1991
19:45:59| Dealer sold: Mitsubishi XLE, 2008
19:45:59| Dealer sold: Dodge A2, 2018
19:45:59| Factory created: Dodge Titan, 2021
19:45:59| Dealer sold: Lexus Town, 2007
19:45:59| Factory created: Fiat F150, 2005
19:45:59| Factory created: Subaru RX, 1991
19:45:59| Dealer sold: Fiat XLE, 1991
19:45:59| Dealer sold: Dodge Titan, 2021
19:45:59| Factory created: Ford A2, 2011
19:45:59| Dealer sold: Fiat F150, 2005
19:45:59| Factory created: Volvo Sport, 2016
19:45:59| Factory created: Dodge Tall, 2022
19:45:59| Dealer sold: Subaru RX, 1991
19:45:59| Factory created: Lexus F150, 1992
19:45:59| Dealer sold: Ford A2, 2011
19:45:59| Dealer sold: Volvo Sport, 2016
19:45:59| Dealer sold: Dodge Tall, 2022
19:45:59| Factory created: Mitsubishi XOX, 2000
19:45:59| Factory created: Toyota XLS, 2019
19:45:59| Factory created: Buick MM, 1996
19:45:59| Dealer sold: Lexus F150, 1992
19:45:59| Dealer sold: Mitsubishi XOX, 2000
19:45:59| Factory created: Infiniti A1, 2004
19:45:59| Factory created: Subaru Tall, 2014
19:45:59| Dealer sold: Toyota XLS, 2019
19:45:59| Factory created: Hyundai RX, 2002
19:45:59| Dealer sold: Buick MM, 1996
19:45:59| Dealer sold: Infiniti A1, 2004
19:45:59| Factory created: Volkswagen Town, 2020
19:45:59| Dealer sold: Subaru Tall, 2014
19:45:59| Factory created: Honda Tall, 2023
19:45:59| Dealer sold: Hyundai RX, 2002
19:45:59| Factory created: Toyota SE, 1997
19:45:59| Dealer sold: Volkswagen Town, 2020
19:45:59| Factory created: Acura Flat, 2004
19:45:59| Dealer sold: Honda Tall, 2023
19:45:59| Dealer sold: Toyota SE, 1997
19:45:59| Factory created: Chevrolet MM, 2001
19:45:59| Factory created: Acura F150, 2002
19:45:59| Dealer sold: Acura Flat, 2004
19:45:59| Dealer sold: Chevrolet MM, 2001
19:45:59| Factory created: Infiniti Grand, 2012
19:45:59| Dealer sold: Acura F150, 2002
19:45:59| Dealer sold: Infiniti Grand, 2012
19:45:59| Factory created: Dodge Flat, 2022
19:45:59| Dealer sold: Dodge Flat, 2022
19:46:00| Factory created: Mitsubishi XLE, 2000
19:46:00| Dealer sold: Mitsubishi XLE, 2000
19:46:00| Factory created: Buick Middle, 2015
19:46:00| Dealer sold: Buick Middle, 2015
19:46:00| Factory created: Volkswagen Super, 2005
19:46:00| Dealer sold: Volkswagen Super, 2005
19:46:00| Factory created: Volvo Sport, 1990
19:46:00| Dealer sold: Volvo Sport, 1990
19:46:00| Factory created: Ford Flat, 2016
19:46:00| Dealer sold: Ford Flat, 2016
19:46:00| Factory created: Chevrolet Viper, 2021
19:46:00| Factory created: Subaru RX, 2007
19:46:00| Dealer sold: Chevrolet Viper, 2021
19:46:00| Factory created: Chevrolet XLE, 2006
19:46:00| Factory created: Kia Titan, 2023
19:46:00| Dealer sold: Subaru RX, 2007
19:46:00| Dealer sold: Chevrolet XLE, 2006
19:46:00| Factory created: Volvo Flat, 2009
19:46:00| Factory created: Volvo XLS, 2015
19:46:00| Dealer sold: Kia Titan, 2023
19:46:00| Dealer sold: Volvo Flat, 2009
19:46:00| Dealer sold: Volvo XLS, 2015
19:46:00| Factory created: Buick XOX, 1992
19:46:00| Dealer sold: Buick XOX, 1992
19:46:00| Factory created: Toyota SXE, 1990
19:46:00| Factory created: Buick RX, 2008
19:46:00| Dealer sold: Toyota SXE, 1990
19:46:00| Factory created: Toyota SXE, 2021
19:46:00| Dealer sold: Buick RX, 2008
19:46:00| Dealer sold: Toyota SXE, 2021
19:46:00| Factory created: Chrysler Middle, 1997
19:46:00| Dealer sold: Chrysler Middle, 1997
19:46:00| Factory created: Infiniti Middle, 2013
19:46:00| Dealer sold: Infiniti Middle, 2013
19:46:00| Factory created: Volvo Viper, 2006
19:46:00| Dealer sold: Volvo Viper, 2006
19:46:00| Factory created: Mazda A2, 2002
19:46:00| Dealer sold: Mazda A2, 2002
19:46:00| Factory created: Mazda Super, 2012
19:46:00| Dealer sold: Mazda Super, 2012
19:46:00| Factory created: Dodge Round, 2015
19:46:00| Dealer sold: Dodge Round, 2015
19:46:00| Factory created: Honda MM, 2004
19:46:00| Dealer sold: Honda MM, 2004
19:46:00| Factory created: Chevrolet M5, 2005
19:46:00| Dealer sold: Chevrolet M5, 2005
19:46:00| Factory created: Lexus Tall, 1999
19:46:00| Factory created: Subaru GX, 2008
19:46:00| Dealer sold: Lexus Tall, 1999
19:46:00| Dealer sold: Subaru GX, 2008
19:46:00| Factory created: Mazda Middle, 1990
19:46:00| Dealer sold: Mazda Middle, 1990
19:46:00| Factory created: Kia A2, 2008
19:46:00| Dealer sold: Kia A2, 2008
19:46:00| Factory created: Mazda Tall, 2001
19:46:00| Factory created: Nissan XL, 2021
19:46:00| Dealer sold: Mazda Tall, 2001
19:46:00| Factory created: Mitsubishi XLS, 2019
19:46:00| Dealer sold: Nissan XL, 2021
19:46:00| Factory created: Acura M5, 2002
19:46:00| Factory created: Hyundai M1X, 1999
19:46:00| Factory created: Chevrolet Flat, 2018
19:46:00| Dealer sold: Mitsubishi XLS, 2019
19:46:00| Factory created: Kia XOX, 1994
19:46:00| Dealer sold: Acura M5, 2002
19:46:00| Factory created: Subaru Grand, 2005
19:46:00| Dealer sold: Hyundai M1X, 1999
19:46:00| Factory created: Mazda Round, 2014
19:46:00| Dealer sold: Chevrolet Flat, 2018
19:46:00| Factory created: Jeep Town, 2000
19:46:00| Factory created: Jeep F150, 2001
19:46:00| Dealer sold: Kia XOX, 1994
19:46:00| Dealer sold: Subaru Grand, 2005
19:46:00| Factory created: Volkswagen Flat, 2023
19:46:00| Factory created: Honda Tall, 2010
19:46:00| Dealer sold: Mazda Round, 2014
19:46:00| Factory created: Buick XOX, 2004
19:46:00| Dealer sold: Jeep Town, 2000
19:46:00| Factory created: Kia Viper, 2013
19:46:00| Factory created: Subaru SXE, 2007
19:46:00| Factory created: Acura Ranger, 1993
19:46:00| Dealer sold: Jeep F150, 2001
19:46:00| Dealer sold: Volkswagen Flat, 2023
19:46:00| Dealer sold: Honda Tall, 2010
19:46:00| Factory created: Hyundai Town, 2017
19:46:00| Dealer sold: Buick XOX, 2004
19:46:00| Factory created: Subaru XLS, 2004
19:46:00| Dealer sold: Kia Viper, 2013
19:46:00| Factory created: Hyundai XLS, 1992
19:46:00| Dealer sold: Subaru SXE, 2007
19:46:00| Factory created: Volvo G35, 1994
19:46:00| Dealer sold: Acura Ranger, 1993
19:46:00| Dealer sold: Hyundai Town, 2017
19:46:00| Factory created: Buick XLS, 2009
19:46:00| Dealer sold: Subaru XLS, 2004
19:46:00| Dealer sold: Hyundai XLS, 1992
19:46:00| Dealer sold: Volvo G35, 1994
19:46:00| Factory created: Mitsubishi SE, 2019
19:46:00| Factory created: Fiat MM, 2015
19:46:00| Dealer sold: Buick XLS, 2009
19:46:00| Dealer sold: Mitsubishi SE, 2019
19:46:00| Dealer sold: Fiat MM, 2015
19:46:00| Factory created: Ford GX, 2019
19:46:00| Factory created: Kia SE, 2012
19:46:00| Factory created: Chrysler M1X, 2017
19:46:00| Dealer sold: Ford GX, 2019
19:46:00| Dealer sold: Kia SE, 2012
19:46:00| Factory created: Subaru XOX, 2003
19:46:00| Dealer sold: Chrysler M1X, 2017
19:46:00| Dealer sold: Subaru XOX, 2003
19:46:00| Factory created: Kia SE, 2016
19:46:00| Factory created: Lexus Ranger, 2009
19:46:00| Dealer sold: Kia SE, 2016
19:46:00| Factory created: Jeep Super, 2007
19:46:00| Factory created: Buick Charger, 1996
19:46:00| Factory created: Smart M1X, 2015
19:46:00| Dealer sold: Lexus Ranger, 2009
19:46:00| Factory created: Mazda Flat, 1996
19:46:00| Dealer sold: Jeep Super, 2007
19:46:00| Factory created: Honda MM, 2021
19:46:00| Factory created: Kia G35, 2002
19:46:00| Dealer sold: Buick Charger, 1996
19:46:00| Factory created: Toyota A2, 2021
19:46:00| Factory created: Smart F150, 2018
19:46:00| Dealer sold: Smart M1X, 2015
19:46:00| Dealer sold: Mazda Flat, 1996
19:46:00| Factory created: Subaru A1, 2009
19:46:00| Factory created: Hyundai F150, 2013
19:46:00| Dealer sold: Honda MM, 2021
19:46:00| Factory created: Subaru M1X, 1995
19:46:00| Factory created: Toyota XL, 1995
19:46:00| Factory created: Chrysler Ranger, 2019
19:46:00| Dealer sold: Kia G35, 2002
19:46:00| Dealer sold: Toyota A2, 2021
19:46:00| Factory created: Dodge M5, 2001
19:46:00| Dealer sold: Smart F150, 2018
19:46:00| Factory created: Lexus RX, 1999
19:46:00| Dealer sold: Subaru A1, 2009
19:46:00| Factory created: Honda Ranger, 2015
19:46:00| Factory created: Buick G35, 2017
19:46:00| Dealer sold: Hyundai F150, 2013
19:46:00| Dealer sold: Subaru M1X, 1995
19:46:00| Dealer sold: Toyota XL, 1995
19:46:00| Factory created: Fiat Town, 2001
19:46:00| Dealer sold: Chrysler Ranger, 2019
19:46:00| Factory created: Hyundai Round, 1994
19:46:00| Dealer sold: Dodge M5, 2001
19:46:00| Factory created: Acura Middle, 2010
19:46:00| Factory created: Buick A1, 2008
19:46:00| Dealer sold: Lexus RX, 1999
19:46:00| Factory created: Lexus A1, 2012
19:46:00| Dealer sold: Honda Ranger, 2015
19:46:00| Factory created: Nissan A2, 1994
19:46:00| Dealer sold: Buick G35, 2017
19:46:00| Dealer sold: Fiat Town, 2001
19:46:00| Factory created: Chrysler XLS, 2016
19:46:00| Factory created: Nissan SE, 1994
19:46:00| Factory created: Dodge Round, 2008
19:46:00| Factory created: Chevrolet Tall, 2011
19:46:00| Dealer sold: Hyundai Round, 1994
19:46:00| Factory created: Chrysler Titan, 2018
19:46:00| Dealer sold: Acura Middle, 2010
19:46:00| Dealer sold: Buick A1, 2008
19:46:00| Factory created: Mitsubishi Grand, 2008
19:46:00| Factory created: Fiat RX, 2001
19:46:00| Dealer sold: Lexus A1, 2012
19:46:00| Factory created: Lexus G35, 2010
19:46:00| Dealer sold: Nissan A2, 1994
19:46:00| Dealer sold: Chrysler XLS, 2016
19:46:00| Factory created: Lexus F150, 2014
19:46:00| Factory created: Mitsubishi Super, 1990
19:46:00| Factory created: Infiniti M1, 1994
19:46:00| Dealer sold: Nissan SE, 1994
19:46:00| Factory created: Infiniti Tall, 1997
19:46:00| Dealer sold: Dodge Round, 2008
19:46:00| Factory created: Dodge G35, 2020
19:46:01| Dealer sold: Chevrolet Tall, 2011
19:46:01| Factory created: Volkswagen G35, 2008
19:46:01| Dealer sold: Chrysler Titan, 2018
19:46:01| Factory created: Dodge M1, 2010
19:46:01| Dealer sold: Mitsubishi Grand, 2008
19:46:01| Factory created: Kia F150, 1992
19:46:01| Dealer sold: Fiat RX, 2001
19:46:01| Dealer sold: Lexus G35, 2010
19:46:01| Factory created: Acura Super, 1990
19:46:01| Factory created: Jeep Tall, 2006
19:46:01| Dealer sold: Lexus F150, 2014
19:46:01| Factory created: Subaru Round, 2008
19:46:01| Dealer sold: Mitsubishi Super, 1990
19:46:01| Factory created: Volvo GX, 1994
19:46:01| Dealer sold: Infiniti M1, 1994
19:46:01| Dealer sold: Infiniti Tall, 1997
19:46:01| Dealer sold: Dodge G35, 2020
19:46:01| Factory created: Acura M5, 2014
19:46:01| Dealer sold: Volkswagen G35, 2008
19:46:01| Factory created: Hyundai Titan, 1998
19:46:01| Factory created: Honda Super, 2017
19:46:01| Factory created: Fiat Tall, 2018
19:46:01| Dealer sold: Dodge M1, 2010
19:46:01| Factory created: Fiat F150, 2009
19:46:01| Dealer sold: Kia F150, 1992
19:46:01| Factory created: Fiat Ranger, 2016
19:46:01| Dealer sold: Acura Super, 1990
19:46:01| Factory created: Chrysler SE, 2023
19:46:01| Dealer sold: Jeep Tall, 2006
19:46:01| Factory created: Dodge M1, 2003
19:46:01| Dealer sold: Subaru Round, 2008
19:46:01| Dealer sold: Volvo GX, 1994
19:46:01| Factory created: Mitsubishi F150, 2017
19:46:01| Factory created: Smart Viper, 2018
19:46:01| Dealer sold: Acura M5, 2014
19:46:01| Factory created: Subaru Super, 2002
19:46:01| Dealer sold: Hyundai Titan, 1998
19:46:01| Factory created: Toyota Titan, 2023
19:46:01| Dealer sold: Honda Super, 2017
19:46:01| Factory created: Nissan Viper, 2009
19:46:01| Dealer sold: Fiat Tall, 2018
19:46:01| Dealer sold: Fiat F150, 2009
19:46:01| Factory created: Chrysler SXE, 2009
19:46:01| Factory created: Hyundai A2, 2003
19:46:01| Dealer sold: Fiat Ranger, 2016
19:46:01| Factory created: Subaru MM, 1993
19:46:01| Dealer sold: Chrysler SE, 2023
19:46:01| Factory created: Infiniti A1, 2004
19:46:01| Dealer sold: Dodge M1, 2003
19:46:01| Factory created: Mitsubishi GX, 2005
19:46:01| Dealer sold: Mitsubishi F150, 2017
19:46:01| Factory created: Toyota Tall, 2006
19:46:01| Dealer sold: Smart Viper, 2018
19:46:01| Dealer sold: Subaru Super, 2002
19:46:01| Factory created: Smart F150, 2009
19:46:01| Factory created: Buick F150, 2009
19:46:01| Dealer sold: Toyota Titan, 2023
19:46:01| Dealer sold: Nissan Viper, 2009
19:46:01| Dealer sold: Chrysler SXE, 2009
19:46:01| Dealer sold: Hyundai A2, 2003
19:46:01| Factory created: Buick GX, 2001
19:46:01| Dealer sold: Subaru MM, 1993
19:46:01| Dealer sold: Infiniti A1, 2004
19:46:01| Dealer sold: Mitsubishi GX, 2005
19:46:01| Dealer sold: Toyota Tall, 2006
19:46:01| Dealer sold: Smart F150, 2009
19:46:01| Dealer sold: Buick F150, 2009
19:46:01| Dealer sold: Buick GX, 2001
19:46:01| All 500 have been created and sold = 5.60472917
