17:56:29| Factory created: Nissan XLE, 1991
17:56:29| Dealer sold: Nissan XLE, 1991
17:56:29| Factory created: Buick RX, 2018
17:56:29| Dealer sold: Buick RX, 2018
17:56:29| Factory created: Ford A2, 1994
17:56:29| Dealer sold: Ford A2, 1994
17:56:29| Factory created: Dodge Tall, 2014
17:56:29| Dealer sold: Dodge Tall, 2014
17:56:29| Factory created: Dodge A2, 1992
17:56:29| Dealer sold: Dodge A2, 1992
17:56:29| Factory created: Kia GX, 2006
17:56:29| Dealer sold: Kia GX, 2006
17:56:29| Factory created: Volvo XLE, 2017
17:56:29| Dealer sold: Volvo XLE, 2017
17:56:29| Factory created: Mitsubishi F150, 1997
17:56:29| Dealer sold: Mitsubishi F150, 1997
17:56:29| Factory created: Chevrolet Charger, 2018
17:56:29| Dealer sold: Chevrolet Charger, 2018
17:56:29| Factory created: Hyundai SXE, 2022
17:56:29| Factory created: Dodge A1, 2016
17:56:29| Dealer sold: Hyundai SXE, 2022
17:56:29| Factory created: Buick SXE, 2014
17:56:29| Dealer sold: Dodge A1, 2016
17:56:29| Factory created: Fiat XL, 2017
17:56:29| Factory created: Kia Super, 2004
17:56:29| Dealer sold: Buick SXE, 2014
17:56:29| Factory created: Acura SXE, 2019
17:56:29| Dealer sold: Fiat XL, 2017
17:56:29| Dealer sold: Kia Super, 2004
17:56:29| Factory created: Kia XL, 2013
17:56:29| Dealer sold: Acura SXE, 2019
17:56:29| Dealer sold: Kia XL, 2013
17:56:29| Factory created: Honda XLE, 2019
17:56:29| Dealer sold: Honda XLE, 2019
17:56:29| Factory created: Subaru F150, 1994
17:56:29| Dealer sold: Subaru F150, 1994
17:56:29| Factory created: Honda G35, 1992
17:56:29| Dealer sold: Honda G35, 1992
17:56:29| Factory created: Chevrolet Round, 2005
17:56:29| Factory created: Ford SXE, 2014
17:56:29| Dealer sold: Chevrolet Round, 2005
17:56:29| Factory created: Jeep M5, 1999
17:56:29| Factory created: Kia Viper, 1998
17:56:29| Dealer sold: Ford SXE, 2014
17:56:29| Factory created: Kia XOX, 2005
17:56:29| Dealer sold: Jeep M5, 1999
17:56:29| Factory created: Nissan Middle, 1990
17:56:29| Dealer sold: Kia Viper, 1998
17:56:29| Factory created: Ford Ranger, 2002
17:56:29| Dealer sold: Kia XOX, 2005
17:56:29| Dealer sold: Nissan Middle, 1990
17:56:29| Factory created: Infiniti M1, 2017
17:56:29| Factory created: Mazda SE, 1995
17:56:29| Dealer sold: Ford Ranger, 2002
17:56:29| Factory created: Hyundai M1X, 2015
17:56:29| Dealer sold: Infiniti M1, 2017
17:56:29| Dealer sold: Mazda SE, 1995
17:56:29| Factory created: Buick Titan, 1997
17:56:29| Factory created: Kia Ranger, 2002
17:56:29| Dealer sold: Hyundai M1X, 2015
17:56:29| Factory created: Nissan Grand, 1997
17:56:29| Dealer sold: Buick Titan, 1997
17:56:29| Factory created: Fiat A2, 1991
17:56:29| Factory created: Acura M1X, 1991
17:56:29| Dealer sold: Kia Ranger, 2002
17:56:29| Factory created: Kia Grand, 2006
17:56:29| Factory created: Mitsubishi G35, 2008
17:56:29| Dealer sold: Nissan Grand, 1997
17:56:29| Factory created: Nissan Ranger, 1991
17:56:29| Dealer sold: Fiat A2, 1991
17:56:29| Factory created: Toyota Middle, 2010
17:56:29| Dealer sold: Acura M1X, 1991
17:56:29| Dealer sold: Kia Grand, 2006
17:56:29| Factory created: Chrysler Titan, 2014
17:56:29| Factory created: Volvo XOX, 1996
17:56:29| Dealer sold: Mitsubishi G35, 2008
17:56:29| Dealer sold: Nissan Ranger, 1991
17:56:29| Factory created: Acura Flat, 2013
17:56:29| Dealer sold: Toyota Middle, 2010
17:56:29| Dealer sold: Chrysler Titan, 2014
17:56:29| Factory created: Smart XLE, 2016
17:56:29| Factory created: Ford A2, 2018
17:56:29| Factory created: Lexus Viper, 2011
17:56:29| Dealer sold: Volvo XOX, 1996
17:56:29| Dealer sold: Acura Flat, 2013
17:56:29| Factory created: Nissan A1, 2000
17:56:29| Dealer sold: Smart XLE, 2016
17:56:29| Factory created: Jeep A2, 2017
17:56:29| Dealer sold: Ford A2, 2018
17:56:29| Factory created: Mitsubishi Sport, 2014
17:56:29| Factory created: Mazda Middle, 2014
17:56:29| Dealer sold: Lexus Viper, 2011
17:56:29| Factory created: Smart XLE, 1994
17:56:29| Factory created: Volkswagen M1, 1990
17:56:29| Dealer sold: Nissan A1, 2000
17:56:29| Dealer sold: Jeep A2, 2017
17:56:29| Factory created: Honda XLS, 2023
17:56:29| Factory created: Buick MM, 2015
17:56:29| Dealer sold: Mitsubishi Sport, 2014
17:56:29| Factory created: Volvo Viper, 2012
17:56:29| Factory created: Mazda Flat, 2020
17:56:29| Dealer sold: Mazda Middle, 2014
17:56:29| Dealer sold: Smart XLE, 1994
17:56:29| Factory created: Dodge Tall, 2022
17:56:29| Dealer sold: Volkswagen M1, 1990
17:56:29| Dealer sold: Honda XLS, 2023
17:56:29| Factory created: Mazda Charger, 2000
17:56:29| Dealer sold: Buick MM, 2015
17:56:29| Factory created: Dodge M1X, 2010
17:56:29| Factory created: Subaru Charger, 2012
17:56:29| Dealer sold: Volvo Viper, 2012
17:56:29| Dealer sold: Mazda Flat, 2020
17:56:29| Factory created: Hyundai XLE, 1999
17:56:29| Dealer sold: Dodge Tall, 2022
17:56:29| Factory created: Honda Ranger, 2012
17:56:29| Dealer sold: Mazda Charger, 2000
17:56:29| Factory created: Smart XL, 2003
17:56:29| Dealer sold: Dodge M1X, 2010
17:56:29| Factory created: Acura G35, 2007
17:56:29| Dealer sold: Subaru Charger, 2012
17:56:29| Factory created: Volkswagen XLS, 2015
17:56:29| Factory created: Smart SXE, 1995
17:56:29| Factory created: Kia Flat, 1994
17:56:29| Dealer sold: Hyundai XLE, 1999
17:56:29| Dealer sold: Honda Ranger, 2012
17:56:29| Factory created: Infiniti Sport, 2001
17:56:29| Factory created: Fiat Round, 2006
17:56:29| Dealer sold: Smart XL, 2003
17:56:29| Factory created: Toyota Viper, 1995
17:56:29| Factory created: Kia Town, 2019
17:56:29| Dealer sold: Acura G35, 2007
17:56:29| Factory created: Mazda MM, 2007
17:56:29| Dealer sold: Volkswagen XLS, 2015
17:56:29| Factory created: Hyundai Ranger, 2014
17:56:29| Factory created: Buick G35, 2002
17:56:29| Dealer sold: Smart SXE, 1995
17:56:29| Dealer sold: Kia Flat, 1994
17:56:29| Dealer sold: Infiniti Sport, 2001
17:56:29| Factory created: Buick MM, 2001
17:56:29| Dealer sold: Fiat Round, 2006
17:56:29| Factory created: Chrysler GX, 2018
17:56:29| Factory created: Mitsubishi XLE, 1994
17:56:29| Factory created: Smart Viper, 2017
17:56:29| Dealer sold: Toyota Viper, 1995
17:56:29| Dealer sold: Kia Town, 2019
17:56:29| Factory created: Ford Sport, 2011
17:56:29| Dealer sold: Mazda MM, 2007
17:56:29| Factory created: Chrysler F150, 1993
17:56:29| Dealer sold: Hyundai Ranger, 2014
17:56:29| Factory created: Mitsubishi F150, 2001
17:56:29| Factory created: Chrysler XLS, 1994
17:56:29| Dealer sold: Buick G35, 2002
17:56:29| Factory created: Jeep XLS, 2021
17:56:29| Factory created: Acura Town, 2017
17:56:29| Dealer sold: Buick MM, 2001
17:56:29| Factory created: Toyota Middle, 2023
17:56:30| Dealer sold: Chrysler GX, 2018
17:56:30| Factory created: Chrysler Ranger, 1990
17:56:30| Dealer sold: Mitsubishi XLE, 1994
17:56:30| Factory created: Honda M1, 2018
17:56:30| Dealer sold: Smart Viper, 2017
17:56:30| Factory created: Kia Charger, 1999
17:56:30| Dealer sold: Ford Sport, 2011
17:56:30| Factory created: Lexus Grand, 2023
17:56:30| Dealer sold: Chrysler F150, 1993
17:56:30| Factory created: Buick Tall, 2015
17:56:30| Dealer sold: Mitsubishi F150, 2001
17:56:30| Factory created: Mazda Ranger, 2013
17:56:30| Dealer sold: Chrysler XLS, 1994
17:56:30| Factory created: Dodge Town, 2020
17:56:30| Dealer sold: Jeep XLS, 2021
17:56:30| Dealer sold: Acura Town, 2017
17:56:30| Dealer sold: Toyota Middle, 2023
17:56:30| Factory created: Chevrolet A2, 2015
17:56:30| Factory created: Buick MM, 2020
17:56:30| Dealer sold: Chrysler Ranger, 1990
17:56:30| Factory created: Mazda MM, 1993
17:56:30| Factory created: Acura Tall, 2018
17:56:30| Dealer sold: Honda M1, 2018
17:56:30| Factory created: Chevrolet XOX, 1999
17:56:30| Dealer sold: Kia Charger, 1999
17:56:30| Factory created: Acura Flat, 2020
17:56:30| Dealer sold: Lexus Grand, 2023
17:56:30| Factory created: Lexus Viper, 1998
17:56:30| Dealer sold: Buick Tall, 2015
17:56:30| Factory created: Dodge M5, 2008
17:56:30| Dealer sold: Mazda Ranger, 2013
17:56:30| Dealer sold: Dodge Town, 2020
17:56:30| Factory created: Honda M1, 1992
17:56:30| Factory created: Hyundai Town, 2000
17:56:30| Dealer sold: Chevrolet A2, 2015
17:56:30| Dealer sold: Buick MM, 2020
17:56:30| Factory created: Hyundai Middle, 1993
17:56:30| Dealer sold: Mazda MM, 1993
17:56:30| Factory created: Toyota M1, 1992
17:56:30| Dealer sold: Acura Tall, 2018
17:56:30| Dealer sold: Chevrolet XOX, 1999
17:56:30| Factory created: Hyundai XOX, 2008
17:56:30| Factory created: Dodge XLS, 2021
17:56:30| Factory created: Volkswagen Charger, 1999
17:56:30| Dealer sold: Acura Flat, 2020
17:56:30| Factory created: Volkswagen F150, 2006
17:56:30| Dealer sold: Lexus Viper, 1998
17:56:30| Dealer sold: Dodge M5, 2008
17:56:30| Dealer sold: Honda M1, 1992
17:56:30| Factory created: Infiniti Tall, 1994
17:56:30| Dealer sold: Hyundai Town, 2000
17:56:30| Factory created: Acura Ranger, 2023
17:56:30| Factory created: Honda M1X, 2007
17:56:30| Dealer sold: Hyundai Middle, 1993
17:56:30| Factory created: Mazda GX, 2022
17:56:30| Dealer sold: Toyota M1, 1992
17:56:30| Dealer sold: Hyundai XOX, 2008
17:56:30| Dealer sold: Dodge XLS, 2021
17:56:30| Factory created: Fiat Tall, 2019
17:56:30| Dealer sold: Volkswagen Charger, 1999
17:56:30| Factory created: Hyundai Charger, 2018
17:56:30| Dealer sold: Volkswagen F150, 2006
17:56:30| Factory created: Volkswagen MM, 2000
17:56:30| Dealer sold: Infiniti Tall, 1994
17:56:30| Factory created: Buick A2, 2015
17:56:30| Factory created: Mazda Tall, 2013
17:56:30| Dealer sold: Acura Ranger, 2023
17:56:30| Dealer sold: Honda M1X, 2007
17:56:30| Factory created: Hyundai M1, 1993
17:56:30| Factory created: Mitsubishi Middle, 2016
17:56:30| Dealer sold: Mazda GX, 2022
17:56:30| Dealer sold: Fiat Tall, 2019
17:56:30| Factory created: Honda Charger, 2023
17:56:30| Factory created: Infiniti Flat, 2020
17:56:30| Dealer sold: Hyundai Charger, 2018
17:56:30| Factory created: Mitsubishi XOX, 1990
17:56:30| Factory created: Honda XLS, 1993
17:56:30| Dealer sold: Volkswagen MM, 2000
17:56:30| Factory created: Honda G35, 2016
17:56:30| Dealer sold: Buick A2, 2015
17:56:30| Factory created: Mitsubishi M5, 2015
17:56:30| Factory created: Ford Super, 1994
17:56:30| Dealer sold: Mazda Tall, 2013
17:56:30| Factory created: Toyota M1X, 2018
17:56:30| Dealer sold: Hyundai M1, 1993
17:56:30| Factory created: Infiniti SE, 2003
17:56:30| Dealer sold: Mitsubishi Middle, 2016
17:56:30| Factory created: Volvo Sport, 2013
17:56:30| Dealer sold: Honda Charger, 2023
17:56:30| Dealer sold: Infiniti Flat, 2020
17:56:30| Factory created: Volkswagen MM, 2005
17:56:30| Dealer sold: Mitsubishi XOX, 1990
17:56:30| Factory created: Mazda A1, 2001
17:56:30| Dealer sold: Honda XLS, 1993
17:56:30| Factory created: Buick Flat, 2009
17:56:30| Dealer sold: Honda G35, 2016
17:56:30| Factory created: Volvo MM, 1994
17:56:30| Dealer sold: Mitsubishi M5, 2015
17:56:30| Factory created: Mitsubishi M5, 1998
17:56:30| Factory created: Infiniti Middle, 1994
17:56:30| Dealer sold: Ford Super, 1994
17:56:30| Factory created: Subaru Middle, 1992
17:56:30| Dealer sold: Toyota M1X, 2018
17:56:30| Factory created: Hyundai XLS, 2023
17:56:30| Dealer sold: Infiniti SE, 2003
17:56:30| Factory created: Fiat RX, 1992
17:56:30| Dealer sold: Volvo Sport, 2013
17:56:30| Factory created: Dodge A2, 2019
17:56:30| Dealer sold: Volkswagen MM, 2005
17:56:30| Factory created: Smart XL, 2012
17:56:30| Dealer sold: Mazda A1, 2001
17:56:30| Factory created: Kia Town, 2002
17:56:30| Dealer sold: Buick Flat, 2009
17:56:30| Dealer sold: Volvo MM, 1994
17:56:30| Factory created: Dodge SXE, 2009
17:56:30| Dealer sold: Mitsubishi M5, 1998
17:56:30| Factory created: Smart Flat, 2023
17:56:30| Factory created: Volvo M1X, 2000
17:56:30| Dealer sold: Infiniti Middle, 1994
17:56:30| Dealer sold: Subaru Middle, 1992
17:56:30| Factory created: Lexus Grand, 1993
17:56:30| Factory created: Jeep M1X, 2007
17:56:30| Dealer sold: Hyundai XLS, 2023
17:56:30| Dealer sold: Fiat RX, 1992
17:56:30| Factory created: Volvo SE, 1993
17:56:30| Dealer sold: Dodge A2, 2019
17:56:30| Factory created: Mitsubishi M1X, 2021
17:56:30| Dealer sold: Smart XL, 2012
17:56:30| Dealer sold: Kia Town, 2002
17:56:30| Factory created: Smart Viper, 2000
17:56:30| Dealer sold: Dodge SXE, 2009
17:56:30| Factory created: Subaru GX, 2014
17:56:30| Dealer sold: Smart Flat, 2023
17:56:30| Factory created: Volvo Grand, 1999
17:56:30| Dealer sold: Volvo M1X, 2000
17:56:30| Dealer sold: Lexus Grand, 1993
17:56:30| Factory created: Buick Grand, 2005
17:56:30| Dealer sold: Jeep M1X, 2007
17:56:30| Dealer sold: Volvo SE, 1993
17:56:30| Factory created: Smart Round, 2007
17:56:30| Dealer sold: Mitsubishi M1X, 2021
17:56:30| Factory created: Smart SXE, 1995
17:56:30| Dealer sold: Smart Viper, 2000
17:56:30| Factory created: Fiat Grand, 1996
17:56:30| Factory created: Dodge G35, 2006
17:56:30| Dealer sold: Subaru GX, 2014
17:56:30| Dealer sold: Volvo Grand, 1999
17:56:30| Dealer sold: Buick Grand, 2005
17:56:30| Factory created: Smart Super, 2016
17:56:30| Dealer sold: Smart Round, 2007
17:56:30| Dealer sold: Smart SXE, 1995
17:56:30| Dealer sold: Fiat Grand, 1996
17:56:30| Factory created: Kia M1X, 2010
17:56:30| Dealer sold: Dodge G35, 2006
17:56:30| Dealer sold: Smart Super, 2016
17:56:30| Factory created: Nissan Round, 2002
17:56:30| Factory created: Buick Grand, 1996
17:56:30| Dealer sold: Kia M1X, 2010
17:56:30| Factory created: Kia XLS, 1996
17:56:30| Dealer sold: Nissan Round, 2002
17:56:30| Factory created: Ford SXE, 1991
17:56:30| Factory created: Toyota XOX, 2005
17:56:30| Dealer sold: Buick Grand, 1996
17:56:30| Factory created: Lexus XLS, 2000
17:56:30| Factory created: Fiat Sport, 2021
17:56:30| Dealer sold: Kia XLS, 1996
17:56:30| Dealer sold: Ford SXE, 1991
17:56:30| Factory created: Subaru Round, 2005
17:56:30| Dealer sold: Toyota XOX, 2005
17:56:30| Dealer sold: Lexus XLS, 2000
17:56:30| Factory created: Infiniti SE, 2008
17:56:30| Dealer sold: Fiat Sport, 2021
17:56:30| Factory created: Volvo A1, 1999
17:56:30| Factory created: Jeep Town, 2008
17:56:30| Dealer sold: Subaru Round, 2005
17:56:30| Factory created: Acura Tall, 2010
17:56:30| Factory created: Chevrolet Round, 1998
17:56:30| Dealer sold: Infiniti SE, 2008
17:56:31| Dealer sold: Volvo A1, 1999
17:56:31| Factory created: Fiat XLS, 2004
17:56:31| Dealer sold: Jeep Town, 2008
17:56:31| Factory created: Fiat F150, 2004
17:56:31| Dealer sold: Acura Tall, 2010
17:56:31| Dealer sold: Chevrolet Round, 1998
17:56:31| Factory created: Acura Grand, 2000
17:56:31| Dealer sold: Fiat XLS, 2004
17:56:31| Factory created: Jeep Sport, 2021
17:56:31| Factory created: Lexus Town, 1998
17:56:31| Dealer sold: Fiat F150, 2004
17:56:31| Dealer sold: Acura Grand, 2000
17:56:31| Dealer sold: Jeep Sport, 2021
17:56:31| Factory created: Toyota Titan, 1995
17:56:31| Factory created: Jeep G35, 2013
17:56:31| Dealer sold: Lexus Town, 1998
17:56:31| Factory created: Chevrolet Flat, 2013
17:56:31| Factory created: Acura XOX, 2012
17:56:31| Dealer sold: Toyota Titan, 1995
17:56:31| Factory created: Chevrolet Round, 1993
17:56:31| Factory created: Smart G35, 2019
17:56:31| Dealer sold: Jeep G35, 2013
17:56:31| Factory created: Mitsubishi XLE, 2008
17:56:31| Dealer sold: Chevrolet Flat, 2013
17:56:31| Factory created: Mazda GX, 1991
17:56:31| Dealer sold: Acura XOX, 2012
17:56:31| Factory created: Chevrolet Viper, 2009
17:56:31| Factory created: Toyota Flat, 2014
17:56:31| Dealer sold: Chevrolet Round, 1993
17:56:31| Factory created: Volkswagen Charger, 2006
17:56:31| Dealer sold: Smart G35, 2019
17:56:31| Dealer sold: Mitsubishi XLE, 2008
17:56:31| Factory created: Buick RX, 2022
17:56:31| Dealer sold: Mazda GX, 1991
17:56:31| Factory created: Ford XL, 2018
17:56:31| Factory created: Chevrolet Round, 2022
17:56:31| Dealer sold: Chevrolet Viper, 2009
17:56:31| Factory created: Chrysler Charger, 1996
17:56:31| Dealer sold: Toyota Flat, 2014
17:56:31| Factory created: Chevrolet Ranger, 2005
17:56:31| Factory created: Kia Sport, 1994
17:56:31| Dealer sold: Volkswagen Charger, 2006
17:56:31| Factory created: Jeep Round, 2003
17:56:31| Dealer sold: Buick RX, 2022
17:56:31| Factory created: Volkswagen A1, 2006
17:56:31| Dealer sold: Ford XL, 2018
17:56:31| Factory created: Chevrolet Town, 1994
17:56:31| Dealer sold: Chevrolet Round, 2022
17:56:31| Dealer sold: Chrysler Charger, 1996
17:56:31| Factory created: Ford XLS, 2018
17:56:31| Dealer sold: Chevrolet Ranger, 2005
17:56:31| Factory created: Buick XL, 2005
17:56:31| Dealer sold: Kia Sport, 1994
17:56:31| Factory created: Fiat Ranger, 2008
17:56:31| Factory created: Fiat Super, 1997
17:56:31| Factory created: Hyundai Town, 2011
17:56:31| Dealer sold: Jeep Round, 2003
17:56:31| Dealer sold: Volkswagen A1, 2006
17:56:31| Factory created: Subaru Charger, 2000
17:56:31| Factory created: Infiniti SE, 2020
17:56:31| Dealer sold: Chevrolet Town, 1994
17:56:31| Factory created: Mazda Middle, 2018
17:56:31| Factory created: Nissan G35, 2015
17:56:31| Dealer sold: Ford XLS, 2018
17:56:31| Factory created: Subaru GX, 1994
17:56:31| Dealer sold: Buick XL, 2005
17:56:31| Dealer sold: Fiat Ranger, 2008
17:56:31| Factory created: Hyundai Super, 2018
17:56:31| Factory created: Jeep A2, 2003
17:56:31| Dealer sold: Fiat Super, 1997
17:56:31| Factory created: Lexus MM, 2010
17:56:31| Dealer sold: Hyundai Town, 2011
17:56:31| Factory created: Mitsubishi M1X, 2006
17:56:31| Dealer sold: Subaru Charger, 2000
17:56:31| Factory created: Lexus F150, 2021
17:56:31| Factory created: Chevrolet Flat, 1994
17:56:31| Dealer sold: Infiniti SE, 2020
17:56:31| Factory created: Volvo G35, 1990
17:56:31| Dealer sold: Mazda Middle, 2018
17:56:31| Dealer sold: Nissan G35, 2015
17:56:31| Factory created: Acura M1, 1993
17:56:31| Dealer sold: Subaru GX, 1994
17:56:31| Factory created: Volkswagen MM, 1997
17:56:31| Factory created: Chrysler Super, 2010
17:56:31| Dealer sold: Hyundai Super, 2018
17:56:31| Factory created: Dodge GX, 2023
17:56:31| Dealer sold: Jeep A2, 2003
17:56:31| Factory created: Volkswagen Ranger, 2008
17:56:31| Dealer sold: Lexus MM, 2010
17:56:31| Factory created: Mazda Grand, 2020
17:56:31| Dealer sold: Mitsubishi M1X, 2006
17:56:31| Factory created: Dodge Charger, 2004
17:56:31| Dealer sold: Lexus F150, 2021
17:56:31| Factory created: Infiniti F150, 2005
17:56:31| Dealer sold: Chevrolet Flat, 1994
17:56:31| Factory created: Ford SE, 1996
17:56:31| Dealer sold: Volvo G35, 1990
17:56:31| Dealer sold: Acura M1, 1993
17:56:31| Factory created: Smart GX, 2023
17:56:31| Dealer sold: Volkswagen MM, 1997
17:56:31| Factory created: Toyota Titan, 2011
17:56:31| Dealer sold: Chrysler Super, 2010
17:56:31| Dealer sold: Dodge GX, 2023
17:56:31| Factory created: Honda Titan, 2013
17:56:31| Dealer sold: Volkswagen Ranger, 2008
17:56:31| Dealer sold: Mazda Grand, 2020
17:56:31| Dealer sold: Dodge Charger, 2004
17:56:31| Factory created: Hyundai RX, 1999
17:56:31| Factory created: Fiat SE, 2023
17:56:31| Dealer sold: Infiniti F150, 2005
17:56:31| Factory created: Nissan XOX, 2005
17:56:31| Dealer sold: Ford SE, 1996
17:56:31| Dealer sold: Smart GX, 2023
17:56:31| Factory created: Subaru SXE, 1994
17:56:31| Factory created: Dodge Tall, 2005
17:56:31| Dealer sold: Toyota Titan, 2011
17:56:31| Dealer sold: Honda Titan, 2013
17:56:31| Factory created: Acura Round, 2018
17:56:31| Dealer sold: Hyundai RX, 1999
17:56:31| Factory created: Infiniti Sport, 2019
17:56:31| Factory created: Chevrolet XLE, 2022
17:56:31| Dealer sold: Fiat SE, 2023
17:56:31| Factory created: Kia G35, 2019
17:56:31| Dealer sold: Nissan XOX, 2005
17:56:31| Factory created: Kia Middle, 2016
17:56:31| Factory created: Mitsubishi Titan, 2010
17:56:31| Factory created: Mazda M5, 1997
17:56:31| Factory created: Jeep G35, 2015
17:56:31| Dealer sold: Subaru SXE, 1994
17:56:31| Factory created: Chevrolet SE, 2010
17:56:31| Dealer sold: Dodge Tall, 2005
17:56:31| Dealer sold: Acura Round, 2018
17:56:31| Factory created: Ford G35, 1996
17:56:31| Factory created: Buick GX, 2018
17:56:31| Dealer sold: Infiniti Sport, 2019
17:56:31| Factory created: Volvo SE, 2007
17:56:31| Dealer sold: Chevrolet XLE, 2022
17:56:31| Factory created: Hyundai M1X, 2002
17:56:31| Dealer sold: Kia G35, 2019
17:56:31| Dealer sold: Kia Middle, 2016
17:56:31| Factory created: Kia XLS, 2010
17:56:31| Factory created: Buick A2, 2020
17:56:31| Dealer sold: Mitsubishi Titan, 2010
17:56:31| Factory created: Fiat XOX, 2011
17:56:31| Dealer sold: Mazda M5, 1997
17:56:31| Factory created: Smart Charger, 2004
17:56:31| Dealer sold: Jeep G35, 2015
17:56:31| Factory created: Toyota XLS, 2004
17:56:31| Dealer sold: Chevrolet SE, 2010
17:56:31| Dealer sold: Ford G35, 1996
17:56:31| Factory created: Smart A2, 1992
17:56:31| Factory created: Mazda F150, 2006
17:56:31| Dealer sold: Buick GX, 2018
17:56:31| Factory created: Buick M5, 1994
17:56:31| Dealer sold: Volvo SE, 2007
17:56:31| Factory created: Chrysler RX, 1991
17:56:31| Dealer sold: Hyundai M1X, 2002
17:56:31| Factory created: Toyota Charger, 2000
17:56:31| Dealer sold: Kia XLS, 2010
17:56:31| Factory created: Jeep Super, 1995
17:56:31| Dealer sold: Buick A2, 2020
17:56:31| Factory created: Chrysler SXE, 2000
17:56:31| Dealer sold: Fiat XOX, 2011
17:56:31| Factory created: Toyota Middle, 1999
17:56:31| Dealer sold: Smart Charger, 2004
17:56:31| Factory created: Fiat XL, 1991
17:56:31| Dealer sold: Toyota XLS, 2004
17:56:31| Factory created: Subaru G35, 1999
17:56:31| Dealer sold: Smart A2, 1992
17:56:31| Factory created: Mazda GX, 2000
17:56:31| Dealer sold: Mazda F150, 2006
17:56:31| Factory created: Mitsubishi Super, 1992
17:56:31| Dealer sold: Buick M5, 1994
17:56:31| Factory created: Fiat M5, 2000
17:56:31| Dealer sold: Chrysler RX, 1991
17:56:31| Factory created: Hyundai M1, 2001
17:56:31| Dealer sold: Toyota Charger, 2000
17:56:31| Dealer sold: Jeep Super, 1995
17:56:31| Factory created: Honda Flat, 1997
17:56:32| Dealer sold: Chrysler SXE, 2000
17:56:32| Factory created: Infiniti A1, 1997
17:56:32| Dealer sold: Toyota Middle, 1999
17:56:32| Dealer sold: Fiat XL, 1991
17:56:32| Factory created: Kia M1, 2002
17:56:32| Dealer sold: Subaru G35, 1999
17:56:32| Factory created: Ford Middle, 2021
17:56:32| Dealer sold: Mazda GX, 2000
17:56:32| Factory created: Buick XL, 1999
17:56:32| Dealer sold: Mitsubishi Super, 1992
17:56:32| Factory created: Nissan Ranger, 2001
17:56:32| Factory created: Smart Round, 2016
17:56:32| Dealer sold: Fiat M5, 2000
17:56:32| Factory created: Chevrolet MM, 2014
17:56:32| Dealer sold: Hyundai M1, 2001
17:56:32| Dealer sold: Honda Flat, 1997
17:56:32| Factory created: Mitsubishi GX, 2007
17:56:32| Dealer sold: Infiniti A1, 1997
17:56:32| Factory created: Nissan A1, 2007
17:56:32| Factory created: Honda Sport, 2003
17:56:32| Dealer sold: Kia M1, 2002
17:56:32| Factory created: Acura Sport, 1994
17:56:32| Dealer sold: Ford Middle, 2021
17:56:32| Factory created: Smart Charger, 2005
17:56:32| Factory created: Hyundai A1, 1995
17:56:32| Dealer sold: Buick XL, 1999
17:56:32| Dealer sold: Nissan Ranger, 2001
17:56:32| Factory created: Kia M1X, 2014
17:56:32| Dealer sold: Smart Round, 2016
17:56:32| Factory created: Jeep F150, 2003
17:56:32| Dealer sold: Chevrolet MM, 2014
17:56:32| Factory created: Lexus XLS, 2018
17:56:32| Dealer sold: Mitsubishi GX, 2007
17:56:32| Dealer sold: Nissan A1, 2007
17:56:32| Factory created: Fiat XLE, 2022
17:56:32| Factory created: Toyota M5, 2009
17:56:32| Dealer sold: Honda Sport, 2003
17:56:32| Factory created: Acura Sport, 2015
17:56:32| Dealer sold: Acura Sport, 1994
17:56:32| Factory created: Kia Flat, 2014
17:56:32| Dealer sold: Smart Charger, 2005
17:56:32| Factory created: Nissan Charger, 1998
17:56:32| Factory created: Ford SE, 2006
17:56:32| Dealer sold: Hyundai A1, 1995
17:56:32| Factory created: Acura Ranger, 2006
17:56:32| Dealer sold: Kia M1X, 2014
17:56:32| Factory created: Honda Titan, 2005
17:56:32| Dealer sold: Jeep F150, 2003
17:56:32| Factory created: Toyota M5, 2003
17:56:32| Dealer sold: Lexus XLS, 2018
17:56:32| Factory created: Hyundai RX, 1999
17:56:32| Dealer sold: Fiat XLE, 2022
17:56:32| Factory created: Kia MM, 2021
17:56:32| Dealer sold: Toyota M5, 2009
17:56:32| Factory created: Chevrolet F150, 1995
17:56:32| Dealer sold: Acura Sport, 2015
17:56:32| Factory created: Volkswagen Viper, 2015
17:56:32| Dealer sold: Kia Flat, 2014
17:56:32| Factory created: Fiat RX, 2009
17:56:32| Dealer sold: Nissan Charger, 1998
17:56:32| Factory created: Ford SE, 2019
17:56:32| Dealer sold: Ford SE, 2006
17:56:32| Factory created: Kia Town, 1990
17:56:32| Dealer sold: Acura Ranger, 2006
17:56:32| Factory created: Subaru RX, 2012
17:56:32| Dealer sold: Honda Titan, 2005
17:56:32| Dealer sold: Toyota M5, 2003
17:56:32| Factory created: Kia XOX, 1991
17:56:32| Dealer sold: Hyundai RX, 1999
17:56:32| Factory created: Hyundai Flat, 1999
17:56:32| Dealer sold: Kia MM, 2021
17:56:32| Factory created: Acura A1, 2013
17:56:32| Dealer sold: Chevrolet F150, 1995
17:56:32| Dealer sold: Volkswagen Viper, 2015
17:56:32| Factory created: Jeep A1, 2004
17:56:32| Factory created: Nissan Ranger, 2011
17:56:32| Dealer sold: Fiat RX, 2009
17:56:32| Factory created: Mitsubishi XLS, 2020
17:56:32| Dealer sold: Ford SE, 2019
17:56:32| Factory created: Dodge GX, 1996
17:56:32| Dealer sold: Kia Town, 1990
17:56:32| Factory created: Kia Grand, 2007
17:56:32| Dealer sold: Subaru RX, 2012
17:56:32| Dealer sold: Kia XOX, 1991
17:56:32| Factory created: Volvo XOX, 1999
17:56:32| Dealer sold: Hyundai Flat, 1999
17:56:32| Dealer sold: Acura A1, 2013
17:56:32| Factory created: Mitsubishi F150, 2004
17:56:32| Dealer sold: Jeep A1, 2004
17:56:32| Dealer sold: Nissan Ranger, 2011
17:56:32| Factory created: Honda Round, 2014
17:56:32| Dealer sold: Mitsubishi XLS, 2020
17:56:32| Factory created: Mitsubishi Sport, 2007
17:56:32| Dealer sold: Dodge GX, 1996
17:56:32| Dealer sold: Kia Grand, 2007
17:56:32| Factory created: Infiniti Viper, 2002
17:56:32| Factory created: Acura XLE, 2009
17:56:32| Dealer sold: Volvo XOX, 1999
17:56:32| Factory created: Jeep Viper, 1994
17:56:32| Factory created: Lexus XLS, 2004
17:56:32| Dealer sold: Mitsubishi F150, 2004
17:56:32| Dealer sold: Honda Round, 2014
17:56:32| Dealer sold: Mitsubishi Sport, 2007
17:56:32| Factory created: Ford Middle, 2019
17:56:32| Factory created: Ford MM, 2015
17:56:32| Dealer sold: Infiniti Viper, 2002
17:56:32| Dealer sold: Acura XLE, 2009
17:56:32| Factory created: Volvo Charger, 1997
17:56:32| Dealer sold: Jeep Viper, 1994
17:56:32| Dealer sold: Lexus XLS, 2004
17:56:32| Factory created: Nissan M5, 2001
17:56:32| Dealer sold: Ford Middle, 2019
17:56:32| Factory created: Smart A1, 1997
17:56:32| Dealer sold: Ford MM, 2015
17:56:32| Factory created: Acura Middle, 1998
17:56:32| Dealer sold: Volvo Charger, 1997
17:56:32| Factory created: Jeep RX, 2001
17:56:32| Dealer sold: Nissan M5, 2001
17:56:32| Factory created: Jeep GX, 2002
17:56:32| Factory created: Mazda G35, 2004
17:56:32| Dealer sold: Smart A1, 1997
17:56:32| Factory created: Chrysler MM, 2021
17:56:32| Dealer sold: Acura Middle, 1998
17:56:32| Factory created: Nissan A2, 2015
17:56:32| Dealer sold: Jeep RX, 2001
17:56:32| Factory created: Chevrolet XOX, 2022
17:56:32| Dealer sold: Jeep GX, 2002
17:56:32| Factory created: Jeep Viper, 2018
17:56:32| Dealer sold: Mazda G35, 2004
17:56:32| Dealer sold: Chrysler MM, 2021
17:56:32| Factory created: Nissan SE, 2000
17:56:32| Factory created: Chevrolet XL, 1993
17:56:32| Dealer sold: Nissan A2, 2015
17:56:32| Factory created: Fiat Flat, 1996
17:56:32| Dealer sold: Chevrolet XOX, 2022
17:56:32| Factory created: Ford Grand, 2007
17:56:32| Dealer sold: Jeep Viper, 2018
17:56:32| Dealer sold: Nissan SE, 2000
17:56:32| Factory created: Mitsubishi XLS, 2005
17:56:32| Factory created: Mazda XOX, 2004
17:56:32| Dealer sold: Chevrolet XL, 1993
17:56:32| Factory created: Mitsubishi Round, 1999
17:56:32| Dealer sold: Fiat Flat, 1996
17:56:32| Factory created: Jeep XL, 1996
17:56:32| Factory created: Buick Titan, 1990
17:56:32| Factory created: Fiat Ranger, 1996
17:56:32| Dealer sold: Ford Grand, 2007
17:56:32| Dealer sold: Mitsubishi XLS, 2005
17:56:32| Dealer sold: Mazda XOX, 2004
17:56:32| Factory created: Infiniti Town, 2016
17:56:32| Dealer sold: Mitsubishi Round, 1999
17:56:32| Factory created: Volkswagen XL, 2009
17:56:32| Dealer sold: Jeep XL, 1996
17:56:32| Dealer sold: Buick Titan, 1990
17:56:32| Factory created: Lexus RX, 2015
17:56:32| Dealer sold: Fiat Ranger, 1996
17:56:32| Factory created: Smart MM, 2021
17:56:32| Dealer sold: Infiniti Town, 2016
17:56:32| Dealer sold: Volkswagen XL, 2009
17:56:32| Factory created: Buick Charger, 2023
17:56:32| Factory created: Mazda M1X, 2001
17:56:32| Dealer sold: Lexus RX, 2015
17:56:32| Factory created: Dodge XLS, 2023
17:56:32| Dealer sold: Smart MM, 2021
17:56:32| Dealer sold: Buick Charger, 2023
17:56:32| Factory created: Ford Titan, 1997
17:56:32| Factory created: Fiat GX, 2008
17:56:32| Factory created: Hyundai A2, 2001
17:56:32| Dealer sold: Mazda M1X, 2001
17:56:32| Dealer sold: Dodge XLS, 2023
17:56:32| Factory created: Chrysler Sport, 1995
17:56:32| Dealer sold: Ford Titan, 1997
17:56:32| Factory created: Volkswagen XOX, 2016
17:56:32| Factory created: Chrysler Ranger, 2021
17:56:32| Factory created: Hyundai GX, 2012
17:56:32| Dealer sold: Fiat GX, 2008
17:56:32| Factory created: Mazda Flat, 1999
17:56:32| Dealer sold: Hyundai A2, 2001
17:56:32| Factory created: Ford Sport, 2009
17:56:32| Dealer sold: Chrysler Sport, 1995
17:56:32| Factory created: Subaru Tall, 2008
17:56:32| Dealer sold: Volkswagen XOX, 2016
17:56:32| Factory created: Nissan A1, 2021
17:56:32| Dealer sold: Chrysler Ranger, 2021
17:56:32| Factory created: Chevrolet XLE, 2006
17:56:32| Factory created: Mitsubishi Town, 1999
17:56:32| Dealer sold: Hyundai GX, 2012
17:56:32| Dealer sold: Mazda Flat, 1999
17:56:32| Dealer sold: Ford Sport, 2009
17:56:33| Factory created: Toyota Round, 1997
17:56:33| Dealer sold: Subaru Tall, 2008
17:56:33| Factory created: Infiniti Sport, 2004
17:56:33| Factory created: Infiniti Round, 1990
17:56:33| Dealer sold: Nissan A1, 2021
17:56:33| Factory created: Buick Sport, 2010
17:56:33| Factory created: Subaru Titan, 1998
17:56:33| Dealer sold: Chevrolet XLE, 2006
17:56:33| Factory created: Mazda Town, 2015
17:56:33| Dealer sold: Mitsubishi Town, 1999
17:56:33| Dealer sold: Toyota Round, 1997
17:56:33| Factory created: Hyundai Town, 2018
17:56:33| Dealer sold: Infiniti Sport, 2004
17:56:33| Factory created: Honda Tall, 2022
17:56:33| Dealer sold: Infiniti Round, 1990
17:56:33| Factory created: Dodge Sport, 2008
17:56:33| Dealer sold: Buick Sport, 2010
17:56:33| Dealer sold: Subaru Titan, 1998
17:56:33| Dealer sold: Mazda Town, 2015
17:56:33| Factory created: Hyundai Middle, 2003
17:56:33| Factory created: Volvo Round, 2004
17:56:33| Dealer sold: Hyundai Town, 2018
17:56:33| Dealer sold: Honda Tall, 2022
17:56:33| Dealer sold: Dodge Sport, 2008
17:56:33| Dealer sold: Hyundai Middle, 2003
17:56:33| Factory created: Volkswagen Town, 2010
17:56:33| Dealer sold: Volvo Round, 2004
17:56:33| Factory created: Nissan XOX, 2003
17:56:33| Factory created: Ford Grand, 1998
17:56:33| Dealer sold: Volkswagen Town, 2010
17:56:33| Factory created: Volvo M5, 2010
17:56:33| Dealer sold: Nissan XOX, 2003
17:56:33| Dealer sold: Ford Grand, 1998
17:56:33| Dealer sold: Volvo M5, 2010
17:56:33| Factory created: Fiat Middle, 2015
17:56:33| Dealer sold: Fiat Middle, 2015
17:56:33| Factory created: Chevrolet Viper, 2004
17:56:33| Dealer sold: Chevrolet Viper, 2004
17:56:33| Factory created: Lexus A2, 1999
17:56:33| Dealer sold: Lexus A2, 1999
17:56:33| Factory created: Volkswagen Town, 2021
17:56:33| Dealer sold: Volkswagen Town, 2021
17:56:33| Factory created: Volkswagen Viper, 2009
17:56:33| Factory created: Hyundai F150, 1992
17:56:33| Factory created: Mitsubishi Tall, 1996
17:56:33| Dealer sold: Volkswagen Viper, 2009
17:56:33| Factory created: Volvo XL, 1994
17:56:33| Dealer sold: Hyundai F150, 1992
17:56:33| Factory created: Smart Grand, 2014
17:56:33| Dealer sold: Mitsubishi Tall, 1996
17:56:33| Dealer sold: Volvo XL, 1994
17:56:33| Dealer sold: Smart Grand, 2014
17:56:33| Factory created: Lexus M1, 1996
17:56:33| Dealer sold: Lexus M1, 1996
17:56:33| Factory created: Kia Round, 1999
17:56:33| Dealer sold: Kia Round, 1999
17:56:33| Factory created: Buick A2, 1992
17:56:33| Dealer sold: Buick A2, 1992
17:56:33| Factory created: Ford M1X, 2009
17:56:33| Factory created: Chrysler A2, 1994
17:56:33| Dealer sold: Ford M1X, 2009
17:56:33| Dealer sold: Chrysler A2, 1994
17:56:33| Factory created: Dodge Charger, 2005
17:56:33| Dealer sold: Dodge Charger, 2005
17:56:33| Factory created: Chevrolet Flat, 2006
17:56:33| Factory created: Ford Titan, 1990
17:56:33| Dealer sold: Chevrolet Flat, 2006
17:56:33| Dealer sold: Ford Titan, 1990
17:56:33| Factory created: Dodge F150, 2019
17:56:33| Factory created: Subaru Sport, 1997
17:56:33| Dealer sold: Dodge F150, 2019
17:56:33| Factory created: Volvo XL, 2021
17:56:33| Factory created: Jeep Tall, 2001
17:56:33| Dealer sold: Subaru Sport, 1997
17:56:33| Dealer sold: Volvo XL, 2021
17:56:33| Dealer sold: Jeep Tall, 2001
17:56:33| Factory created: Acura Round, 2002
17:56:33| Dealer sold: Acura Round, 2002
17:56:33| Factory created: Chevrolet Ranger, 1994
17:56:33| Dealer sold: Chevrolet Ranger, 1994
17:56:33| Factory created: Acura M1, 1998
17:56:33| Dealer sold: Acura M1, 1998
17:56:33| Factory created: Ford GX, 1998
17:56:33| Dealer sold: Ford GX, 1998
17:56:33| Factory created: Dodge SXE, 1991
17:56:33| Dealer sold: Dodge SXE, 1991
17:56:33| Factory created: Mitsubishi Grand, 2012
17:56:33| Dealer sold: Mitsubishi Grand, 2012
17:56:33| Factory created: Chevrolet A1, 1998
17:56:33| Factory created: Fiat Viper, 2021
17:56:33| Dealer sold: Chevrolet A1, 1998
17:56:33| Factory created: Chevrolet Tall, 2018
17:56:33| Factory created: Hyundai M1, 1991
17:56:33| Dealer sold: Fiat Viper, 2021
17:56:33| Factory created: Acura SXE, 2010
17:56:33| Dealer sold: Chevrolet Tall, 2018
17:56:33| Dealer sold: Hyundai M1, 1991
17:56:33| Factory created: Jeep XLS, 2017
17:56:33| Dealer sold: Acura SXE, 2010
17:56:33| Factory created: Lexus Titan, 1998
17:56:33| Dealer sold: Jeep XLS, 2017
17:56:33| Dealer sold: Lexus Titan, 1998
17:56:33| Factory created: Fiat Titan, 1997
17:56:33| Dealer sold: Fiat Titan, 1997
17:56:33| Factory created: Nissan Viper, 2006
17:56:33| Dealer sold: Nissan Viper, 2006
17:56:33| Factory created: Hyundai MM, 2000
17:56:33| Dealer sold: Hyundai MM, 2000
17:56:33| Factory created: Jeep Round, 2008
17:56:33| Dealer sold: Jeep Round, 2008
17:56:33| Factory created: Buick Round, 1998
17:56:33| Dealer sold: Buick Round, 1998
17:56:33| Factory created: Dodge Grand, 1992
17:56:33| Dealer sold: Dodge Grand, 1992
17:56:33| Factory created: Lexus M1X, 2015
17:56:33| Dealer sold: Lexus M1X, 2015
17:56:33| Factory created: Volkswagen Round, 2006
17:56:33| Dealer sold: Volkswagen Round, 2006
17:56:33| Factory created: Dodge XLS, 2012
17:56:33| Factory created: Infiniti Middle, 1994
17:56:33| Dealer sold: Dodge XLS, 2012
17:56:33| Factory created: Honda RX, 2017
17:56:33| Dealer sold: Infiniti Middle, 1994
17:56:33| Dealer sold: Honda RX, 2017
17:56:33| Factory created: Nissan Viper, 2004
17:56:33| Factory created: Ford XLS, 2003
17:56:33| Factory created: Mazda Flat, 2006
17:56:33| Dealer sold: Nissan Viper, 2004
17:56:33| Dealer sold: Ford XLS, 2003
17:56:33| Factory created: Hyundai M5, 2004
17:56:33| Dealer sold: Mazda Flat, 2006
17:56:33| Factory created: Ford M1, 2017
17:56:33| Factory created: Volvo Grand, 2002
17:56:33| Dealer sold: Hyundai M5, 2004
17:56:33| Factory created: Dodge SE, 1992
17:56:33| Dealer sold: Ford M1, 2017
17:56:33| Factory created: Acura Town, 1998
17:56:33| Dealer sold: Volvo Grand, 2002
17:56:33| Dealer sold: Dodge SE, 1992
17:56:33| Factory created: Mitsubishi F150, 1999
17:56:33| Dealer sold: Acura Town, 1998
17:56:33| Dealer sold: Mitsubishi F150, 1999
17:56:33| Factory created: Buick Sport, 2004
17:56:33| Dealer sold: Buick Sport, 2004
17:56:33| Factory created: Kia Middle, 2011
17:56:33| Factory created: Toyota Grand, 1991
17:56:33| Dealer sold: Kia Middle, 2011
17:56:33| Dealer sold: Toyota Grand, 1991
17:56:33| Factory created: Fiat SXE, 1995
17:56:33| Dealer sold: Fiat SXE, 1995
17:56:33| Factory created: Volkswagen M1, 2023
17:56:33| Dealer sold: Volkswagen M1, 2023
17:56:33| Factory created: Kia Ranger, 1996
17:56:33| Factory created: Lexus XOX, 1999
17:56:33| Dealer sold: Kia Ranger, 1996
17:56:33| Factory created: Chrysler M1, 1997
17:56:33| Dealer sold: Lexus XOX, 1999
17:56:33| Dealer sold: Chrysler M1, 1997
17:56:33| Factory created: Toyota Ranger, 2008
17:56:33| Dealer sold: Toyota Ranger, 2008
17:56:33| Factory created: Mitsubishi Grand, 1990
17:56:33| Dealer sold: Mitsubishi Grand, 1990
17:56:33| Factory created: Infiniti F150, 1990
17:56:33| Dealer sold: Infiniti F150, 1990
17:56:33| Factory created: Jeep RX, 2004
17:56:33| Factory created: Volkswagen Viper, 2001
17:56:33| Dealer sold: Jeep RX, 2004
17:56:33| Dealer sold: Volkswagen Viper, 2001
17:56:33| Factory created: Kia Middle, 2015
17:56:33| Dealer sold: Kia Middle, 2015
17:56:33| Factory created: Toyota Tall, 1992
17:56:33| Dealer sold: Toyota Tall, 1992
17:56:33| Factory created: Buick A1, 2015
17:56:33| Factory created: Acura M1, 2008
17:56:33| Dealer sold: Buick A1, 2015
17:56:33| Dealer sold: Acura M1, 2008
17:56:33| Factory created: Mazda GX, 1996
17:56:33| Factory created: Acura M1X, 2014
17:56:33| Dealer sold: Mazda GX, 1996
17:56:33| Factory created: Jeep Grand, 2017
17:56:33| Dealer sold: Acura M1X, 2014
17:56:33| Factory created: Acura Grand, 2020
17:56:33| Factory created: Mitsubishi M1, 2018
17:56:33| Factory created: Nissan XLE, 2000
17:56:33| Factory created: Smart Town, 2005
17:56:33| Dealer sold: Jeep Grand, 2017
17:56:33| Factory created: Hyundai XL, 2007
17:56:33| Dealer sold: Acura Grand, 2020
17:56:33| Dealer sold: Mitsubishi M1, 2018
17:56:33| Factory created: Dodge Titan, 2011
17:56:34| Dealer sold: Nissan XLE, 2000
17:56:34| Factory created: Ford A1, 2013
17:56:34| Factory created: Infiniti Charger, 2004
17:56:34| Dealer sold: Smart Town, 2005
17:56:34| Factory created: Toyota M1, 1997
17:56:34| Factory created: Chrysler Titan, 2013
17:56:34| Dealer sold: Hyundai XL, 2007
17:56:34| Factory created: Toyota Flat, 1994
17:56:34| Dealer sold: Dodge Titan, 2011
17:56:34| Factory created: Dodge Middle, 2002
17:56:34| Dealer sold: Ford A1, 2013
17:56:34| Factory created: Infiniti A2, 2001
17:56:34| Dealer sold: Infiniti Charger, 2004
17:56:34| Factory created: Hyundai Town, 2005
17:56:34| Dealer sold: Toyota M1, 1997
17:56:34| Dealer sold: Chrysler Titan, 2013
17:56:34| Factory created: Hyundai XLS, 2002
17:56:34| Dealer sold: Toyota Flat, 1994
17:56:34| Factory created: Chrysler XL, 2012
17:56:34| Factory created: Subaru MM, 2006
17:56:34| Dealer sold: Dodge Middle, 2002
17:56:34| Factory created: Fiat Charger, 1996
17:56:34| Dealer sold: Infiniti A2, 2001
17:56:34| Factory created: Lexus A1, 2014
17:56:34| Dealer sold: Hyundai Town, 2005
17:56:34| Factory created: Volvo MM, 2013
17:56:34| Dealer sold: Hyundai XLS, 2002
17:56:34| Factory created: Volvo MM, 2020
17:56:34| Dealer sold: Chrysler XL, 2012
17:56:34| Dealer sold: Subaru MM, 2006
17:56:34| Factory created: Mitsubishi M5, 2022
17:56:34| Factory created: Toyota Ranger, 2021
17:56:34| Dealer sold: Fiat Charger, 1996
17:56:34| Factory created: Chevrolet F150, 2005
17:56:34| Dealer sold: Lexus A1, 2014
17:56:34| Factory created: Toyota MM, 2001
17:56:34| Factory created: Kia SE, 1996
17:56:34| Factory created: Buick XOX, 2003
17:56:34| Dealer sold: Volvo MM, 2013
17:56:34| Dealer sold: Volvo MM, 2020
17:56:34| Dealer sold: Mitsubishi M5, 2022
17:56:34| Factory created: Acura Ranger, 1992
17:56:34| Dealer sold: Toyota Ranger, 2021
17:56:34| Factory created: Subaru Sport, 1995
17:56:34| Dealer sold: Chevrolet F150, 2005
17:56:34| Factory created: Honda Viper, 2010
17:56:34| Dealer sold: Toyota MM, 2001
17:56:34| Factory created: Hyundai G35, 2009
17:56:34| Factory created: Hyundai Flat, 1992
17:56:34| Dealer sold: Kia SE, 1996
17:56:34| Dealer sold: Buick XOX, 2003
17:56:34| Factory created: Acura RX, 2000
17:56:34| Factory created: Chrysler XOX, 2018
17:56:34| Dealer sold: Acura Ranger, 1992
17:56:34| Dealer sold: Subaru Sport, 1995
17:56:34| Factory created: Hyundai A2, 2002
17:56:34| Dealer sold: Honda Viper, 2010
17:56:34| Factory created: Mazda Ranger, 2020
17:56:34| Dealer sold: Hyundai G35, 2009
17:56:34| Factory created: Honda Middle, 2005
17:56:34| Dealer sold: Hyundai Flat, 1992
17:56:34| Factory created: Buick SE, 2020
17:56:34| Dealer sold: Acura RX, 2000
17:56:34| Factory created: Chrysler XL, 1996
17:56:34| Factory created: Mazda G35, 1999
17:56:34| Dealer sold: Chrysler XOX, 2018
17:56:34| Factory created: Hyundai Titan, 2008
17:56:34| Dealer sold: Hyundai A2, 2002
17:56:34| Factory created: Toyota RX, 2000
17:56:34| Dealer sold: Mazda Ranger, 2020
17:56:34| Dealer sold: Honda Middle, 2005
17:56:34| Factory created: Toyota Viper, 2003
17:56:34| Dealer sold: Buick SE, 2020
17:56:34| Factory created: Subaru Ranger, 2019
17:56:34| Dealer sold: Chrysler XL, 1996
17:56:34| Factory created: Acura M1, 2000
17:56:34| Dealer sold: Mazda G35, 1999
17:56:34| Factory created: Mitsubishi Sport, 2008
17:56:34| Dealer sold: Hyundai Titan, 2008
17:56:34| Factory created: Honda Town, 1991
17:56:34| Dealer sold: Toyota RX, 2000
17:56:34| Factory created: Ford RX, 1990
17:56:34| Dealer sold: Toyota Viper, 2003
17:56:34| Factory created: Subaru Viper, 2016
17:56:34| Dealer sold: Subaru Ranger, 2019
17:56:34| Factory created: Smart A1, 2011
17:56:34| Dealer sold: Acura M1, 2000
17:56:34| Dealer sold: Mitsubishi Sport, 2008
17:56:34| Factory created: Dodge Flat, 2022
17:56:34| Factory created: Chevrolet Tall, 2022
17:56:34| Dealer sold: Honda Town, 1991
17:56:34| Dealer sold: Ford RX, 1990
17:56:34| Factory created: Dodge XLS, 2002
17:56:34| Dealer sold: Subaru Viper, 2016
17:56:34| Factory created: Infiniti RX, 2007
17:56:34| Factory created: Kia M1X, 2008
17:56:34| Dealer sold: Smart A1, 2011
17:56:34| Factory created: Chevrolet XLE, 2020
17:56:34| Dealer sold: Dodge Flat, 2022
17:56:34| Factory created: Chrysler Grand, 2019
17:56:34| Factory created: Acura Ranger, 2017
17:56:34| Dealer sold: Chevrolet Tall, 2022
17:56:34| Dealer sold: Dodge XLS, 2002
17:56:34| Dealer sold: Infiniti RX, 2007
17:56:34| Dealer sold: Kia M1X, 2008
17:56:34| Dealer sold: Chevrolet XLE, 2020
17:56:34| Dealer sold: Chrysler Grand, 2019
17:56:34| Dealer sold: Acura Ranger, 2017
