17:55:17| Factory created: Honda XLE, 2019
17:55:17| Dealer sold: Honda XLE, 2019
17:55:17| Factory created: Kia Charger, 2021
17:55:17| Dealer sold: Kia Charger, 2021
17:55:17| Factory created: Lexus Tall, 1992
17:55:17| Dealer sold: Lexus Tall, 1992
17:55:17| Factory created: Volkswagen Middle, 2014
17:55:17| Dealer sold: Volkswagen Middle, 2014
17:55:17| Factory created: Lexus Super, 2014
17:55:17| Factory created: Acura Viper, 2017
17:55:17| Dealer sold: Lexus Super, 2014
17:55:17| Factory created: Acura G35, 1997
17:55:17| Factory created: Volvo RX, 2018
17:55:17| Dealer sold: Acura Viper, 2017
17:55:17| Factory created: Kia XOX, 2009
17:55:17| Factory created: Volkswagen Grand, 2016
17:55:17| Dealer sold: Acura G35, 1997
17:55:17| Factory created: Chrysler G35, 2015
17:55:17| Dealer sold: Volvo RX, 2018
17:55:17| Factory created: Nissan G35, 2006
17:55:17| Factory created: Hyundai Super, 2018
17:55:17| Dealer sold: Kia XOX, 2009
17:55:17| Factory created: Jeep A1, 1991
17:55:17| Dealer sold: Volkswagen Grand, 2016
17:55:17| Dealer sold: Chrysler G35, 2015
17:55:17| Dealer sold: Nissan G35, 2006
17:55:17| Factory created: Acura M5, 2008
17:55:17| Dealer sold: Hyundai Super, 2018
17:55:17| Factory created: Infiniti A1, 1993
17:55:17| Dealer sold: Jeep A1, 1991
17:55:17| Factory created: Dodge RX, 2002
17:55:17| Dealer sold: Acura M5, 2008
17:55:17| Factory created: Volvo Town, 1993
17:55:17| Dealer sold: Infiniti A1, 1993
17:55:17| Factory created: Nissan MM, 2014
17:55:17| Dealer sold: Dodge RX, 2002
17:55:17| Factory created: Hyundai Grand, 1993
17:55:17| Dealer sold: Volvo Town, 1993
17:55:17| Dealer sold: Nissan MM, 2014
17:55:17| Factory created: Hyundai M1, 2021
17:55:17| Dealer sold: Hyundai Grand, 1993
17:55:17| Factory created: Ford XL, 2007
17:55:17| Dealer sold: Hyundai M1, 2021
17:55:17| Dealer sold: Ford XL, 2007
17:55:17| Factory created: Jeep G35, 1992
17:55:17| Dealer sold: Jeep G35, 1992
17:55:17| Factory created: Jeep Round, 2022
17:55:17| Dealer sold: Jeep Round, 2022
17:55:17| Factory created: Subaru XLE, 2021
17:55:17| Factory created: Fiat Titan, 1996
17:55:17| Factory created: Toyota Super, 1990
17:55:17| Dealer sold: Subaru XLE, 2021
17:55:17| Dealer sold: Fiat Titan, 1996
17:55:17| Dealer sold: Toyota Super, 1990
17:55:17| Factory created: Volvo GX, 2021
17:55:17| Factory created: Subaru A1, 2008
17:55:17| Dealer sold: Volvo GX, 2021
17:55:17| Dealer sold: Subaru A1, 2008
17:55:17| Factory created: Buick Titan, 2007
17:55:17| Factory created: Chevrolet Ranger, 2017
17:55:17| Dealer sold: Buick Titan, 2007
17:55:17| Factory created: Volvo GX, 2019
17:55:17| Factory created: Infiniti M1, 2004
17:55:17| Factory created: Chevrolet Viper, 2009
17:55:17| Dealer sold: Chevrolet Ranger, 2017
17:55:17| Dealer sold: Volvo GX, 2019
17:55:17| Factory created: Nissan M1X, 2001
17:55:17| Factory created: Chrysler Middle, 2009
17:55:17| Dealer sold: Infiniti M1, 2004
17:55:17| Factory created: Mazda SE, 2003
17:55:17| Factory created: Toyota Round, 2014
17:55:17| Dealer sold: Chevrolet Viper, 2009
17:55:17| Dealer sold: Nissan M1X, 2001
17:55:17| Factory created: Subaru Town, 1997
17:55:17| Dealer sold: Chrysler Middle, 2009
17:55:17| Factory created: Mazda M1, 2015
17:55:17| Dealer sold: Mazda SE, 2003
17:55:17| Dealer sold: Toyota Round, 2014
17:55:17| Dealer sold: Subaru Town, 1997
17:55:17| Factory created: Nissan XL, 2016
17:55:17| Dealer sold: Mazda M1, 2015
17:55:17| Dealer sold: Nissan XL, 2016
17:55:17| Factory created: Hyundai XL, 2012
17:55:17| Dealer sold: Hyundai XL, 2012
17:55:18| Factory created: Kia M5, 2022
17:55:18| Dealer sold: Kia M5, 2022
17:55:18| Factory created: Subaru XL, 2008
17:55:18| Dealer sold: Subaru XL, 2008
17:55:18| Factory created: Ford Tall, 2017
17:55:18| Dealer sold: Ford Tall, 2017
17:55:18| Factory created: Volkswagen Super, 2000
17:55:18| Factory created: Ford M5, 2014
17:55:18| Dealer sold: Volkswagen Super, 2000
17:55:18| Factory created: Mitsubishi A2, 2013
17:55:18| Dealer sold: Ford M5, 2014
17:55:18| Factory created: Kia XOX, 2022
17:55:18| Factory created: Honda Grand, 1997
17:55:18| Factory created: Volkswagen XOX, 2012
17:55:18| Dealer sold: Mitsubishi A2, 2013
17:55:18| Factory created: Lexus Town, 1999
17:55:18| Dealer sold: Kia XOX, 2022
17:55:18| Factory created: Hyundai RX, 1990
17:55:18| Dealer sold: Honda Grand, 1997
17:55:18| Dealer sold: Volkswagen XOX, 2012
17:55:18| Factory created: Volkswagen Sport, 2003
17:55:18| Factory created: Ford F150, 1995
17:55:18| Dealer sold: Lexus Town, 1999
17:55:18| Factory created: Dodge Middle, 2003
17:55:18| Dealer sold: Hyundai RX, 1990
17:55:18| Dealer sold: Volkswagen Sport, 2003
17:55:18| Factory created: Hyundai XLE, 1995
17:55:18| Dealer sold: Ford F150, 1995
17:55:18| Factory created: Fiat F150, 2000
17:55:18| Dealer sold: Dodge Middle, 2003
17:55:18| Factory created: Dodge Tall, 2001
17:55:18| Dealer sold: Hyundai XLE, 1995
17:55:18| Dealer sold: Fiat F150, 2000
17:55:18| Factory created: Subaru XOX, 2013
17:55:18| Factory created: Ford Sport, 2010
17:55:18| Dealer sold: Dodge Tall, 2001
17:55:18| Factory created: Acura XLE, 2011
17:55:18| Factory created: Subaru XL, 2016
17:55:18| Factory created: Infiniti Super, 2023
17:55:18| Dealer sold: Subaru XOX, 2013
17:55:18| Factory created: Buick M1, 1997
17:55:18| Dealer sold: Ford Sport, 2010
17:55:18| Factory created: Mitsubishi XLS, 2021
17:55:18| Factory created: Ford RX, 2020
17:55:18| Dealer sold: Acura XLE, 2011
17:55:18| Dealer sold: Subaru XL, 2016
17:55:18| Dealer sold: Infiniti Super, 2023
17:55:18| Factory created: Mitsubishi Sport, 2007
17:55:18| Factory created: Lexus Grand, 1999
17:55:18| Dealer sold: Buick M1, 1997
17:55:18| Factory created: Jeep M1, 2017
17:55:18| Dealer sold: Mitsubishi XLS, 2021
17:55:18| Factory created: Hyundai M5, 1993
17:55:18| Dealer sold: Ford RX, 2020
17:55:18| Factory created: Nissan G35, 2002
17:55:18| Dealer sold: Mitsubishi Sport, 2007
17:55:18| Dealer sold: Lexus Grand, 1999
17:55:18| Factory created: Volkswagen XL, 2012
17:55:18| Dealer sold: Jeep M1, 2017
17:55:18| Factory created: Ford Round, 1991
17:55:18| Dealer sold: Hyundai M5, 1993
17:55:18| Factory created: Ford RX, 2014
17:55:18| Factory created: Mazda M1, 2009
17:55:18| Dealer sold: Nissan G35, 2002
17:55:18| Dealer sold: Volkswagen XL, 2012
17:55:18| Factory created: Mazda XOX, 2020
17:55:18| Factory created: Dodge F150, 1995
17:55:18| Dealer sold: Ford Round, 1991
17:55:18| Factory created: Chevrolet XL, 2013
17:55:18| Dealer sold: Ford RX, 2014
17:55:18| Factory created: Mitsubishi Super, 2002
17:55:18| Factory created: Subaru Titan, 2023
17:55:18| Dealer sold: Mazda M1, 2009
17:55:18| Factory created: Smart SE, 1991
17:55:18| Factory created: Nissan XLE, 1999
17:55:18| Dealer sold: Mazda XOX, 2020
17:55:18| Factory created: Kia M5, 2015
17:55:18| Dealer sold: Dodge F150, 1995
17:55:18| Factory created: Nissan Charger, 1993
17:55:18| Dealer sold: Chevrolet XL, 2013
17:55:18| Factory created: Mitsubishi Tall, 2009
17:55:18| Factory created: Volkswagen XLS, 2023
17:55:18| Dealer sold: Mitsubishi Super, 2002
17:55:18| Dealer sold: Subaru Titan, 2023
17:55:18| Factory created: Nissan Super, 1998
17:55:18| Factory created: Jeep Round, 2005
17:55:18| Dealer sold: Smart SE, 1991
17:55:18| Dealer sold: Nissan XLE, 1999
17:55:18| Dealer sold: Kia M5, 2015
17:55:18| Factory created: Lexus M5, 2013
17:55:18| Dealer sold: Nissan Charger, 1993
17:55:18| Factory created: Toyota XOX, 2020
17:55:18| Factory created: Infiniti Town, 2003
17:55:18| Dealer sold: Mitsubishi Tall, 2009
17:55:18| Factory created: Honda SE, 2013
17:55:18| Dealer sold: Volkswagen XLS, 2023
17:55:18| Factory created: Honda Middle, 2009
17:55:18| Dealer sold: Nissan Super, 1998
17:55:18| Dealer sold: Jeep Round, 2005
17:55:18| Dealer sold: Lexus M5, 2013
17:55:18| Dealer sold: Toyota XOX, 2020
17:55:18| Factory created: Hyundai F150, 2011
17:55:18| Dealer sold: Infiniti Town, 2003
17:55:18| Dealer sold: Honda SE, 2013
17:55:18| Factory created: Dodge XLS, 1998
17:55:18| Dealer sold: Honda Middle, 2009
17:55:18| Dealer sold: Hyundai F150, 2011
17:55:18| Factory created: Dodge XLE, 2006
17:55:18| Dealer sold: Dodge XLS, 1998
17:55:18| Dealer sold: Dodge XLE, 2006
17:55:18| Factory created: Ford Ranger, 2006
17:55:18| Dealer sold: Ford Ranger, 2006
17:55:18| Factory created: Buick Ranger, 2000
17:55:18| Dealer sold: Buick Ranger, 2000
17:55:18| Factory created: Mitsubishi G35, 2018
17:55:18| Dealer sold: Mitsubishi G35, 2018
17:55:18| Factory created: Fiat M1X, 2013
17:55:18| Dealer sold: Fiat M1X, 2013
17:55:18| Factory created: Buick Middle, 2001
17:55:18| Dealer sold: Buick Middle, 2001
17:55:18| Factory created: Kia Grand, 1996
17:55:18| Dealer sold: Kia Grand, 1996
17:55:18| Factory created: Mitsubishi A2, 2011
17:55:18| Dealer sold: Mitsubishi A2, 2011
17:55:18| Factory created: Dodge Viper, 2003
17:55:18| Dealer sold: Dodge Viper, 2003
17:55:18| Factory created: Infiniti G35, 2014
17:55:18| Dealer sold: Infiniti G35, 2014
17:55:18| Factory created: Toyota Grand, 2002
17:55:18| Dealer sold: Toyota Grand, 2002
17:55:18| Factory created: Honda XLE, 2001
17:55:18| Dealer sold: Honda XLE, 2001
17:55:18| Factory created: Subaru Charger, 1999
17:55:18| Dealer sold: Subaru Charger, 1999
17:55:18| Factory created: Kia Middle, 2008
17:55:18| Dealer sold: Kia Middle, 2008
17:55:18| Factory created: Buick MM, 2018
17:55:18| Dealer sold: Buick MM, 2018
17:55:18| Factory created: Smart Charger, 1999
17:55:18| Factory created: Chevrolet G35, 1991
17:55:18| Dealer sold: Smart Charger, 1999
17:55:18| Factory created: Buick XLS, 2006
17:55:18| Dealer sold: Chevrolet G35, 1991
17:55:18| Factory created: Ford Middle, 2012
17:55:18| Factory created: Mazda Sport, 1997
17:55:18| Factory created: Infiniti XLS, 2012
17:55:18| Dealer sold: Buick XLS, 2006
17:55:18| Factory created: Nissan XLS, 2003
17:55:18| Dealer sold: Ford Middle, 2012
17:55:18| Factory created: Chrysler XLE, 1999
17:55:18| Dealer sold: Mazda Sport, 1997
17:55:18| Factory created: Chevrolet Round, 2000
17:55:18| Dealer sold: Infiniti XLS, 2012
17:55:18| Factory created: Fiat Tall, 2022
17:55:18| Dealer sold: Nissan XLS, 2003
17:55:18| Factory created: Nissan XLS, 2015
17:55:18| Factory created: Infiniti XL, 2009
17:55:18| Dealer sold: Chrysler XLE, 1999
17:55:18| Dealer sold: Chevrolet Round, 2000
17:55:18| Factory created: Acura Round, 1993
17:55:18| Dealer sold: Fiat Tall, 2022
17:55:18| Dealer sold: Nissan XLS, 2015
17:55:18| Dealer sold: Infiniti XL, 2009
17:55:18| Factory created: Volvo Titan, 2018
17:55:18| Dealer sold: Acura Round, 1993
17:55:18| Factory created: Infiniti M1, 2014
17:55:18| Dealer sold: Volvo Titan, 2018
17:55:18| Factory created: Subaru Town, 1993
17:55:18| Factory created: Hyundai M1X, 1990
17:55:18| Dealer sold: Infiniti M1, 2014
17:55:18| Factory created: Dodge XL, 2013
17:55:18| Dealer sold: Subaru Town, 1993
17:55:18| Dealer sold: Hyundai M1X, 1990
17:55:18| Factory created: Lexus RX, 2021
17:55:18| Dealer sold: Dodge XL, 2013
17:55:18| Factory created: Chrysler M1, 2019
17:55:18| Factory created: Ford A2, 2018
17:55:18| Dealer sold: Lexus RX, 2021
17:55:18| Factory created: Fiat A2, 1994
17:55:18| Dealer sold: Chrysler M1, 2019
17:55:18| Dealer sold: Ford A2, 2018
17:55:18| Factory created: Toyota Super, 2002
17:55:18| Factory created: Buick F150, 1990
17:55:18| Dealer sold: Fiat A2, 1994
17:55:18| Factory created: Fiat Ranger, 2002
17:55:18| Dealer sold: Toyota Super, 2002
17:55:18| Dealer sold: Buick F150, 1990
17:55:18| Factory created: Acura Sport, 2008
17:55:19| Dealer sold: Fiat Ranger, 2002
17:55:19| Factory created: Honda M1, 1991
17:55:19| Dealer sold: Acura Sport, 2008
17:55:19| Factory created: Kia GX, 2007
17:55:19| Factory created: Jeep A1, 1992
17:55:19| Dealer sold: Honda M1, 1991
17:55:19| Factory created: Jeep Flat, 1994
17:55:19| Dealer sold: Kia GX, 2007
17:55:19| Factory created: Buick A2, 1995
17:55:19| Dealer sold: Jeep A1, 1992
17:55:19| Dealer sold: Jeep Flat, 1994
17:55:19| Factory created: Buick SE, 2011
17:55:19| Factory created: Lexus Super, 1993
17:55:19| Factory created: Nissan F150, 1991
17:55:19| Dealer sold: Buick A2, 1995
17:55:19| Factory created: Fiat Middle, 1993
17:55:19| Factory created: Chrysler MM, 2021
17:55:19| Dealer sold: Buick SE, 2011
17:55:19| Dealer sold: Lexus Super, 1993
17:55:19| Factory created: Acura Middle, 2014
17:55:19| Factory created: Chevrolet F150, 2007
17:55:19| Factory created: Honda M1, 1995
17:55:19| Dealer sold: Nissan F150, 1991
17:55:19| Factory created: Subaru Charger, 2008
17:55:19| Dealer sold: Fiat Middle, 1993
17:55:19| Factory created: Lexus Titan, 2019
17:55:19| Factory created: Smart M5, 2016
17:55:19| Factory created: Acura Tall, 2016
17:55:19| Dealer sold: Chrysler MM, 2021
17:55:19| Dealer sold: Acura Middle, 2014
17:55:19| Factory created: Honda XLE, 1991
17:55:19| Dealer sold: Chevrolet F150, 2007
17:55:19| Dealer sold: Honda M1, 1995
17:55:19| Factory created: Fiat MM, 2019
17:55:19| Dealer sold: Subaru Charger, 2008
17:55:19| Factory created: Mitsubishi MM, 2012
17:55:19| Factory created: Toyota Round, 2005
17:55:19| Dealer sold: Lexus Titan, 2019
17:55:19| Dealer sold: Smart M5, 2016
17:55:19| Dealer sold: Acura Tall, 2016
17:55:19| Factory created: Volkswagen M1, 2001
17:55:19| Dealer sold: Honda XLE, 1991
17:55:19| Factory created: Toyota M1X, 2003
17:55:19| Dealer sold: Fiat MM, 2019
17:55:19| Dealer sold: Mitsubishi MM, 2012
17:55:19| Dealer sold: Toyota Round, 2005
17:55:19| Dealer sold: Volkswagen M1, 2001
17:55:19| Dealer sold: Toyota M1X, 2003
17:55:19| Factory created: Mazda Ranger, 2010
17:55:19| Dealer sold: Mazda Ranger, 2010
17:55:19| Factory created: Hyundai A1, 1997
17:55:19| Dealer sold: Hyundai A1, 1997
17:55:19| Factory created: Chevrolet GX, 2013
17:55:19| Dealer sold: Chevrolet GX, 2013
17:55:19| Factory created: Honda XLE, 2023
17:55:19| Factory created: Hyundai F150, 1993
17:55:19| Factory created: Fiat G35, 2017
17:55:19| Dealer sold: Honda XLE, 2023
17:55:19| Dealer sold: Hyundai F150, 1993
17:55:19| Factory created: Chevrolet SXE, 2002
17:55:19| Dealer sold: Fiat G35, 2017
17:55:19| Factory created: Fiat XOX, 2016
17:55:19| Dealer sold: Chevrolet SXE, 2002
17:55:19| Factory created: Nissan Flat, 1995
17:55:19| Dealer sold: Fiat XOX, 2016
17:55:19| Dealer sold: Nissan Flat, 1995
17:55:19| Factory created: Hyundai RX, 2012
17:55:19| Dealer sold: Hyundai RX, 2012
17:55:19| Factory created: Jeep SE, 2003
17:55:19| Dealer sold: Jeep SE, 2003
17:55:19| Factory created: Hyundai Charger, 2015
17:55:19| Dealer sold: Hyundai Charger, 2015
17:55:19| Factory created: Volvo SXE, 1991
17:55:19| Factory created: Smart Super, 1993
17:55:19| Dealer sold: Volvo SXE, 1991
17:55:19| Factory created: Fiat Viper, 2018
17:55:19| Factory created: Subaru Charger, 1990
17:55:19| Factory created: Dodge Round, 2019
17:55:19| Dealer sold: Smart Super, 1993
17:55:19| Dealer sold: Fiat Viper, 2018
17:55:19| Factory created: Nissan Titan, 2023
17:55:19| Dealer sold: Subaru Charger, 1990
17:55:19| Dealer sold: Dodge Round, 2019
17:55:19| Factory created: Chrysler Ranger, 2022
17:55:19| Dealer sold: Nissan Titan, 2023
17:55:19| Factory created: Subaru GX, 1998
17:55:19| Factory created: Ford Viper, 2017
17:55:19| Dealer sold: Chrysler Ranger, 2022
17:55:19| Factory created: Toyota G35, 2007
17:55:19| Factory created: Hyundai Grand, 1997
17:55:19| Dealer sold: Subaru GX, 1998
17:55:19| Factory created: Lexus GX, 1999
17:55:19| Dealer sold: Ford Viper, 2017
17:55:19| Factory created: Dodge Titan, 2012
17:55:19| Factory created: Lexus A2, 2017
17:55:19| Dealer sold: Toyota G35, 2007
17:55:19| Factory created: Honda SE, 1997
17:55:19| Dealer sold: Hyundai Grand, 1997
17:55:19| Factory created: Toyota G35, 2017
17:55:19| Factory created: Nissan M1, 2007
17:55:19| Dealer sold: Lexus GX, 1999
17:55:19| Factory created: Kia SXE, 1997
17:55:19| Dealer sold: Dodge Titan, 2012
17:55:19| Dealer sold: Lexus A2, 2017
17:55:19| Dealer sold: Honda SE, 1997
17:55:19| Factory created: Subaru F150, 2001
17:55:19| Dealer sold: Toyota G35, 2017
17:55:19| Dealer sold: Nissan M1, 2007
17:55:19| Factory created: Nissan F150, 2002
17:55:19| Dealer sold: Kia SXE, 1997
17:55:19| Factory created: Kia A2, 2001
17:55:19| Dealer sold: Subaru F150, 2001
17:55:19| Dealer sold: Nissan F150, 2002
17:55:19| Factory created: Subaru Round, 2021
17:55:19| Dealer sold: Kia A2, 2001
17:55:19| Dealer sold: Subaru Round, 2021
17:55:19| Factory created: Dodge Ranger, 2011
17:55:19| Dealer sold: Dodge Ranger, 2011
17:55:19| Factory created: Chevrolet A2, 1990
17:55:19| Dealer sold: Chevrolet A2, 1990
17:55:19| Factory created: Volkswagen Sport, 1998
17:55:19| Dealer sold: Volkswagen Sport, 1998
17:55:19| Factory created: Chrysler SXE, 1993
17:55:19| Factory created: Nissan XLS, 1991
17:55:19| Dealer sold: Chrysler SXE, 1993
17:55:19| Dealer sold: Nissan XLS, 1991
17:55:19| Factory created: Kia Sport, 2023
17:55:19| Dealer sold: Kia Sport, 2023
17:55:19| Factory created: Kia M1, 1997
17:55:19| Dealer sold: Kia M1, 1997
17:55:19| Factory created: Chevrolet Middle, 2002
17:55:19| Dealer sold: Chevrolet Middle, 2002
17:55:19| Factory created: Chevrolet Sport, 2020
17:55:19| Dealer sold: Chevrolet Sport, 2020
17:55:19| Factory created: Chevrolet F150, 2023
17:55:19| Factory created: Toyota Grand, 1993
17:55:19| Dealer sold: Chevrolet F150, 2023
17:55:19| Factory created: Chevrolet F150, 1997
17:55:19| Dealer sold: Toyota Grand, 1993
17:55:19| Factory created: Chrysler MM, 2016
17:55:19| Dealer sold: Chevrolet F150, 1997
17:55:19| Factory created: Honda RX, 1993
17:55:19| Dealer sold: Chrysler MM, 2016
17:55:19| Factory created: Chrysler Tall, 2018
17:55:19| Dealer sold: Honda RX, 1993
17:55:19| Factory created: Volkswagen RX, 1994
17:55:19| Factory created: Chevrolet Middle, 1997
17:55:19| Dealer sold: Chrysler Tall, 2018
17:55:19| Factory created: Toyota GX, 2005
17:55:19| Dealer sold: Volkswagen RX, 1994
17:55:19| Dealer sold: Chevrolet Middle, 1997
17:55:19| Factory created: Chevrolet MM, 2020
17:55:19| Factory created: Infiniti SE, 2020
17:55:19| Factory created: Hyundai Sport, 1994
17:55:19| Factory created: Jeep Sport, 2002
17:55:19| Dealer sold: Toyota GX, 2005
17:55:19| Factory created: Fiat M5, 2004
17:55:19| Dealer sold: Chevrolet MM, 2020
17:55:19| Dealer sold: Infiniti SE, 2020
17:55:19| Factory created: Fiat Round, 2011
17:55:19| Factory created: Chrysler Grand, 2001
17:55:19| Dealer sold: Hyundai Sport, 1994
17:55:19| Factory created: Infiniti Super, 2008
17:55:19| Dealer sold: Jeep Sport, 2002
17:55:19| Factory created: Chevrolet M5, 2004
17:55:19| Dealer sold: Fiat M5, 2004
17:55:19| Dealer sold: Fiat Round, 2011
17:55:19| Factory created: Jeep GX, 2011
17:55:19| Factory created: Ford SE, 2023
17:55:19| Dealer sold: Chrysler Grand, 2001
17:55:19| Factory created: Nissan Viper, 1991
17:55:19| Factory created: Volvo XL, 2014
17:55:19| Dealer sold: Infiniti Super, 2008
17:55:19| Factory created: Toyota SE, 2004
17:55:19| Factory created: Ford SE, 2003
17:55:19| Dealer sold: Chevrolet M5, 2004
17:55:19| Dealer sold: Jeep GX, 2011
17:55:19| Factory created: Toyota RX, 2023
17:55:20| Factory created: Chrysler Viper, 1996
17:55:20| Dealer sold: Ford SE, 2023
17:55:20| Factory created: Infiniti A2, 2021
17:55:20| Dealer sold: Nissan Viper, 1991
17:55:20| Factory created: Lexus GX, 2015
17:55:20| Factory created: Smart Tall, 1992
17:55:20| Dealer sold: Volvo XL, 2014
17:55:20| Factory created: Chevrolet Super, 2012
17:55:20| Dealer sold: Toyota SE, 2004
17:55:20| Factory created: Buick Titan, 2017
17:55:20| Dealer sold: Ford SE, 2003
17:55:20| Factory created: Dodge M5, 2013
17:55:20| Dealer sold: Toyota RX, 2023
17:55:20| Factory created: Volkswagen Viper, 1992
17:55:20| Factory created: Kia SE, 2002
17:55:20| Factory created: Honda Charger, 2010
17:55:20| Dealer sold: Chrysler Viper, 1996
17:55:20| Factory created: Hyundai XLS, 2013
17:55:20| Dealer sold: Infiniti A2, 2021
17:55:20| Factory created: Mitsubishi M5, 2005
17:55:20| Dealer sold: Lexus GX, 2015
17:55:20| Factory created: Volkswagen Ranger, 2021
17:55:20| Dealer sold: Smart Tall, 1992
17:55:20| Factory created: Dodge Sport, 1998
17:55:20| Dealer sold: Chevrolet Super, 2012
17:55:20| Factory created: Hyundai SE, 2006
17:55:20| Dealer sold: Buick Titan, 2017
17:55:20| Dealer sold: Dodge M5, 2013
17:55:20| Dealer sold: Volkswagen Viper, 1992
17:55:20| Factory created: Infiniti XLE, 2018
17:55:20| Dealer sold: Kia SE, 2002
17:55:20| Factory created: Toyota Ranger, 2004
17:55:20| Dealer sold: Honda Charger, 2010
17:55:20| Factory created: Fiat MM, 2001
17:55:20| Dealer sold: Hyundai XLS, 2013
17:55:20| Factory created: Toyota G35, 2007
17:55:20| Factory created: Subaru Flat, 2004
17:55:20| Dealer sold: Mitsubishi M5, 2005
17:55:20| Factory created: Volkswagen Charger, 2010
17:55:20| Dealer sold: Volkswagen Ranger, 2021
17:55:20| Factory created: Acura XLS, 2006
17:55:20| Factory created: Chrysler M5, 1996
17:55:20| Dealer sold: Dodge Sport, 1998
17:55:20| Factory created: Nissan M5, 2009
17:55:20| Dealer sold: Hyundai SE, 2006
17:55:20| Factory created: Toyota XLE, 2010
17:55:20| Dealer sold: Infiniti XLE, 2018
17:55:20| Factory created: Nissan Charger, 2015
17:55:20| Dealer sold: Toyota Ranger, 2004
17:55:20| Dealer sold: Fiat MM, 2001
17:55:20| Dealer sold: Toyota G35, 2007
17:55:20| Dealer sold: Subaru Flat, 2004
17:55:20| Factory created: Mazda Middle, 2006
17:55:20| Factory created: Ford Tall, 2014
17:55:20| Dealer sold: Volkswagen Charger, 2010
17:55:20| Dealer sold: Acura XLS, 2006
17:55:20| Factory created: Chrysler GX, 2005
17:55:20| Dealer sold: Chrysler M5, 1996
17:55:20| Factory created: Infiniti M1, 2001
17:55:20| Factory created: Lexus Titan, 2023
17:55:20| Dealer sold: Nissan M5, 2009
17:55:20| Factory created: Hyundai XLS, 2020
17:55:20| Dealer sold: Toyota XLE, 2010
17:55:20| Factory created: Smart XOX, 2000
17:55:20| Dealer sold: Nissan Charger, 2015
17:55:20| Dealer sold: Mazda Middle, 2006
17:55:20| Factory created: Dodge Viper, 2013
17:55:20| Dealer sold: Ford Tall, 2014
17:55:20| Factory created: Buick RX, 2005
17:55:20| Dealer sold: Chrysler GX, 2005
17:55:20| Dealer sold: Infiniti M1, 2001
17:55:20| Factory created: Smart G35, 2010
17:55:20| Dealer sold: Lexus Titan, 2023
17:55:20| Factory created: Mazda XL, 2017
17:55:20| Dealer sold: Hyundai XLS, 2020
17:55:20| Factory created: Subaru A1, 1996
17:55:20| Dealer sold: Smart XOX, 2000
17:55:20| Dealer sold: Dodge Viper, 2013
17:55:20| Factory created: Buick SXE, 2010
17:55:20| Factory created: Honda RX, 2023
17:55:20| Dealer sold: Buick RX, 2005
17:55:20| Dealer sold: Smart G35, 2010
17:55:20| Factory created: Mitsubishi Town, 1997
17:55:20| Dealer sold: Mazda XL, 2017
17:55:20| Dealer sold: Subaru A1, 1996
17:55:20| Factory created: Infiniti Grand, 1996
17:55:20| Dealer sold: Buick SXE, 2010
17:55:20| Factory created: Ford Super, 1995
17:55:20| Dealer sold: Honda RX, 2023
17:55:20| Dealer sold: Mitsubishi Town, 1997
17:55:20| Dealer sold: Infiniti Grand, 1996
17:55:20| Factory created: Toyota M1, 1990
17:55:20| Dealer sold: Ford Super, 1995
17:55:20| Dealer sold: Toyota M1, 1990
17:55:20| Factory created: Honda Grand, 1991
17:55:20| Factory created: Buick Titan, 2010
17:55:20| Factory created: Smart Middle, 2009
17:55:20| Dealer sold: Honda Grand, 1991
17:55:20| Dealer sold: Buick Titan, 2010
17:55:20| Dealer sold: Smart Middle, 2009
17:55:20| Factory created: Toyota GX, 2007
17:55:20| Dealer sold: Toyota GX, 2007
17:55:20| Factory created: Honda M1, 2009
17:55:20| Dealer sold: Honda M1, 2009
17:55:20| Factory created: Mitsubishi Super, 2000
17:55:20| Dealer sold: Mitsubishi Super, 2000
17:55:20| Factory created: Volvo A1, 2003
17:55:20| Dealer sold: Volvo A1, 2003
17:55:20| Factory created: Mazda M1X, 1997
17:55:20| Dealer sold: Mazda M1X, 1997
17:55:20| Factory created: Volkswagen M5, 2015
17:55:20| Dealer sold: Volkswagen M5, 2015
17:55:20| Factory created: Volkswagen RX, 2005
17:55:20| Dealer sold: Volkswagen RX, 2005
17:55:20| Factory created: Dodge Round, 1991
17:55:20| Dealer sold: Dodge Round, 1991
17:55:20| Factory created: Honda Sport, 2016
17:55:20| Dealer sold: Honda Sport, 2016
17:55:20| Factory created: Chrysler Flat, 2013
17:55:20| Dealer sold: Chrysler Flat, 2013
17:55:20| Factory created: Buick Viper, 2007
17:55:20| Dealer sold: Buick Viper, 2007
17:55:20| Factory created: Toyota XLE, 2018
17:55:20| Dealer sold: Toyota XLE, 2018
17:55:20| Factory created: Infiniti Tall, 2018
17:55:20| Factory created: Toyota Round, 2019
17:55:20| Factory created: Toyota XL, 2001
17:55:20| Dealer sold: Infiniti Tall, 2018
17:55:20| Factory created: Acura A1, 2005
17:55:20| Factory created: Volvo M1, 1992
17:55:20| Dealer sold: Toyota Round, 2019
17:55:20| Dealer sold: Toyota XL, 2001
17:55:20| Factory created: Smart M1, 2004
17:55:20| Dealer sold: Acura A1, 2005
17:55:20| Factory created: Infiniti Titan, 2020
17:55:20| Dealer sold: Volvo M1, 1992
17:55:20| Dealer sold: Smart M1, 2004
17:55:20| Factory created: Acura XLS, 2022
17:55:20| Dealer sold: Infiniti Titan, 2020
17:55:20| Dealer sold: Acura XLS, 2022
17:55:20| Factory created: Smart A1, 2008
17:55:20| Dealer sold: Smart A1, 2008
17:55:20| Factory created: Fiat F150, 2005
17:55:20| Dealer sold: Fiat F150, 2005
17:55:20| Factory created: Buick A2, 1998
17:55:20| Dealer sold: Buick A2, 1998
17:55:20| Factory created: Chevrolet Viper, 2002
17:55:20| Dealer sold: Chevrolet Viper, 2002
17:55:20| Factory created: Mazda Sport, 2010
17:55:20| Dealer sold: Mazda Sport, 2010
17:55:20| Factory created: Smart Titan, 1999
17:55:20| Dealer sold: Smart Titan, 1999
17:55:20| Factory created: Kia Tall, 2019
17:55:20| Dealer sold: Kia Tall, 2019
17:55:20| Factory created: Mazda Round, 1993
17:55:20| Dealer sold: Mazda Round, 1993
17:55:20| Factory created: Lexus A2, 2004
17:55:20| Dealer sold: Lexus A2, 2004
17:55:20| Factory created: Mitsubishi G35, 1997
17:55:20| Dealer sold: Mitsubishi G35, 1997
17:55:20| Factory created: Dodge F150, 2014
17:55:20| Dealer sold: Dodge F150, 2014
17:55:20| Factory created: Nissan XOX, 1990
17:55:20| Dealer sold: Nissan XOX, 1990
17:55:20| Factory created: Chevrolet Titan, 2008
17:55:20| Dealer sold: Chevrolet Titan, 2008
17:55:20| Factory created: Mazda M5, 2020
17:55:20| Factory created: Infiniti Flat, 1992
17:55:20| Factory created: Kia Town, 2000
17:55:20| Dealer sold: Mazda M5, 2020
17:55:20| Factory created: Jeep Charger, 1991
17:55:20| Factory created: Volkswagen G35, 2010
17:55:20| Dealer sold: Infiniti Flat, 1992
17:55:20| Factory created: Hyundai Sport, 1991
17:55:20| Dealer sold: Kia Town, 2000
17:55:20| Factory created: Ford RX, 2008
17:55:20| Dealer sold: Jeep Charger, 1991
17:55:20| Factory created: Mitsubishi Viper, 2006
17:55:20| Dealer sold: Volkswagen G35, 2010
17:55:20| Dealer sold: Hyundai Sport, 1991
17:55:20| Factory created: Toyota Town, 2016
17:55:21| Dealer sold: Ford RX, 2008
17:55:21| Factory created: Volkswagen Middle, 2020
17:55:21| Dealer sold: Mitsubishi Viper, 2006
17:55:21| Dealer sold: Toyota Town, 2016
17:55:21| Factory created: Nissan Flat, 2019
17:55:21| Dealer sold: Volkswagen Middle, 2020
17:55:21| Factory created: Chrysler GX, 2018
17:55:21| Dealer sold: Nissan Flat, 2019
17:55:21| Dealer sold: Chrysler GX, 2018
17:55:21| Factory created: Buick Grand, 2003
17:55:21| Dealer sold: Buick Grand, 2003
17:55:21| Factory created: Toyota Tall, 1998
17:55:21| Dealer sold: Toyota Tall, 1998
17:55:21| Factory created: Mitsubishi SXE, 2017
17:55:21| Dealer sold: Mitsubishi SXE, 2017
17:55:21| Factory created: Ford A1, 2022
17:55:21| Dealer sold: Ford A1, 2022
17:55:21| Factory created: Kia M1, 2005
17:55:21| Factory created: Acura Grand, 2001
17:55:21| Dealer sold: Kia M1, 2005
17:55:21| Factory created: Chrysler XLE, 2005
17:55:21| Factory created: Acura Round, 1999
17:55:21| Dealer sold: Acura Grand, 2001
17:55:21| Factory created: Toyota Super, 2015
17:55:21| Dealer sold: Chrysler XLE, 2005
17:55:21| Dealer sold: Acura Round, 1999
17:55:21| Dealer sold: Toyota Super, 2015
17:55:21| Factory created: Subaru Charger, 2018
17:55:21| Dealer sold: Subaru Charger, 2018
17:55:21| Factory created: Toyota RX, 2010
17:55:21| Dealer sold: Toyota RX, 2010
17:55:21| Factory created: Jeep Town, 2017
17:55:21| Dealer sold: Jeep Town, 2017
17:55:21| Factory created: Honda Super, 2001
17:55:21| Factory created: Kia M1, 2022
17:55:21| Dealer sold: Honda Super, 2001
17:55:21| Factory created: Volvo A1, 2012
17:55:21| Dealer sold: Kia M1, 2022
17:55:21| Factory created: Kia Titan, 2007
17:55:21| Dealer sold: Volvo A1, 2012
17:55:21| Factory created: Kia Titan, 2011
17:55:21| Dealer sold: Kia Titan, 2007
17:55:21| Dealer sold: Kia Titan, 2011
17:55:21| Factory created: Kia M1, 1994
17:55:21| Dealer sold: Kia M1, 1994
17:55:21| Factory created: Chrysler Viper, 1996
17:55:21| Factory created: Ford Round, 1992
17:55:21| Dealer sold: Chrysler Viper, 1996
17:55:21| Dealer sold: Ford Round, 1992
17:55:21| Factory created: Acura Middle, 1997
17:55:21| Factory created: Volkswagen Tall, 2021
17:55:21| Dealer sold: Acura Middle, 1997
17:55:21| Factory created: Infiniti RX, 2017
17:55:21| Dealer sold: Volkswagen Tall, 2021
17:55:21| Dealer sold: Infiniti RX, 2017
17:55:21| Factory created: Volvo Town, 2000
17:55:21| Dealer sold: Volvo Town, 2000
17:55:21| Factory created: Subaru SXE, 2011
17:55:21| Dealer sold: Subaru SXE, 2011
17:55:21| Factory created: Subaru M1, 2002
17:55:21| Factory created: Toyota GX, 2018
17:55:21| Factory created: Kia SE, 2006
17:55:21| Factory created: Infiniti Super, 2013
17:55:21| Factory created: Jeep Super, 2013
17:55:21| Factory created: Honda Round, 2012
17:55:21| Dealer sold: Subaru M1, 2002
17:55:21| Factory created: Honda G35, 2012
17:55:21| Dealer sold: Toyota GX, 2018
17:55:21| Factory created: Acura Sport, 2018
17:55:21| Factory created: Toyota M5, 2012
17:55:21| Dealer sold: Kia SE, 2006
17:55:21| Factory created: Fiat Round, 1996
17:55:21| Dealer sold: Infiniti Super, 2013
17:55:21| Factory created: Nissan SXE, 2014
17:55:21| Dealer sold: Jeep Super, 2013
17:55:21| Factory created: Chevrolet Super, 2023
17:55:21| Dealer sold: Honda Round, 2012
17:55:21| Factory created: Hyundai Super, 2011
17:55:21| Dealer sold: Honda G35, 2012
17:55:21| Factory created: Dodge Sport, 2004
17:55:21| Dealer sold: Acura Sport, 2018
17:55:21| Factory created: Fiat Sport, 2021
17:55:21| Factory created: Fiat F150, 2019
17:55:21| Dealer sold: Toyota M5, 2012
17:55:21| Factory created: Lexus F150, 1991
17:55:21| Factory created: Kia Grand, 2002
17:55:21| Dealer sold: Fiat Round, 1996
17:55:21| Factory created: Chrysler XOX, 2005
17:55:21| Dealer sold: Nissan SXE, 2014
17:55:21| Factory created: Ford M1, 1991
17:55:21| Dealer sold: Chevrolet Super, 2023
17:55:21| Factory created: Chrysler A2, 1999
17:55:21| Factory created: Buick Viper, 1999
17:55:21| Dealer sold: Hyundai Super, 2011
17:55:21| Factory created: Mitsubishi XOX, 2010
17:55:21| Dealer sold: Dodge Sport, 2004
17:55:21| Factory created: Volkswagen Titan, 2020
17:55:21| Dealer sold: Fiat Sport, 2021
17:55:21| Factory created: Volkswagen M1X, 2008
17:55:21| Dealer sold: Fiat F150, 2019
17:55:21| Factory created: Volkswagen Sport, 1990
17:55:21| Dealer sold: Lexus F150, 1991
17:55:21| Factory created: Acura M5, 1992
17:55:21| Dealer sold: Kia Grand, 2002
17:55:21| Factory created: Chevrolet MM, 1999
17:55:21| Dealer sold: Chrysler XOX, 2005
17:55:21| Factory created: Nissan SE, 2015
17:55:21| Dealer sold: Ford M1, 1991
17:55:21| Factory created: Kia M1, 1993
17:55:21| Dealer sold: Chrysler A2, 1999
17:55:21| Factory created: Subaru Charger, 2013
17:55:21| Dealer sold: Buick Viper, 1999
17:55:21| Factory created: Volkswagen A2, 1993
17:55:21| Dealer sold: Mitsubishi XOX, 2010
17:55:21| Factory created: Jeep RX, 1997
17:55:21| Dealer sold: Volkswagen Titan, 2020
17:55:21| Factory created: Smart Town, 2008
17:55:21| Dealer sold: Volkswagen M1X, 2008
17:55:21| Factory created: Hyundai Middle, 2021
17:55:21| Dealer sold: Volkswagen Sport, 1990
17:55:21| Dealer sold: Acura M5, 1992
17:55:21| Dealer sold: Chevrolet MM, 1999
17:55:21| Factory created: Ford GX, 2011
17:55:21| Factory created: Volkswagen A2, 2006
17:55:21| Dealer sold: Nissan SE, 2015
17:55:21| Factory created: Hyundai Town, 2004
17:55:21| Dealer sold: Kia M1, 1993
17:55:21| Dealer sold: Subaru Charger, 2013
17:55:21| Factory created: Jeep Viper, 2023
17:55:21| Factory created: Mazda Titan, 2015
17:55:21| Dealer sold: Volkswagen A2, 1993
17:55:21| Factory created: Honda Sport, 1999
17:55:21| Factory created: Kia A1, 1999
17:55:21| Dealer sold: Jeep RX, 1997
17:55:21| Factory created: Subaru Charger, 2022
17:55:21| Dealer sold: Smart Town, 2008
17:55:21| Factory created: Buick SE, 2005
17:55:21| Dealer sold: Hyundai Middle, 2021
17:55:21| Factory created: Lexus Super, 1999
17:55:21| Dealer sold: Ford GX, 2011
17:55:21| Factory created: Chevrolet Middle, 1990
17:55:21| Dealer sold: Volkswagen A2, 2006
17:55:21| Dealer sold: Hyundai Town, 2004
17:55:21| Factory created: Acura Town, 2016
17:55:21| Factory created: Hyundai A1, 1993
17:55:21| Dealer sold: Jeep Viper, 2023
17:55:21| Dealer sold: Mazda Titan, 2015
17:55:21| Factory created: Buick RX, 2018
17:55:21| Factory created: Mitsubishi M1X, 2008
17:55:21| Dealer sold: Honda Sport, 1999
17:55:21| Factory created: Lexus M1X, 2000
17:55:21| Dealer sold: Kia A1, 1999
17:55:21| Factory created: Honda Ranger, 2005
17:55:21| Dealer sold: Subaru Charger, 2022
17:55:21| Dealer sold: Buick SE, 2005
17:55:21| Factory created: Subaru SXE, 2008
17:55:21| Dealer sold: Lexus Super, 1999
17:55:21| Factory created: Hyundai XLS, 2007
17:55:21| Dealer sold: Chevrolet Middle, 1990
17:55:21| Factory created: Jeep XLS, 1992
17:55:21| Dealer sold: Acura Town, 2016
17:55:21| Factory created: Jeep RX, 2018
17:55:21| Factory created: Nissan Viper, 2012
17:55:21| Dealer sold: Hyundai A1, 1993
17:55:21| Factory created: Chrysler XLS, 2005
17:55:21| Dealer sold: Buick RX, 2018
17:55:21| Dealer sold: Mitsubishi M1X, 2008
17:55:21| Factory created: Chevrolet XOX, 2013
17:55:21| Dealer sold: Lexus M1X, 2000
17:55:21| Dealer sold: Honda Ranger, 2005
17:55:21| Factory created: Chrysler RX, 1997
17:55:21| Dealer sold: Subaru SXE, 2008
17:55:21| Dealer sold: Hyundai XLS, 2007
17:55:21| Dealer sold: Jeep XLS, 1992
17:55:21| Dealer sold: Jeep RX, 2018
17:55:21| Factory created: Honda F150, 2010
17:55:21| Dealer sold: Nissan Viper, 2012
17:55:21| Factory created: Jeep Ranger, 2013
17:55:21| Factory created: Acura SXE, 2002
17:55:21| Dealer sold: Chrysler XLS, 2005
17:55:21| Factory created: Kia XL, 2012
17:55:21| Factory created: Lexus SXE, 1996
17:55:21| Dealer sold: Chevrolet XOX, 2013
17:55:21| Dealer sold: Chrysler RX, 1997
17:55:21| Factory created: Kia Flat, 1994
17:55:21| Dealer sold: Honda F150, 2010
17:55:22| Factory created: Kia A1, 1991
17:55:22| Dealer sold: Jeep Ranger, 2013
17:55:22| Dealer sold: Acura SXE, 2002
17:55:22| Factory created: Dodge A2, 2018
17:55:22| Dealer sold: Kia XL, 2012
17:55:22| Dealer sold: Lexus SXE, 1996
17:55:22| Dealer sold: Kia Flat, 1994
17:55:22| Factory created: Nissan M5, 1993
17:55:22| Factory created: Ford M1, 2012
17:55:22| Factory created: Hyundai Flat, 2001
17:55:22| Dealer sold: Kia A1, 1991
17:55:22| Factory created: Hyundai Sport, 2010
17:55:22| Dealer sold: Dodge A2, 2018
17:55:22| Dealer sold: Nissan M5, 1993
17:55:22| Factory created: Ford Charger, 2012
17:55:22| Dealer sold: Ford M1, 2012
17:55:22| Factory created: Smart Flat, 1995
17:55:22| Dealer sold: Hyundai Flat, 2001
17:55:22| Factory created: Lexus Titan, 2000
17:55:22| Dealer sold: Hyundai Sport, 2010
17:55:22| Factory created: Mitsubishi Grand, 2007
17:55:22| Factory created: Nissan SE, 2011
17:55:22| Dealer sold: Ford Charger, 2012
17:55:22| Dealer sold: Smart Flat, 1995
17:55:22| Dealer sold: Lexus Titan, 2000
17:55:22| Factory created: Nissan F150, 2020
17:55:22| Dealer sold: Mitsubishi Grand, 2007
17:55:22| Dealer sold: Nissan SE, 2011
17:55:22| Factory created: Acura G35, 2019
17:55:22| Dealer sold: Nissan F150, 2020
17:55:22| Factory created: Honda Charger, 2003
17:55:22| Dealer sold: Acura G35, 2019
17:55:22| Dealer sold: Honda Charger, 2003
17:55:22| Factory created: Dodge M1, 1991
17:55:22| Dealer sold: Dodge M1, 1991
17:55:22| Factory created: Fiat A1, 1995
17:55:22| Factory created: Nissan SE, 2015
17:55:22| Dealer sold: Fiat A1, 1995
17:55:22| Dealer sold: Nissan SE, 2015
17:55:22| Factory created: Toyota Round, 2008
17:55:22| Factory created: Volvo Middle, 2002
17:55:22| Dealer sold: Toyota Round, 2008
17:55:22| Factory created: Mitsubishi Charger, 1999
17:55:22| Dealer sold: Volvo Middle, 2002
17:55:22| Factory created: Toyota Town, 1997
17:55:22| Dealer sold: Mitsubishi Charger, 1999
17:55:22| Dealer sold: Toyota Town, 1997
17:55:22| Factory created: Kia Ranger, 2013
17:55:22| Factory created: Volvo Town, 2004
17:55:22| Dealer sold: Kia Ranger, 2013
17:55:22| Factory created: Fiat Viper, 1995
17:55:22| Dealer sold: Volvo Town, 2004
17:55:22| Dealer sold: Fiat Viper, 1995
17:55:22| Factory created: Acura Middle, 2019
17:55:22| Dealer sold: Acura Middle, 2019
17:55:22| Factory created: Mitsubishi Sport, 1994
17:55:22| Factory created: Fiat M1X, 2023
17:55:22| Dealer sold: Mitsubishi Sport, 1994
17:55:22| Dealer sold: Fiat M1X, 2023
17:55:22| Factory created: Ford Middle, 1995
17:55:22| Dealer sold: Ford Middle, 1995
17:55:22| Factory created: Lexus Middle, 2020
17:55:22| Dealer sold: Lexus Middle, 2020
17:55:22| Factory created: Nissan Super, 2009
17:55:22| Dealer sold: Nissan Super, 2009
17:55:22| Factory created: Kia M1X, 1993
17:55:22| Dealer sold: Kia M1X, 1993
17:55:22| Factory created: Lexus SE, 1994
17:55:22| Dealer sold: Lexus SE, 1994
17:55:22| Factory created: Subaru SE, 1994
17:55:22| Dealer sold: Subaru SE, 1994
17:55:22| Factory created: Nissan Viper, 2015
17:55:22| Factory created: Acura A2, 2010
17:55:22| Factory created: Mazda Titan, 1992
17:55:22| Dealer sold: Nissan Viper, 2015
17:55:22| Dealer sold: Acura A2, 2010
17:55:22| Factory created: Chevrolet A2, 2018
17:55:22| Dealer sold: Mazda Titan, 1992
17:55:22| Dealer sold: Chevrolet A2, 2018
17:55:22| Factory created: Jeep SE, 2023
17:55:22| Dealer sold: Jeep SE, 2023
17:55:22| Factory created: Hyundai Sport, 2009
17:55:22| Factory created: Volvo Ranger, 2006
17:55:22| Dealer sold: Hyundai Sport, 2009
17:55:22| Dealer sold: Volvo Ranger, 2006
17:55:22| Factory created: Honda M1X, 2021
17:55:22| Factory created: Volkswagen Titan, 2014
17:55:22| Dealer sold: Honda M1X, 2021
17:55:22| Factory created: Kia F150, 1997
17:55:22| Factory created: Mitsubishi XL, 2016
17:55:22| Dealer sold: Volkswagen Titan, 2014
17:55:22| Factory created: Volvo Sport, 2010
17:55:22| Dealer sold: Kia F150, 1997
17:55:22| Factory created: Mazda Tall, 2008
17:55:22| Factory created: Nissan XLS, 2018
17:55:22| Dealer sold: Mitsubishi XL, 2016
17:55:22| Dealer sold: Volvo Sport, 2010
17:55:22| Dealer sold: Mazda Tall, 2008
17:55:22| Factory created: Nissan XLS, 2018
17:55:22| Factory created: Fiat Town, 1997
17:55:22| Dealer sold: Nissan XLS, 2018
17:55:22| Dealer sold: Nissan XLS, 2018
17:55:22| Factory created: Honda XLS, 2003
17:55:22| Dealer sold: Fiat Town, 1997
17:55:22| Dealer sold: Honda XLS, 2003
17:55:22| Factory created: Ford XOX, 2012
17:55:22| Factory created: Acura XLS, 2011
17:55:22| Factory created: Volkswagen SXE, 2001
17:55:22| Dealer sold: Ford XOX, 2012
17:55:22| Dealer sold: Acura XLS, 2011
17:55:22| Dealer sold: Volkswagen SXE, 2001
17:55:22| Factory created: Buick G35, 2016
17:55:22| Factory created: Mitsubishi XLS, 2006
17:55:22| Factory created: Ford Viper, 2014
17:55:22| Factory created: Nissan A2, 2021
17:55:22| Dealer sold: Buick G35, 2016
17:55:22| Factory created: Kia Flat, 2001
17:55:22| Dealer sold: Mitsubishi XLS, 2006
17:55:22| Factory created: Subaru A1, 2001
17:55:22| Dealer sold: Ford Viper, 2014
17:55:22| Factory created: Nissan MM, 2010
17:55:22| Dealer sold: Nissan A2, 2021
17:55:22| Factory created: Volvo M5, 2011
17:55:22| Dealer sold: Kia Flat, 2001
17:55:22| Factory created: Ford RX, 2015
17:55:22| Dealer sold: Subaru A1, 2001
17:55:22| Factory created: Infiniti Charger, 1994
17:55:22| Factory created: Buick M1X, 2014
17:55:22| Factory created: Smart Middle, 2017
17:55:22| Dealer sold: Nissan MM, 2010
17:55:22| Factory created: Chrysler GX, 1992
17:55:22| Dealer sold: Volvo M5, 2011
17:55:22| Factory created: Kia Super, 1997
17:55:22| Dealer sold: Ford RX, 2015
17:55:22| Factory created: Dodge Super, 2008
17:55:22| Dealer sold: Infiniti Charger, 1994
17:55:22| Factory created: Mazda Flat, 2003
17:55:22| Factory created: Nissan MM, 2005
17:55:22| Dealer sold: Buick M1X, 2014
17:55:22| Factory created: Infiniti Sport, 1995
17:55:22| Dealer sold: Smart Middle, 2017
17:55:22| Dealer sold: Chrysler GX, 1992
17:55:22| Factory created: Fiat M5, 1997
17:55:22| Factory created: Mazda Round, 2023
17:55:22| Dealer sold: Kia Super, 1997
17:55:22| Factory created: Subaru G35, 1995
17:55:22| Factory created: Hyundai GX, 1998
17:55:22| Dealer sold: Dodge Super, 2008
17:55:22| Dealer sold: Mazda Flat, 2003
17:55:22| Dealer sold: Nissan MM, 2005
17:55:22| Factory created: Honda Sport, 1994
17:55:22| Dealer sold: Infiniti Sport, 1995
17:55:22| Dealer sold: Fiat M5, 1997
17:55:22| Dealer sold: Mazda Round, 2023
17:55:22| Factory created: Honda Super, 2013
17:55:22| Dealer sold: Subaru G35, 1995
17:55:22| Factory created: Mitsubishi Super, 2013
17:55:22| Factory created: Buick Charger, 1993
17:55:22| Factory created: Chevrolet A1, 2021
17:55:22| Dealer sold: Hyundai GX, 1998
17:55:22| Dealer sold: Honda Sport, 1994
17:55:22| Dealer sold: Honda Super, 2013
17:55:22| Factory created: Chrysler Tall, 1993
17:55:22| Dealer sold: Mitsubishi Super, 2013
17:55:22| Factory created: Buick Titan, 1997
17:55:22| Factory created: Infiniti G35, 2005
17:55:22| Dealer sold: Buick Charger, 1993
17:55:22| Factory created: Dodge Titan, 2004
17:55:22| Factory created: Ford Sport, 2002
17:55:22| Dealer sold: Chevrolet A1, 2021
17:55:22| Factory created: Volkswagen M1, 1999
17:55:22| Factory created: Jeep RX, 2011
17:55:22| Dealer sold: Chrysler Tall, 1993
17:55:22| Factory created: Honda Charger, 2021
17:55:22| Dealer sold: Buick Titan, 1997
17:55:22| Factory created: Lexus GX, 1995
17:55:22| Dealer sold: Infiniti G35, 2005
17:55:22| Dealer sold: Dodge Titan, 2004
17:55:23| Dealer sold: Ford Sport, 2002
17:55:23| Dealer sold: Volkswagen M1, 1999
17:55:23| Dealer sold: Jeep RX, 2011
17:55:23| Dealer sold: Honda Charger, 2021
17:55:23| Dealer sold: Lexus GX, 1995
17:55:23| All 500 have been created and sold = 5.52280349
