17:57:13| Factory created: Buick Round, 2005
17:57:13| Dealer sold: Buick Round, 2005
17:57:13| Factory created: Infiniti Flat, 2015
17:57:13| Dealer sold: Infiniti Flat, 2015
17:57:13| Factory created: Smart M1, 2019
17:57:13| Dealer sold: Smart M1, 2019
17:57:13| Factory created: Nissan G35, 1991
17:57:13| Dealer sold: Nissan G35, 1991
17:57:13| Factory created: Hyundai Middle, 2021
17:57:13| Dealer sold: Hyundai Middle, 2021
17:57:13| Factory created: Jeep Tall, 2003
17:57:13| Dealer sold: Jeep Tall, 2003
17:57:13| Factory created: Volkswagen XOX, 2015
17:57:13| Dealer sold: Volkswagen XOX, 2015
17:57:13| Factory created: Volvo Viper, 1998
17:57:13| Dealer sold: Volvo Viper, 1998
17:57:13| Factory created: Mazda Round, 2021
17:57:13| Dealer sold: Mazda Round, 2021
17:57:13| Factory created: Jeep Sport, 2023
17:57:13| Dealer sold: Jeep Sport, 2023
17:57:13| Factory created: Buick XL, 2006
17:57:13| Dealer sold: Buick XL, 2006
17:57:13| Factory created: Ford XOX, 2013
17:57:13| Dealer sold: Ford XOX, 2013
17:57:13| Factory created: Buick GX, 2019
17:57:13| Dealer sold: Buick GX, 2019
17:57:13| Factory created: Infiniti XL, 2010
17:57:13| Dealer sold: Infiniti XL, 2010
17:57:13| Factory created: Acura GX, 2018
17:57:13| Dealer sold: Acura GX, 2018
17:57:13| Factory created: Honda Grand, 1999
17:57:13| Dealer sold: Honda Grand, 1999
17:57:13| Factory created: Chevrolet M1, 1999
17:57:13| Dealer sold: Chevrolet M1, 1999
17:57:13| Factory created: Chevrolet GX, 2022
17:57:13| Dealer sold: Chevrolet GX, 2022
17:57:13| Factory created: Hyundai Sport, 1997
17:57:13| Dealer sold: Hyundai Sport, 1997
17:57:13| Factory created: Infiniti A1, 2019
17:57:13| Dealer sold: Infiniti A1, 2019
17:57:13| Factory created: Infiniti G35, 1993
17:57:13| Dealer sold: Infiniti G35, 1993
17:57:13| Factory created: Infiniti M1X, 2006
17:57:13| Dealer sold: Infiniti M1X, 2006
17:57:13| Factory created: Buick Round, 1990
17:57:13| Factory created: Dodge M5, 2015
17:57:13| Factory created: Acura Viper, 2001
17:57:13| Dealer sold: Buick Round, 1990
17:57:13| Factory created: Smart MM, 2016
17:57:13| Factory created: Jeep Flat, 2000
17:57:13| Dealer sold: Dodge M5, 2015
17:57:13| Dealer sold: Acura Viper, 2001
17:57:13| Factory created: Chrysler A2, 1996
17:57:13| Dealer sold: Smart MM, 2016
17:57:13| Factory created: Volkswagen A2, 2005
17:57:13| Dealer sold: Jeep Flat, 2000
17:57:13| Factory created: Chrysler XLE, 1992
17:57:13| Dealer sold: Chrysler A2, 1996
17:57:13| Dealer sold: Volkswagen A2, 2005
17:57:13| Dealer sold: Chrysler XLE, 1992
17:57:13| Factory created: Infiniti XL, 2010
17:57:13| Factory created: Volvo SXE, 2021
17:57:13| Dealer sold: Infiniti XL, 2010
17:57:13| Dealer sold: Volvo SXE, 2021
17:57:13| Factory created: Buick Tall, 1997
17:57:13| Dealer sold: Buick Tall, 1997
17:57:13| Factory created: Nissan Ranger, 1997
17:57:13| Factory created: Toyota Charger, 2023
17:57:13| Dealer sold: Nissan Ranger, 1997
17:57:13| Dealer sold: Toyota Charger, 2023
17:57:13| Factory created: Jeep RX, 2017
17:57:13| Dealer sold: Jeep RX, 2017
17:57:13| Factory created: Mazda RX, 2023
17:57:13| Dealer sold: Mazda RX, 2023
17:57:13| Factory created: Mitsubishi Tall, 2023
17:57:13| Dealer sold: Mitsubishi Tall, 2023
17:57:13| Factory created: Lexus M1, 1990
17:57:13| Dealer sold: Lexus M1, 1990
17:57:13| Factory created: Buick Middle, 2005
17:57:13| Dealer sold: Buick Middle, 2005
17:57:13| Factory created: Jeep M5, 1990
17:57:13| Dealer sold: Jeep M5, 1990
17:57:13| Factory created: Kia SXE, 1994
17:57:13| Factory created: Nissan Grand, 1996
17:57:13| Dealer sold: Kia SXE, 1994
17:57:13| Factory created: Mitsubishi Town, 1991
17:57:13| Factory created: Chevrolet SE, 2000
17:57:13| Dealer sold: Nissan Grand, 1996
17:57:13| Factory created: Infiniti Flat, 2001
17:57:13| Dealer sold: Mitsubishi Town, 1991
17:57:13| Dealer sold: Chevrolet SE, 2000
17:57:13| Factory created: Toyota Viper, 2022
17:57:13| Dealer sold: Infiniti Flat, 2001
17:57:13| Dealer sold: Toyota Viper, 2022
17:57:13| Factory created: Mitsubishi XOX, 1991
17:57:13| Dealer sold: Mitsubishi XOX, 1991
17:57:13| Factory created: Dodge XL, 2014
17:57:13| Dealer sold: Dodge XL, 2014
17:57:13| Factory created: Mitsubishi Super, 2017
17:57:13| Dealer sold: Mitsubishi Super, 2017
17:57:13| Factory created: Chrysler XOX, 2015
17:57:13| Dealer sold: Chrysler XOX, 2015
17:57:13| Factory created: Fiat XL, 2023
17:57:13| Factory created: Lexus Round, 2016
17:57:13| Dealer sold: Fiat XL, 2023
17:57:13| Factory created: Fiat MM, 2006
17:57:13| Dealer sold: Lexus Round, 2016
17:57:13| Dealer sold: Fiat MM, 2006
17:57:13| Factory created: Kia Town, 1992
17:57:13| Factory created: Hyundai M1, 2016
17:57:13| Dealer sold: Kia Town, 1992
17:57:13| Dealer sold: Hyundai M1, 2016
17:57:13| Factory created: Ford XOX, 2008
17:57:13| Dealer sold: Ford XOX, 2008
17:57:13| Factory created: Toyota RX, 1990
17:57:13| Dealer sold: Toyota RX, 1990
17:57:13| Factory created: Hyundai M1, 1998
17:57:13| Dealer sold: Hyundai M1, 1998
17:57:13| Factory created: Mazda A1, 2001
17:57:13| Dealer sold: Mazda A1, 2001
17:57:13| Factory created: Hyundai Grand, 2000
17:57:13| Dealer sold: Hyundai Grand, 2000
17:57:13| Factory created: Mazda A1, 2011
17:57:13| Dealer sold: Mazda A1, 2011
17:57:13| Factory created: Mazda Ranger, 2007
17:57:13| Dealer sold: Mazda Ranger, 2007
17:57:13| Factory created: Subaru SXE, 2017
17:57:13| Dealer sold: Subaru SXE, 2017
17:57:13| Factory created: Kia MM, 2008
17:57:13| Factory created: Toyota Town, 2015
17:57:13| Dealer sold: Kia MM, 2008
17:57:13| Factory created: Mitsubishi F150, 2009
17:57:13| Dealer sold: Toyota Town, 2015
17:57:13| Factory created: Nissan Charger, 2001
17:57:13| Dealer sold: Mitsubishi F150, 2009
17:57:13| Factory created: Toyota RX, 2017
17:57:13| Dealer sold: Nissan Charger, 2001
17:57:13| Dealer sold: Toyota RX, 2017
17:57:13| Factory created: Honda G35, 2003
17:57:13| Dealer sold: Honda G35, 2003
17:57:13| Factory created: Subaru Charger, 2001
17:57:13| Factory created: Infiniti Sport, 1994
17:57:13| Dealer sold: Subaru Charger, 2001
17:57:13| Dealer sold: Infiniti Sport, 1994
17:57:13| Factory created: Dodge XL, 2002
17:57:13| Factory created: Nissan Ranger, 2006
17:57:13| Dealer sold: Dodge XL, 2002
17:57:13| Dealer sold: Nissan Ranger, 2006
17:57:13| Factory created: Mitsubishi XOX, 2021
17:57:13| Dealer sold: Mitsubishi XOX, 2021
17:57:13| Factory created: Honda SE, 1994
17:57:13| Dealer sold: Honda SE, 1994
17:57:13| Factory created: Volkswagen Titan, 2000
17:57:14| Dealer sold: Volkswagen Titan, 2000
17:57:14| Factory created: Ford XLE, 2020
17:57:14| Dealer sold: Ford XLE, 2020
17:57:14| Factory created: Kia Ranger, 1999
17:57:14| Factory created: Toyota Flat, 2013
17:57:14| Dealer sold: Kia Ranger, 1999
17:57:14| Factory created: Mazda Middle, 1999
17:57:14| Dealer sold: Toyota Flat, 2013
17:57:14| Dealer sold: Mazda Middle, 1999
17:57:14| Factory created: Chevrolet XLE, 2008
17:57:14| Dealer sold: Chevrolet XLE, 2008
17:57:14| Factory created: Fiat Round, 2016
17:57:14| Dealer sold: Fiat Round, 2016
17:57:14| Factory created: Acura A1, 2000
17:57:14| Dealer sold: Acura A1, 2000
17:57:14| Factory created: Ford Flat, 2002
17:57:14| Factory created: Volkswagen XL, 2017
17:57:14| Factory created: Infiniti A1, 2013
17:57:14| Dealer sold: Ford Flat, 2002
17:57:14| Factory created: Jeep A2, 2021
17:57:14| Dealer sold: Volkswagen XL, 2017
17:57:14| Factory created: Hyundai Grand, 1993
17:57:14| Dealer sold: Infiniti A1, 2013
17:57:14| Factory created: Volvo Grand, 2015
17:57:14| Dealer sold: Jeep A2, 2021
17:57:14| Dealer sold: Hyundai Grand, 1993
17:57:14| Dealer sold: Volvo Grand, 2015
17:57:14| Factory created: Fiat SXE, 1997
17:57:14| Factory created: Toyota Charger, 1996
17:57:14| Dealer sold: Fiat SXE, 1997
17:57:14| Dealer sold: Toyota Charger, 1996
17:57:14| Factory created: Dodge G35, 2016
17:57:14| Dealer sold: Dodge G35, 2016
17:57:14| Factory created: Mazda Town, 2016
17:57:14| Dealer sold: Mazda Town, 2016
17:57:14| Factory created: Nissan G35, 1995
17:57:14| Dealer sold: Nissan G35, 1995
17:57:14| Factory created: Chrysler Viper, 2019
17:57:14| Dealer sold: Chrysler Viper, 2019
17:57:14| Factory created: Mitsubishi SE, 2017
17:57:14| Dealer sold: Mitsubishi SE, 2017
17:57:14| Factory created: Infiniti A1, 2018
17:57:14| Dealer sold: Infiniti A1, 2018
17:57:14| Factory created: Jeep SE, 1990
17:57:14| Dealer sold: Jeep SE, 1990
17:57:14| Factory created: Infiniti F150, 2007
17:57:14| Factory created: Chevrolet A2, 2005
17:57:14| Dealer sold: Infiniti F150, 2007
17:57:14| Factory created: Acura M1X, 2017
17:57:14| Dealer sold: Chevrolet A2, 2005
17:57:14| Factory created: Ford Ranger, 2008
17:57:14| Factory created: Infiniti Tall, 2014
17:57:14| Dealer sold: Acura M1X, 2017
17:57:14| Factory created: Honda Grand, 1999
17:57:14| Factory created: Hyundai Round, 1998
17:57:14| Dealer sold: Ford Ranger, 2008
17:57:14| Factory created: Chrysler GX, 1995
17:57:14| Dealer sold: Infiniti Tall, 2014
17:57:14| Factory created: Nissan M5, 2008
17:57:14| Dealer sold: Honda Grand, 1999
17:57:14| Factory created: Jeep Titan, 2013
17:57:14| Dealer sold: Hyundai Round, 1998
17:57:14| Factory created: Hyundai XOX, 1994
17:57:14| Factory created: Acura RX, 2003
17:57:14| Dealer sold: Chrysler GX, 1995
17:57:14| Factory created: Dodge Middle, 2020
17:57:14| Factory created: Mitsubishi RX, 2002
17:57:14| Dealer sold: Nissan M5, 2008
17:57:14| Dealer sold: Jeep Titan, 2013
17:57:14| Dealer sold: Hyundai XOX, 1994
17:57:14| Factory created: Fiat Town, 1991
17:57:14| Dealer sold: Acura RX, 2003
17:57:14| Dealer sold: Dodge Middle, 2020
17:57:14| Dealer sold: Mitsubishi RX, 2002
17:57:14| Factory created: Toyota XLE, 2010
17:57:14| Dealer sold: Fiat Town, 1991
17:57:14| Factory created: Acura Viper, 2019
17:57:14| Dealer sold: Toyota XLE, 2010
17:57:14| Factory created: Subaru MM, 2002
17:57:14| Dealer sold: Acura Viper, 2019
17:57:14| Factory created: Infiniti SE, 2023
17:57:14| Factory created: Ford M5, 1992
17:57:14| Dealer sold: Subaru MM, 2002
17:57:14| Dealer sold: Infiniti SE, 2023
17:57:14| Factory created: Ford XLE, 2000
17:57:14| Dealer sold: Ford M5, 1992
17:57:14| Factory created: Nissan F150, 2018
17:57:14| Dealer sold: Ford XLE, 2000
17:57:14| Factory created: Volkswagen Flat, 2013
17:57:14| Factory created: Toyota M1, 1996
17:57:14| Dealer sold: Nissan F150, 2018
17:57:14| Factory created: Volkswagen G35, 1990
17:57:14| Dealer sold: Volkswagen Flat, 2013
17:57:14| Factory created: Nissan Titan, 2009
17:57:14| Dealer sold: Toyota M1, 1996
17:57:14| Factory created: Mitsubishi Grand, 1998
17:57:14| Dealer sold: Volkswagen G35, 1990
17:57:14| Dealer sold: Nissan Titan, 2009
17:57:14| Factory created: Buick F150, 2011
17:57:14| Dealer sold: Mitsubishi Grand, 1998
17:57:14| Factory created: Fiat M1, 1997
17:57:14| Dealer sold: Buick F150, 2011
17:57:14| Dealer sold: Fiat M1, 1997
17:57:14| Factory created: Dodge G35, 2009
17:57:14| Dealer sold: Dodge G35, 2009
17:57:14| Factory created: Toyota Viper, 1995
17:57:14| Dealer sold: Toyota Viper, 1995
17:57:14| Factory created: Kia XOX, 1996
17:57:14| Dealer sold: Kia XOX, 1996
17:57:14| Factory created: Nissan Viper, 2022
17:57:14| Dealer sold: Nissan Viper, 2022
17:57:14| Factory created: Ford A2, 2007
17:57:14| Dealer sold: Ford A2, 2007
17:57:14| Factory created: Toyota M5, 2023
17:57:14| Factory created: Fiat A2, 2007
17:57:14| Dealer sold: Toyota M5, 2023
17:57:14| Dealer sold: Fiat A2, 2007
17:57:14| Factory created: Chrysler XOX, 2019
17:57:14| Factory created: Hyundai M1, 2017
17:57:14| Dealer sold: Chrysler XOX, 2019
17:57:14| Factory created: Mazda XLS, 2006
17:57:14| Dealer sold: Hyundai M1, 2017
17:57:14| Factory created: Toyota M1X, 2017
17:57:14| Dealer sold: Mazda XLS, 2006
17:57:14| Dealer sold: Toyota M1X, 2017
17:57:14| Factory created: Lexus M5, 2016
17:57:14| Dealer sold: Lexus M5, 2016
17:57:14| Factory created: Chevrolet F150, 1995
17:57:14| Factory created: Jeep Charger, 2010
17:57:14| Dealer sold: Chevrolet F150, 1995
17:57:14| Factory created: Dodge Super, 2003
17:57:14| Dealer sold: Jeep Charger, 2010
17:57:14| Factory created: Fiat SXE, 2019
17:57:14| Factory created: Lexus M5, 2017
17:57:14| Dealer sold: Dodge Super, 2003
17:57:14| Dealer sold: Fiat SXE, 2019
17:57:14| Dealer sold: Lexus M5, 2017
17:57:14| Factory created: Buick Grand, 2022
17:57:14| Dealer sold: Buick Grand, 2022
17:57:14| Factory created: Volkswagen A1, 2005
17:57:14| Dealer sold: Volkswagen A1, 2005
17:57:14| Factory created: Mazda XOX, 2016
17:57:14| Dealer sold: Mazda XOX, 2016
17:57:14| Factory created: Dodge RX, 2009
17:57:14| Factory created: Chrysler A2, 1995
17:57:14| Dealer sold: Dodge RX, 2009
17:57:14| Dealer sold: Chrysler A2, 1995
17:57:14| Factory created: Volkswagen M5, 2010
17:57:14| Dealer sold: Volkswagen M5, 2010
17:57:14| Factory created: Ford SE, 1995
17:57:14| Factory created: Infiniti Super, 2018
17:57:14| Factory created: Chrysler F150, 1997
17:57:14| Dealer sold: Ford SE, 1995
17:57:14| Dealer sold: Infiniti Super, 2018
17:57:14| Factory created: Mitsubishi GX, 2007
17:57:14| Factory created: Subaru Flat, 2022
17:57:14| Dealer sold: Chrysler F150, 1997
17:57:14| Dealer sold: Mitsubishi GX, 2007
17:57:14| Factory created: Ford A1, 1990
17:57:14| Dealer sold: Subaru Flat, 2022
17:57:14| Factory created: Volvo M1X, 2012
17:57:14| Dealer sold: Ford A1, 1990
17:57:14| Dealer sold: Volvo M1X, 2012
17:57:14| Factory created: Smart MM, 2012
17:57:14| Factory created: Nissan Ranger, 1999
17:57:14| Dealer sold: Smart MM, 2012
17:57:14| Factory created: Subaru XLS, 2009
17:57:14| Factory created: Kia XOX, 2013
17:57:14| Dealer sold: Nissan Ranger, 1999
17:57:14| Dealer sold: Subaru XLS, 2009
17:57:14| Dealer sold: Kia XOX, 2013
17:57:14| Factory created: Smart Sport, 2006
17:57:14| Factory created: Acura SXE, 2018
17:57:14| Dealer sold: Smart Sport, 2006
17:57:14| Dealer sold: Acura SXE, 2018
17:57:14| Factory created: Volkswagen Viper, 1995
17:57:14| Factory created: Subaru A2, 2009
17:57:14| Dealer sold: Volkswagen Viper, 1995
17:57:14| Dealer sold: Subaru A2, 2009
17:57:14| Factory created: Lexus Ranger, 2017
17:57:14| Factory created: Subaru SE, 2019
17:57:14| Factory created: Volvo A1, 2022
17:57:14| Factory created: Toyota Viper, 2002
17:57:14| Dealer sold: Lexus Ranger, 2017
17:57:14| Factory created: Hyundai SXE, 2019
17:57:15| Dealer sold: Subaru SE, 2019
17:57:15| Factory created: Toyota Tall, 1998
17:57:15| Dealer sold: Volvo A1, 2022
17:57:15| Factory created: Buick Flat, 2007
17:57:15| Dealer sold: Toyota Viper, 2002
17:57:15| Factory created: Subaru G35, 2022
17:57:15| Dealer sold: Hyundai SXE, 2019
17:57:15| Factory created: Dodge Grand, 2022
17:57:15| Factory created: Honda Ranger, 2020
17:57:15| Dealer sold: Toyota Tall, 1998
17:57:15| Dealer sold: Buick Flat, 2007
17:57:15| Factory created: Toyota XLS, 1998
17:57:15| Factory created: Ford XL, 2017
17:57:15| Dealer sold: Subaru G35, 2022
17:57:15| Dealer sold: Dodge Grand, 2022
17:57:15| Factory created: Ford Grand, 1992
17:57:15| Factory created: Kia GX, 2000
17:57:15| Dealer sold: Honda Ranger, 2020
17:57:15| Dealer sold: Toyota XLS, 1998
17:57:15| Factory created: Ford GX, 2013
17:57:15| Dealer sold: Ford XL, 2017
17:57:15| Factory created: Kia M1, 2007
17:57:15| Dealer sold: Ford Grand, 1992
17:57:15| Dealer sold: Kia GX, 2000
17:57:15| Factory created: Acura A2, 2022
17:57:15| Factory created: Nissan GX, 2007
17:57:15| Dealer sold: Ford GX, 2013
17:57:15| Factory created: Toyota Sport, 1995
17:57:15| Dealer sold: Kia M1, 2007
17:57:15| Factory created: Subaru XLE, 1992
17:57:15| Dealer sold: Acura A2, 2022
17:57:15| Factory created: Chevrolet Titan, 1995
17:57:15| Dealer sold: Nissan GX, 2007
17:57:15| Factory created: Nissan Viper, 1998
17:57:15| Dealer sold: Toyota Sport, 1995
17:57:15| Factory created: Volvo Sport, 2001
17:57:15| Factory created: Volvo Tall, 2002
17:57:15| Dealer sold: Subaru XLE, 1992
17:57:15| Factory created: Jeep MM, 2019
17:57:15| Dealer sold: Chevrolet Titan, 1995
17:57:15| Factory created: Fiat Ranger, 2013
17:57:15| Dealer sold: Nissan Viper, 1998
17:57:15| Factory created: Chevrolet MM, 1994
17:57:15| Factory created: Acura XOX, 2023
17:57:15| Dealer sold: Volvo Sport, 2001
17:57:15| Factory created: Nissan Sport, 1996
17:57:15| Dealer sold: Volvo Tall, 2002
17:57:15| Factory created: Volvo Round, 2016
17:57:15| Dealer sold: Jeep MM, 2019
17:57:15| Factory created: Kia Viper, 2003
17:57:15| Dealer sold: Fiat Ranger, 2013
17:57:15| Factory created: Jeep XOX, 2018
17:57:15| Dealer sold: Chevrolet MM, 1994
17:57:15| Factory created: Dodge Grand, 2014
17:57:15| Dealer sold: Acura XOX, 2023
17:57:15| Factory created: Infiniti Viper, 2021
17:57:15| Factory created: Chrysler XOX, 1990
17:57:15| Dealer sold: Nissan Sport, 1996
17:57:15| Dealer sold: Volvo Round, 2016
17:57:15| Factory created: Toyota Super, 1999
17:57:15| Dealer sold: Kia Viper, 2003
17:57:15| Dealer sold: Jeep XOX, 2018
17:57:15| Factory created: Toyota Round, 1992
17:57:15| Factory created: Honda Round, 2003
17:57:15| Factory created: Toyota Titan, 2004
17:57:15| Dealer sold: Dodge Grand, 2014
17:57:15| Factory created: Jeep A2, 2022
17:57:15| Dealer sold: Infiniti Viper, 2021
17:57:15| Factory created: Fiat F150, 2006
17:57:15| Factory created: Chevrolet GX, 1998
17:57:15| Dealer sold: Chrysler XOX, 1990
17:57:15| Dealer sold: Toyota Super, 1999
17:57:15| Factory created: Fiat Grand, 2002
17:57:15| Dealer sold: Toyota Round, 1992
17:57:15| Factory created: Infiniti F150, 2010
17:57:15| Dealer sold: Honda Round, 2003
17:57:15| Factory created: Volvo A1, 2016
17:57:15| Dealer sold: Toyota Titan, 2004
17:57:15| Factory created: Kia Grand, 1995
17:57:15| Dealer sold: Jeep A2, 2022
17:57:15| Dealer sold: Fiat F150, 2006
17:57:15| Dealer sold: Chevrolet GX, 1998
17:57:15| Factory created: Subaru Charger, 2007
17:57:15| Dealer sold: Fiat Grand, 2002
17:57:15| Factory created: Honda Tall, 2015
17:57:15| Factory created: Volkswagen Flat, 2001
17:57:15| Dealer sold: Infiniti F150, 2010
17:57:15| Dealer sold: Volvo A1, 2016
17:57:15| Factory created: Chrysler Grand, 2008
17:57:15| Dealer sold: Kia Grand, 1995
17:57:15| Dealer sold: Subaru Charger, 2007
17:57:15| Factory created: Volkswagen Super, 2017
17:57:15| Dealer sold: Honda Tall, 2015
17:57:15| Factory created: Dodge SE, 2023
17:57:15| Dealer sold: Volkswagen Flat, 2001
17:57:15| Factory created: Nissan Flat, 1999
17:57:15| Dealer sold: Chrysler Grand, 2008
17:57:15| Factory created: Jeep SXE, 2015
17:57:15| Dealer sold: Volkswagen Super, 2017
17:57:15| Factory created: Chevrolet M5, 2008
17:57:15| Dealer sold: Dodge SE, 2023
17:57:15| Factory created: Dodge XL, 2004
17:57:15| Factory created: Honda Charger, 1997
17:57:15| Factory created: Volvo SXE, 2010
17:57:15| Dealer sold: Nissan Flat, 1999
17:57:15| Dealer sold: Jeep SXE, 2015
17:57:15| Factory created: Kia Viper, 2000
17:57:15| Dealer sold: Chevrolet M5, 2008
17:57:15| Factory created: Mazda Super, 2016
17:57:15| Dealer sold: Dodge XL, 2004
17:57:15| Dealer sold: Honda Charger, 1997
17:57:15| Factory created: Buick RX, 2000
17:57:15| Dealer sold: Volvo SXE, 2010
17:57:15| Factory created: Lexus RX, 2023
17:57:15| Factory created: Chevrolet Grand, 2014
17:57:15| Dealer sold: Kia Viper, 2000
17:57:15| Dealer sold: Mazda Super, 2016
17:57:15| Dealer sold: Buick RX, 2000
17:57:15| Factory created: Buick Viper, 2000
17:57:15| Dealer sold: Lexus RX, 2023
17:57:15| Factory created: Toyota XLS, 1997
17:57:15| Factory created: Acura MM, 2013
17:57:15| Dealer sold: Chevrolet Grand, 2014
17:57:15| Factory created: Kia Sport, 2020
17:57:15| Factory created: Hyundai RX, 2000
17:57:15| Dealer sold: Buick Viper, 2000
17:57:15| Factory created: Infiniti Grand, 2017
17:57:15| Dealer sold: Toyota XLS, 1997
17:57:15| Dealer sold: Acura MM, 2013
17:57:15| Dealer sold: Kia Sport, 2020
17:57:15| Factory created: Lexus F150, 1997
17:57:15| Factory created: Mitsubishi XL, 2023
17:57:15| Factory created: Toyota Grand, 2020
17:57:15| Dealer sold: Hyundai RX, 2000
17:57:15| Dealer sold: Infiniti Grand, 2017
17:57:15| Factory created: Hyundai Viper, 2014
17:57:15| Dealer sold: Lexus F150, 1997
17:57:15| Dealer sold: Mitsubishi XL, 2023
17:57:15| Dealer sold: Toyota Grand, 2020
17:57:15| Factory created: Mitsubishi Flat, 1990
17:57:15| Dealer sold: Hyundai Viper, 2014
17:57:15| Factory created: Honda XLE, 1999
17:57:15| Dealer sold: Mitsubishi Flat, 1990
17:57:15| Factory created: Dodge SE, 2013
17:57:15| Factory created: Fiat XOX, 2002
17:57:15| Dealer sold: Honda XLE, 1999
17:57:15| Factory created: Nissan Sport, 2009
17:57:15| Dealer sold: Dodge SE, 2013
17:57:15| Factory created: Jeep M1, 2011
17:57:15| Factory created: Honda Super, 2006
17:57:15| Factory created: Chevrolet F150, 2023
17:57:15| Dealer sold: Fiat XOX, 2002
17:57:15| Factory created: Acura Town, 1998
17:57:15| Dealer sold: Nissan Sport, 2009
17:57:15| Factory created: Mazda F150, 2007
17:57:15| Dealer sold: Jeep M1, 2011
17:57:15| Dealer sold: Honda Super, 2006
17:57:15| Dealer sold: Chevrolet F150, 2023
17:57:15| Factory created: Infiniti Viper, 2000
17:57:15| Factory created: Nissan Flat, 2004
17:57:15| Dealer sold: Acura Town, 1998
17:57:15| Factory created: Ford XL, 2017
17:57:15| Factory created: Chevrolet Round, 1995
17:57:15| Dealer sold: Mazda F150, 2007
17:57:15| Dealer sold: Infiniti Viper, 2000
17:57:15| Factory created: Honda XLE, 2018
17:57:15| Factory created: Kia M1, 1998
17:57:15| Dealer sold: Nissan Flat, 2004
17:57:15| Dealer sold: Ford XL, 2017
17:57:15| Dealer sold: Chevrolet Round, 1995
17:57:15| Factory created: Toyota Ranger, 2018
17:57:15| Dealer sold: Honda XLE, 2018
17:57:15| Factory created: Mitsubishi MM, 1998
17:57:15| Factory created: Dodge Grand, 2006
17:57:15| Dealer sold: Kia M1, 1998
17:57:15| Factory created: Honda Ranger, 2008
17:57:15| Factory created: Dodge XL, 2013
17:57:15| Dealer sold: Toyota Ranger, 2018
17:57:15| Dealer sold: Mitsubishi MM, 1998
17:57:15| Factory created: Honda Titan, 1995
17:57:15| Factory created: Smart RX, 2014
17:57:15| Dealer sold: Dodge Grand, 2006
17:57:16| Factory created: Honda M1, 1997
17:57:16| Dealer sold: Honda Ranger, 2008
17:57:16| Factory created: Dodge M5, 2023
17:57:16| Dealer sold: Dodge XL, 2013
17:57:16| Factory created: Toyota Tall, 1997
17:57:16| Dealer sold: Honda Titan, 1995
17:57:16| Factory created: Toyota Titan, 1995
17:57:16| Dealer sold: Smart RX, 2014
17:57:16| Factory created: Nissan Middle, 1999
17:57:16| Dealer sold: Honda M1, 1997
17:57:16| Factory created: Mazda G35, 2000
17:57:16| Dealer sold: Dodge M5, 2023
17:57:16| Factory created: Ford GX, 2006
17:57:16| Dealer sold: Toyota Tall, 1997
17:57:16| Dealer sold: Toyota Titan, 1995
17:57:16| Dealer sold: Nissan Middle, 1999
17:57:16| Factory created: Infiniti GX, 2016
17:57:16| Dealer sold: Mazda G35, 2000
17:57:16| Dealer sold: Ford GX, 2006
17:57:16| Factory created: Lexus Ranger, 2012
17:57:16| Dealer sold: Infiniti GX, 2016
17:57:16| Factory created: Volkswagen G35, 1996
17:57:16| Dealer sold: Lexus Ranger, 2012
17:57:16| Dealer sold: Volkswagen G35, 1996
17:57:16| Factory created: Lexus G35, 2009
17:57:16| Dealer sold: Lexus G35, 2009
17:57:16| Factory created: Hyundai M1X, 2014
17:57:16| Dealer sold: Hyundai M1X, 2014
17:57:16| Factory created: Subaru F150, 2005
17:57:16| Factory created: Buick A1, 2014
17:57:16| Dealer sold: Subaru F150, 2005
17:57:16| Dealer sold: Buick A1, 2014
17:57:16| Factory created: Dodge Town, 1993
17:57:16| Factory created: Mitsubishi Tall, 2017
17:57:16| Dealer sold: Dodge Town, 1993
17:57:16| Factory created: Toyota Ranger, 1991
17:57:16| Dealer sold: Mitsubishi Tall, 2017
17:57:16| Dealer sold: Toyota Ranger, 1991
17:57:16| Factory created: Jeep Ranger, 2010
17:57:16| Factory created: Nissan XLS, 1991
17:57:16| Factory created: Toyota Titan, 2019
17:57:16| Dealer sold: Jeep Ranger, 2010
17:57:16| Factory created: Hyundai XLS, 2013
17:57:16| Factory created: Smart Sport, 2012
17:57:16| Dealer sold: Nissan XLS, 1991
17:57:16| Factory created: Nissan G35, 2000
17:57:16| Factory created: Buick Charger, 2005
17:57:16| Dealer sold: Toyota Titan, 2019
17:57:16| Dealer sold: Hyundai XLS, 2013
17:57:16| Factory created: Smart Town, 2008
17:57:16| Dealer sold: Smart Sport, 2012
17:57:16| Factory created: Lexus Viper, 1995
17:57:16| Dealer sold: Nissan G35, 2000
17:57:16| Factory created: Honda Tall, 2012
17:57:16| Dealer sold: Buick Charger, 2005
17:57:16| Factory created: Dodge M1X, 2008
17:57:16| Dealer sold: Smart Town, 2008
17:57:16| Factory created: Chrysler XLS, 1997
17:57:16| Dealer sold: Lexus Viper, 1995
17:57:16| Factory created: Smart Round, 2014
17:57:16| Factory created: Chrysler M1, 1999
17:57:16| Dealer sold: Honda Tall, 2012
17:57:16| Factory created: Toyota Tall, 2022
17:57:16| Dealer sold: Dodge M1X, 2008
17:57:16| Factory created: Jeep MM, 2014
17:57:16| Factory created: Ford Round, 1992
17:57:16| Dealer sold: Chrysler XLS, 1997
17:57:16| Dealer sold: Smart Round, 2014
17:57:16| Factory created: Chrysler RX, 2010
17:57:16| Factory created: Dodge Super, 2000
17:57:16| Factory created: Hyundai M5, 2016
17:57:16| Dealer sold: Chrysler M1, 1999
17:57:16| Factory created: Subaru A1, 2012
17:57:16| Factory created: Volvo Grand, 2012
17:57:16| Dealer sold: Toyota Tall, 2022
17:57:16| Dealer sold: Jeep MM, 2014
17:57:16| Factory created: Infiniti Super, 2019
17:57:16| Factory created: Buick Sport, 2004
17:57:16| Dealer sold: Ford Round, 1992
17:57:16| Dealer sold: Chrysler RX, 2010
17:57:16| Factory created: Volkswagen M5, 1998
17:57:16| Dealer sold: Dodge Super, 2000
17:57:16| Factory created: Toyota XL, 2009
17:57:16| Dealer sold: Hyundai M5, 2016
17:57:16| Factory created: Smart XLS, 2007
17:57:16| Factory created: Ford Round, 2013
17:57:16| Dealer sold: Subaru A1, 2012
17:57:16| Dealer sold: Volvo Grand, 2012
17:57:16| Dealer sold: Infiniti Super, 2019
17:57:16| Factory created: Dodge Round, 1991
17:57:16| Dealer sold: Buick Sport, 2004
17:57:16| Factory created: Volvo Super, 1992
17:57:16| Dealer sold: Volkswagen M5, 1998
17:57:16| Factory created: Chevrolet Viper, 1993
17:57:16| Dealer sold: Toyota XL, 2009
17:57:16| Factory created: Kia A2, 1992
17:57:16| Dealer sold: Smart XLS, 2007
17:57:16| Factory created: Ford SXE, 2022
17:57:16| Dealer sold: Ford Round, 2013
17:57:16| Factory created: Nissan Ranger, 1995
17:57:16| Factory created: Infiniti A2, 2015
17:57:16| Dealer sold: Dodge Round, 1991
17:57:16| Factory created: Chrysler Viper, 1997
17:57:16| Dealer sold: Volvo Super, 1992
17:57:16| Factory created: Jeep M5, 2006
17:57:16| Factory created: Jeep Ranger, 2014
17:57:16| Factory created: Acura M1X, 2009
17:57:16| Dealer sold: Chevrolet Viper, 1993
17:57:16| Factory created: Fiat Charger, 2022
17:57:16| Dealer sold: Kia A2, 1992
17:57:16| Factory created: Ford Middle, 2019
17:57:16| Dealer sold: Ford SXE, 2022
17:57:16| Factory created: Acura Middle, 2002
17:57:16| Dealer sold: Nissan Ranger, 1995
17:57:16| Factory created: Toyota G35, 2018
17:57:16| Dealer sold: Infiniti A2, 2015
17:57:16| Factory created: Toyota XOX, 2022
17:57:16| Factory created: Dodge MM, 2011
17:57:16| Dealer sold: Chrysler Viper, 1997
17:57:16| Factory created: Infiniti XLS, 1993
17:57:16| Dealer sold: Jeep M5, 2006
17:57:16| Factory created: Mazda Titan, 1990
17:57:16| Dealer sold: Jeep Ranger, 2014
17:57:16| Factory created: Hyundai XL, 1999
17:57:16| Dealer sold: Acura M1X, 2009
17:57:16| Dealer sold: Fiat Charger, 2022
17:57:16| Factory created: Smart Round, 1997
17:57:16| Dealer sold: Ford Middle, 2019
17:57:16| Dealer sold: Acura Middle, 2002
17:57:16| Dealer sold: Toyota G35, 2018
17:57:16| Factory created: Toyota Charger, 2023
17:57:16| Dealer sold: Toyota XOX, 2022
17:57:16| Factory created: Dodge MM, 2017
17:57:16| Dealer sold: Dodge MM, 2011
17:57:16| Dealer sold: Infiniti XLS, 1993
17:57:16| Factory created: Acura Tall, 2008
17:57:16| Dealer sold: Mazda Titan, 1990
17:57:16| Factory created: Volvo G35, 2019
17:57:16| Dealer sold: Hyundai XL, 1999
17:57:16| Dealer sold: Smart Round, 1997
17:57:16| Factory created: Smart Town, 2018
17:57:16| Dealer sold: Toyota Charger, 2023
17:57:16| Dealer sold: Dodge MM, 2017
17:57:16| Dealer sold: Acura Tall, 2008
17:57:16| Factory created: Infiniti Flat, 1993
17:57:16| Dealer sold: Volvo G35, 2019
17:57:16| Dealer sold: Smart Town, 2018
17:57:16| Factory created: Infiniti M1, 2022
17:57:16| Factory created: Dodge A1, 1996
17:57:16| Dealer sold: Infiniti Flat, 1993
17:57:16| Dealer sold: Infiniti M1, 2022
17:57:16| Factory created: Jeep F150, 2000
17:57:16| Dealer sold: Dodge A1, 1996
17:57:16| Factory created: Mazda Titan, 1991
17:57:16| Factory created: Chevrolet Charger, 2008
17:57:16| Dealer sold: Jeep F150, 2000
17:57:16| Dealer sold: Mazda Titan, 1991
17:57:16| Dealer sold: Chevrolet Charger, 2008
17:57:16| Factory created: Hyundai F150, 2019
17:57:16| Dealer sold: Hyundai F150, 2019
17:57:16| Factory created: Jeep M1, 2009
17:57:16| Dealer sold: Jeep M1, 2009
17:57:16| Factory created: Mazda Ranger, 2006
17:57:16| Dealer sold: Mazda Ranger, 2006
17:57:16| Factory created: Infiniti XLS, 2014
17:57:16| Dealer sold: Infiniti XLS, 2014
17:57:16| Factory created: Volvo Ranger, 2001
17:57:16| Dealer sold: Volvo Ranger, 2001
17:57:16| Factory created: Mazda RX, 2016
17:57:16| Factory created: Ford M5, 1993
17:57:16| Dealer sold: Mazda RX, 2016
17:57:16| Factory created: Buick RX, 1997
17:57:16| Dealer sold: Ford M5, 1993
17:57:16| Factory created: Fiat G35, 2005
17:57:16| Dealer sold: Buick RX, 1997
17:57:16| Dealer sold: Fiat G35, 2005
17:57:16| Factory created: Mazda SE, 1995
17:57:16| Dealer sold: Mazda SE, 1995
17:57:16| Factory created: Mazda A1, 1993
17:57:16| Dealer sold: Mazda A1, 1993
17:57:16| Factory created: Hyundai Town, 1994
17:57:16| Factory created: Infiniti Middle, 2005
17:57:16| Dealer sold: Hyundai Town, 1994
17:57:16| Factory created: Lexus Middle, 2008
17:57:16| Dealer sold: Infiniti Middle, 2005
17:57:16| Factory created: Smart XLS, 2002
17:57:16| Dealer sold: Lexus Middle, 2008
17:57:17| Factory created: Smart GX, 2006
17:57:17| Dealer sold: Smart XLS, 2002
17:57:17| Dealer sold: Smart GX, 2006
17:57:17| Factory created: Infiniti M5, 2005
17:57:17| Dealer sold: Infiniti M5, 2005
17:57:17| Factory created: Jeep XLE, 2006
17:57:17| Dealer sold: Jeep XLE, 2006
17:57:17| Factory created: Chrysler G35, 2019
17:57:17| Dealer sold: Chrysler G35, 2019
17:57:17| Factory created: Fiat M1, 2005
17:57:17| Dealer sold: Fiat M1, 2005
17:57:17| Factory created: Fiat XLE, 2010
17:57:17| Dealer sold: Fiat XLE, 2010
17:57:17| Factory created: Nissan Super, 1997
17:57:17| Dealer sold: Nissan Super, 1997
17:57:17| Factory created: Dodge Town, 2020
17:57:17| Dealer sold: Dodge Town, 2020
17:57:17| Factory created: Chevrolet Titan, 1999
17:57:17| Dealer sold: Chevrolet Titan, 1999
17:57:17| Factory created: Mazda SE, 1996
17:57:17| Dealer sold: Mazda SE, 1996
17:57:17| Factory created: Dodge XOX, 1999
17:57:17| Factory created: Volkswagen Round, 1994
17:57:17| Factory created: Smart Middle, 2012
17:57:17| Dealer sold: Dodge XOX, 1999
17:57:17| Factory created: Ford MM, 2015
17:57:17| Dealer sold: Volkswagen Round, 1994
17:57:17| Factory created: Nissan A2, 2013
17:57:17| Dealer sold: Smart Middle, 2012
17:57:17| Factory created: Lexus Viper, 2001
17:57:17| Factory created: Lexus G35, 2006
17:57:17| Dealer sold: Ford MM, 2015
17:57:17| Factory created: Kia Flat, 1995
17:57:17| Dealer sold: Nissan A2, 2013
17:57:17| Factory created: Mazda M5, 1990
17:57:17| Dealer sold: Lexus Viper, 2001
17:57:17| Factory created: Toyota Town, 2000
17:57:17| Dealer sold: Lexus G35, 2006
17:57:17| Factory created: Mazda Super, 2008
17:57:17| Factory created: Hyundai Super, 1994
17:57:17| Dealer sold: Kia Flat, 1995
17:57:17| Dealer sold: Mazda M5, 1990
17:57:17| Factory created: Mitsubishi Grand, 2008
17:57:17| Dealer sold: Toyota Town, 2000
17:57:17| Factory created: Honda GX, 2014
17:57:17| Dealer sold: Mazda Super, 2008
17:57:17| Factory created: Acura M1X, 2010
17:57:17| Factory created: Ford XOX, 2020
17:57:17| Dealer sold: Hyundai Super, 1994
17:57:17| Factory created: Volvo M1X, 2003
17:57:17| Factory created: Subaru Town, 2019
17:57:17| Dealer sold: Mitsubishi Grand, 2008
17:57:17| Dealer sold: Honda GX, 2014
17:57:17| Dealer sold: Acura M1X, 2010
17:57:17| Factory created: Hyundai SXE, 2001
17:57:17| Dealer sold: Ford XOX, 2020
17:57:17| Dealer sold: Volvo M1X, 2003
17:57:17| Dealer sold: Subaru Town, 2019
17:57:17| Dealer sold: Hyundai SXE, 2001
17:57:17| Factory created: Buick Ranger, 1999
17:57:17| Factory created: Chrysler XL, 2017
17:57:17| Dealer sold: Buick Ranger, 1999
17:57:17| Factory created: Honda Town, 2015
17:57:17| Dealer sold: Chrysler XL, 2017
17:57:17| Dealer sold: Honda Town, 2015
17:57:17| Factory created: Infiniti F150, 2006
17:57:17| Dealer sold: Infiniti F150, 2006
17:57:17| Factory created: Subaru Ranger, 1998
17:57:17| Dealer sold: Subaru Ranger, 1998
17:57:17| Factory created: Toyota A1, 2018
17:57:17| Dealer sold: Toyota A1, 2018
17:57:17| Factory created: Volkswagen Flat, 2017
17:57:17| Dealer sold: Volkswagen Flat, 2017
17:57:17| Factory created: Chrysler A2, 2000
17:57:17| Dealer sold: Chrysler A2, 2000
17:57:17| Factory created: Kia SXE, 2015
17:57:17| Dealer sold: Kia SXE, 2015
17:57:17| Factory created: Kia SE, 1994
17:57:17| Dealer sold: Kia SE, 1994
17:57:17| Factory created: Mitsubishi Flat, 2009
17:57:17| Factory created: Hyundai M1X, 2004
17:57:17| Dealer sold: Mitsubishi Flat, 2009
17:57:17| Dealer sold: Hyundai M1X, 2004
17:57:17| Factory created: Fiat MM, 2023
17:57:17| Dealer sold: Fiat MM, 2023
17:57:17| Factory created: Smart Sport, 2018
17:57:17| Dealer sold: Smart Sport, 2018
17:57:17| Factory created: Infiniti Round, 2014
17:57:17| Dealer sold: Infiniti Round, 2014
17:57:17| Factory created: Jeep Town, 2008
17:57:17| Dealer sold: Jeep Town, 2008
17:57:17| Factory created: Kia GX, 2011
17:57:17| Dealer sold: Kia GX, 2011
17:57:17| Factory created: Volvo Titan, 2004
17:57:17| Dealer sold: Volvo Titan, 2004
17:57:17| Factory created: Chevrolet GX, 1990
17:57:17| Factory created: Toyota F150, 2008
17:57:17| Factory created: Infiniti Tall, 2020
17:57:17| Factory created: Mitsubishi Titan, 1991
17:57:17| Dealer sold: Chevrolet GX, 1990
17:57:17| Dealer sold: Toyota F150, 2008
17:57:17| Factory created: Infiniti Titan, 2017
17:57:17| Factory created: Toyota F150, 2001
17:57:17| Dealer sold: Infiniti Tall, 2020
17:57:17| Dealer sold: Mitsubishi Titan, 1991
17:57:17| Dealer sold: Infiniti Titan, 2017
17:57:17| Factory created: Chevrolet Ranger, 2016
17:57:17| Dealer sold: Toyota F150, 2001
17:57:17| Dealer sold: Chevrolet Ranger, 2016
17:57:17| Factory created: Ford Flat, 1995
17:57:17| Dealer sold: Ford Flat, 1995
17:57:17| Factory created: Infiniti Ranger, 2010
17:57:17| Dealer sold: Infiniti Ranger, 2010
17:57:17| Factory created: Infiniti Titan, 2013
17:57:17| Factory created: Dodge Charger, 2021
17:57:17| Dealer sold: Infiniti Titan, 2013
17:57:17| Factory created: Buick M5, 1994
17:57:17| Dealer sold: Dodge Charger, 2021
17:57:17| Factory created: Dodge Middle, 1998
17:57:17| Dealer sold: Buick M5, 1994
17:57:17| Dealer sold: Dodge Middle, 1998
17:57:17| Factory created: Toyota Flat, 2013
17:57:17| Factory created: Jeep SXE, 1994
17:57:17| Dealer sold: Toyota Flat, 2013
17:57:17| Dealer sold: Jeep SXE, 1994
17:57:17| Factory created: Smart M5, 1997
17:57:17| Dealer sold: Smart M5, 1997
17:57:17| Factory created: Kia Viper, 2003
17:57:17| Factory created: Ford Viper, 2019
17:57:17| Factory created: Subaru Charger, 1998
17:57:17| Dealer sold: Kia Viper, 2003
17:57:17| Factory created: Mazda G35, 2005
17:57:17| Dealer sold: Ford Viper, 2019
17:57:17| Dealer sold: Subaru Charger, 1998
17:57:17| Factory created: Jeep A1, 2016
17:57:17| Dealer sold: Mazda G35, 2005
17:57:17| Factory created: Mitsubishi M5, 2000
17:57:17| Dealer sold: Jeep A1, 2016
17:57:17| Factory created: Ford F150, 2007
17:57:17| Factory created: Mazda Flat, 2003
17:57:17| Dealer sold: Mitsubishi M5, 2000
17:57:17| Dealer sold: Ford F150, 2007
17:57:17| Dealer sold: Mazda Flat, 2003
17:57:17| Factory created: Subaru RX, 2011
17:57:17| Dealer sold: Subaru RX, 2011
17:57:17| Factory created: Kia Flat, 2004
17:57:17| Dealer sold: Kia Flat, 2004
17:57:17| Factory created: Chevrolet Super, 1996
17:57:17| Dealer sold: Chevrolet Super, 1996
17:57:17| Factory created: Acura XL, 1990
17:57:17| Dealer sold: Acura XL, 1990
17:57:17| Factory created: Hyundai M1, 2014
17:57:17| Factory created: Hyundai Titan, 1991
17:57:17| Dealer sold: Hyundai M1, 2014
17:57:17| Dealer sold: Hyundai Titan, 1991
17:57:17| Factory created: Nissan MM, 1994
17:57:17| Dealer sold: Nissan MM, 1994
17:57:17| Factory created: Hyundai A2, 2015
17:57:17| Dealer sold: Hyundai A2, 2015
17:57:17| Factory created: Chrysler M1X, 2017
17:57:17| Dealer sold: Chrysler M1X, 2017
17:57:17| Factory created: Volkswagen SE, 2011
17:57:17| Dealer sold: Volkswagen SE, 2011
17:57:17| Factory created: Chrysler XOX, 2012
17:57:17| Factory created: Volvo Titan, 1992
17:57:17| Dealer sold: Chrysler XOX, 2012
17:57:17| Factory created: Buick RX, 2018
17:57:17| Dealer sold: Volvo Titan, 1992
17:57:17| Dealer sold: Buick RX, 2018
17:57:17| Factory created: Honda GX, 2016
17:57:17| Factory created: Infiniti Charger, 2022
17:57:17| Factory created: Subaru Viper, 1994
17:57:17| Dealer sold: Honda GX, 2016
17:57:17| Dealer sold: Infiniti Charger, 2022
17:57:17| Dealer sold: Subaru Viper, 1994
17:57:17| Factory created: Mazda Flat, 1993
17:57:17| Dealer sold: Mazda Flat, 1993
17:57:17| Factory created: Nissan Flat, 1995
17:57:17| Factory created: Kia XLS, 1995
17:57:17| Dealer sold: Nissan Flat, 1995
17:57:17| Factory created: Jeep M1X, 2020
17:57:17| Dealer sold: Kia XLS, 1995
17:57:17| Factory created: Honda Super, 1992
17:57:17| Dealer sold: Jeep M1X, 2020
17:57:17| Dealer sold: Honda Super, 1992
17:57:17| Factory created: Nissan G35, 2023
17:57:17| Dealer sold: Nissan G35, 2023
17:57:17| Factory created: Fiat Sport, 2011
17:57:18| Factory created: Dodge GX, 2005
17:57:18| Dealer sold: Fiat Sport, 2011
17:57:18| Dealer sold: Dodge GX, 2005
17:57:18| Factory created: Volvo Ranger, 2019
17:57:18| Dealer sold: Volvo Ranger, 2019
17:57:18| Factory created: Subaru XLE, 1994
17:57:18| Dealer sold: Subaru XLE, 1994
17:57:18| Factory created: Nissan XOX, 2023
17:57:18| Dealer sold: Nissan XOX, 2023
17:57:18| Factory created: Nissan Middle, 2008
17:57:18| Dealer sold: Nissan Middle, 2008
17:57:18| Factory created: Mitsubishi Town, 1993
17:57:18| Factory created: Lexus Super, 2008
17:57:18| Factory created: Volkswagen Viper, 1990
17:57:18| Dealer sold: Mitsubishi Town, 1993
17:57:18| Dealer sold: Lexus Super, 2008
17:57:18| Dealer sold: Volkswagen Viper, 1990
17:57:18| Factory created: Mitsubishi M1X, 1998
17:57:18| Factory created: Toyota M1X, 1995
17:57:18| Dealer sold: Mitsubishi M1X, 1998
17:57:18| Factory created: Jeep XOX, 2012
17:57:18| Dealer sold: Toyota M1X, 1995
17:57:18| Factory created: Hyundai M1, 2006
17:57:18| Dealer sold: Jeep XOX, 2012
17:57:18| Factory created: Toyota Super, 1999
17:57:18| Factory created: Honda GX, 1992
17:57:18| Dealer sold: Hyundai M1, 2006
17:57:18| Dealer sold: Toyota Super, 1999
17:57:18| Factory created: Dodge XLS, 2006
17:57:18| Factory created: Subaru Round, 1997
17:57:18| Dealer sold: Honda GX, 1992
17:57:18| Factory created: Lexus Viper, 2007
17:57:18| Factory created: Fiat M1, 1998
17:57:18| Dealer sold: Dodge XLS, 2006
17:57:18| Dealer sold: Subaru Round, 1997
17:57:18| Factory created: Volvo MM, 2009
17:57:18| Dealer sold: Lexus Viper, 2007
17:57:18| Factory created: Ford Town, 2004
17:57:18| Dealer sold: Fiat M1, 1998
17:57:18| Dealer sold: Volvo MM, 2009
17:57:18| Factory created: Subaru XOX, 2008
17:57:18| Dealer sold: Ford Town, 2004
17:57:18| Dealer sold: Subaru XOX, 2008
17:57:18| Factory created: Infiniti Titan, 1990
17:57:18| Factory created: Acura Viper, 2001
17:57:18| Dealer sold: Infiniti Titan, 1990
17:57:18| Factory created: Smart F150, 2000
17:57:18| Factory created: Chrysler F150, 2021
17:57:18| Dealer sold: Acura Viper, 2001
17:57:18| Dealer sold: Smart F150, 2000
17:57:18| Factory created: Honda GX, 2018
17:57:18| Dealer sold: Chrysler F150, 2021
17:57:18| Factory created: Smart M5, 2002
17:57:18| Factory created: Nissan Titan, 2007
17:57:18| Dealer sold: Honda GX, 2018
17:57:18| Factory created: Hyundai Charger, 2019
17:57:18| Dealer sold: Smart M5, 2002
17:57:18| Dealer sold: Nissan Titan, 2007
17:57:18| Factory created: Subaru XLE, 2010
17:57:18| Dealer sold: Hyundai Charger, 2019
17:57:18| Factory created: Buick Sport, 2023
17:57:18| Dealer sold: Subaru XLE, 2010
17:57:18| Factory created: Volkswagen XOX, 1991
17:57:18| Factory created: Kia SXE, 2014
17:57:18| Dealer sold: Buick Sport, 2023
17:57:18| Dealer sold: Volkswagen XOX, 1991
17:57:18| Factory created: Mitsubishi Sport, 2018
17:57:18| Dealer sold: Kia SXE, 2014
17:57:18| Factory created: Chrysler XL, 1998
17:57:18| Factory created: Chevrolet Super, 2004
17:57:18| Dealer sold: Mitsubishi Sport, 2018
17:57:18| Dealer sold: Chrysler XL, 1998
17:57:18| Factory created: Fiat M1, 2018
17:57:18| Dealer sold: Chevrolet Super, 2004
17:57:18| Factory created: Buick Tall, 2021
17:57:18| Factory created: Volvo Flat, 1999
17:57:18| Factory created: Dodge Charger, 2005
17:57:18| Dealer sold: Fiat M1, 2018
17:57:18| Factory created: Toyota A2, 1996
17:57:18| Dealer sold: Buick Tall, 2021
17:57:18| Dealer sold: Volvo Flat, 1999
17:57:18| Dealer sold: Dodge Charger, 2005
17:57:18| Factory created: Volkswagen SE, 2021
17:57:18| Dealer sold: Toyota A2, 1996
17:57:18| Factory created: Infiniti Flat, 2022
17:57:18| Dealer sold: Volkswagen SE, 2021
17:57:18| Factory created: Subaru A2, 2000
17:57:18| Dealer sold: Infiniti Flat, 2022
17:57:18| Factory created: Lexus A1, 2006
17:57:18| Factory created: Ford Round, 2012
17:57:18| Dealer sold: Subaru A2, 2000
17:57:18| Dealer sold: Lexus A1, 2006
17:57:18| Factory created: Acura Tall, 2017
17:57:18| Dealer sold: Ford Round, 2012
17:57:18| Factory created: Volkswagen M1X, 2005
17:57:18| Dealer sold: Acura Tall, 2017
17:57:18| Factory created: Mazda Viper, 1992
17:57:18| Dealer sold: Volkswagen M1X, 2005
17:57:18| Factory created: Chrysler Sport, 1994
17:57:18| Dealer sold: Mazda Viper, 1992
17:57:18| Factory created: Hyundai F150, 1997
17:57:18| Dealer sold: Chrysler Sport, 1994
17:57:18| Factory created: Volvo A1, 2019
17:57:18| Dealer sold: Hyundai F150, 1997
17:57:18| Dealer sold: Volvo A1, 2019
17:57:18| All 500 have been created and sold = 5.45932183
